Namespace(model='ML1MUserResponse', reader='ML1MDataReader')
Namespace(seed=19, batch_size=128, lr=0.001, epoch=2, model_path='output/ml1m/env/ml1m_user_env_lr0.001_reg0.0001.model', loss='bce', l2_coef=0.0001, feature_dim=16, attn_n_head=2, hidden_dims=[256], dropout_rate=0.2, train_file='dataset/ml1m/ml1m_b_train.csv', val_file='dataset/ml1m/ml1m_b_test.csv', test_file='', n_worker=0, data_separator='@', user_meta_file='dataset/ml1m/user_info.npy', item_meta_file='dataset/ml1m/item_info.npy', max_seq_len=50, meta_data_separator=' ')
init ml1m reader
Loading data filesLoad item meta data
{'length': 5078, 'n_item': 1682, 'item_vec_size': 19, 'user_portrait_len': 24, 'max_seq_len': 50}
{'length': 5078, 'n_item': 1682, 'item_vec_size': 19, 'user_portrait_len': 24, 'max_seq_len': 50}
epoch 1 training
self.sigmoid(preds):  tensor([0.4950, 0.4985, 0.4985,  ..., 0.5107, 0.5021, 0.5073],
       grad_fn=<SigmoidBackward0>)
target:  tensor([1., 1., 1.,  ..., 0., 1., 1.])
loss:  tensor(0.6731, grad_fn=<MeanBackward0>) l2:  tensor(0.3466, grad_fn=<AddBackward0>) l2*coef tensor(3.4657e-05, grad_fn=<MulBackward0>)
self.sigmoid(preds):  tensor([0.4991, 0.5090, 0.4953,  ..., 0.5288, 0.5114, 0.4855],
       grad_fn=<SigmoidBackward0>)
target:  tensor([1., 1., 1.,  ..., 0., 0., 1.])
loss:  tensor(0.6988, grad_fn=<MeanBackward0>) l2:  tensor(0.3462, grad_fn=<AddBackward0>) l2*coef tensor(3.4618e-05, grad_fn=<MulBackward0>)
self.sigmoid(preds):  tensor([0.4982, 0.4931, 0.4821,  ..., 0.4936, 0.4779, 0.5050],
       grad_fn=<SigmoidBackward0>)
target:  tensor([0., 0., 0.,  ..., 1., 1., 0.])
loss:  tensor(0.7194, grad_fn=<MeanBackward0>) l2:  tensor(0.3458, grad_fn=<AddBackward0>) l2*coef tensor(3.4579e-05, grad_fn=<MulBackward0>)
self.sigmoid(preds):  tensor([0.5158, 0.5102, 0.4922,  ..., 0.4666, 0.4882, 0.4729],
       grad_fn=<SigmoidBackward0>)
target:  tensor([1., 1., 1.,  ..., 1., 1., 1.])
loss:  tensor(0.6935, grad_fn=<MeanBackward0>) l2:  tensor(0.3455, grad_fn=<AddBackward0>) l2*coef tensor(3.4547e-05, grad_fn=<MulBackward0>)
self.sigmoid(preds):  tensor([0.4952, 0.4879, 0.4575,  ..., 0.4593, 0.4909, 0.4646],
       grad_fn=<SigmoidBackward0>)
target:  tensor([1., 1., 1.,  ..., 0., 1., 0.])
loss:  tensor(0.6820, grad_fn=<MeanBackward0>) l2:  tensor(0.3452, grad_fn=<AddBackward0>) l2*coef tensor(3.4520e-05, grad_fn=<MulBackward0>)
self.sigmoid(preds):  tensor([0.4910, 0.4769, 0.4804,  ..., 0.4810, 0.4861, 0.4776],
       grad_fn=<SigmoidBackward0>)
target:  tensor([1., 1., 0.,  ..., 1., 0., 0.])
loss:  tensor(0.6789, grad_fn=<MeanBackward0>) l2:  tensor(0.3449, grad_fn=<AddBackward0>) l2*coef tensor(3.4494e-05, grad_fn=<MulBackward0>)
self.sigmoid(preds):  tensor([0.5035, 0.5083, 0.4878,  ..., 0.4930, 0.4752, 0.4875],
       grad_fn=<SigmoidBackward0>)
target:  tensor([0., 1., 1.,  ..., 1., 1., 0.])
loss:  tensor(0.7061, grad_fn=<MeanBackward0>) l2:  tensor(0.3447, grad_fn=<AddBackward0>) l2*coef tensor(3.4471e-05, grad_fn=<MulBackward0>)
self.sigmoid(preds):  tensor([0.4677, 0.4715, 0.4752,  ..., 0.4526, 0.4855, 0.4855],
       grad_fn=<SigmoidBackward0>)
target:  tensor([1., 0., 0.,  ..., 0., 1., 1.])
loss:  tensor(0.6709, grad_fn=<MeanBackward0>) l2:  tensor(0.3445, grad_fn=<AddBackward0>) l2*coef tensor(3.4453e-05, grad_fn=<MulBackward0>)
self.sigmoid(preds):  tensor([0.4628, 0.4606, 0.4628,  ..., 0.4670, 0.4629, 0.4612],
       grad_fn=<SigmoidBackward0>)
target:  tensor([1., 1., 1.,  ..., 0., 1., 1.])
loss:  tensor(0.6908, grad_fn=<MeanBackward0>) l2:  tensor(0.3443, grad_fn=<AddBackward0>) l2*coef tensor(3.4435e-05, grad_fn=<MulBackward0>)
self.sigmoid(preds):  tensor([0.4872, 0.4520, 0.4520,  ..., 0.4367, 0.4604, 0.4312],
       grad_fn=<SigmoidBackward0>)
target:  tensor([1., 0., 0.,  ..., 0., 0., 0.])
loss:  tensor(0.6884, grad_fn=<MeanBackward0>) l2:  tensor(0.3442, grad_fn=<AddBackward0>) l2*coef tensor(3.4420e-05, grad_fn=<MulBackward0>)
Iteration 10, loss: 0.6902171850204468
self.sigmoid(preds):  tensor([0.4182, 0.4568, 0.4192,  ..., 0.4651, 0.4241, 0.4738],
       grad_fn=<SigmoidBackward0>)
target:  tensor([0., 0., 0.,  ..., 0., 0., 1.])
loss:  tensor(0.6757, grad_fn=<MeanBackward0>) l2:  tensor(0.3441, grad_fn=<AddBackward0>) l2*coef tensor(3.4408e-05, grad_fn=<MulBackward0>)
self.sigmoid(preds):  tensor([0.4503, 0.4491, 0.4436,  ..., 0.4103, 0.4406, 0.4248],
       grad_fn=<SigmoidBackward0>)
target:  tensor([1., 1., 0.,  ..., 1., 0., 1.])
loss:  tensor(0.6920, grad_fn=<MeanBackward0>) l2:  tensor(0.3440, grad_fn=<AddBackward0>) l2*coef tensor(3.4398e-05, grad_fn=<MulBackward0>)
self.sigmoid(preds):  tensor([0.4681, 0.4794, 0.4672,  ..., 0.4419, 0.4453, 0.4404],
       grad_fn=<SigmoidBackward0>)
target:  tensor([1., 1., 1.,  ..., 1., 0., 1.])
loss:  tensor(0.6826, grad_fn=<MeanBackward0>) l2:  tensor(0.3439, grad_fn=<AddBackward0>) l2*coef tensor(3.4391e-05, grad_fn=<MulBackward0>)
self.sigmoid(preds):  tensor([0.4761, 0.4117, 0.4464,  ..., 0.4216, 0.3893, 0.4551],
       grad_fn=<SigmoidBackward0>)
target:  tensor([1., 0., 1.,  ..., 0., 1., 1.])
loss:  tensor(0.6875, grad_fn=<MeanBackward0>) l2:  tensor(0.3439, grad_fn=<AddBackward0>) l2*coef tensor(3.4387e-05, grad_fn=<MulBackward0>)
self.sigmoid(preds):  tensor([0.4282, 0.4449, 0.4644,  ..., 0.3963, 0.4268, 0.4294],
       grad_fn=<SigmoidBackward0>)
target:  tensor([0., 1., 1.,  ..., 1., 1., 1.])
loss:  tensor(0.7019, grad_fn=<MeanBackward0>) l2:  tensor(0.3438, grad_fn=<AddBackward0>) l2*coef tensor(3.4384e-05, grad_fn=<MulBackward0>)
self.sigmoid(preds):  tensor([0.4104, 0.4279, 0.4719,  ..., 0.4591, 0.3948, 0.3467],
       grad_fn=<SigmoidBackward0>)
target:  tensor([1., 1., 1.,  ..., 0., 1., 1.])
loss:  tensor(0.6647, grad_fn=<MeanBackward0>) l2:  tensor(0.3439, grad_fn=<AddBackward0>) l2*coef tensor(3.4388e-05, grad_fn=<MulBackward0>)
self.sigmoid(preds):  tensor([0.3794, 0.4071, 0.3881,  ..., 0.4320, 0.3930, 0.4331],
       grad_fn=<SigmoidBackward0>)
target:  tensor([1., 1., 0.,  ..., 1., 1., 1.])
loss:  tensor(0.6833, grad_fn=<MeanBackward0>) l2:  tensor(0.3439, grad_fn=<AddBackward0>) l2*coef tensor(3.4387e-05, grad_fn=<MulBackward0>)
self.sigmoid(preds):  tensor([0.4297, 0.4728, 0.4032,  ..., 0.4358, 0.3929, 0.4134],
       grad_fn=<SigmoidBackward0>)
target:  tensor([1., 1., 1.,  ..., 0., 0., 0.])
loss:  tensor(0.6835, grad_fn=<MeanBackward0>) l2:  tensor(0.3439, grad_fn=<AddBackward0>) l2*coef tensor(3.4387e-05, grad_fn=<MulBackward0>)
self.sigmoid(preds):  tensor([0.3892, 0.4673, 0.4010,  ..., 0.4202, 0.4202, 0.3896],
       grad_fn=<SigmoidBackward0>)
target:  tensor([1., 1., 1.,  ..., 0., 1., 1.])
loss:  tensor(0.6907, grad_fn=<MeanBackward0>) l2:  tensor(0.3439, grad_fn=<AddBackward0>) l2*coef tensor(3.4391e-05, grad_fn=<MulBackward0>)
self.sigmoid(preds):  tensor([0.4579, 0.3412, 0.4295,  ..., 0.4177, 0.3816, 0.4023],
       grad_fn=<SigmoidBackward0>)
target:  tensor([1., 1., 1.,  ..., 0., 1., 1.])
loss:  tensor(0.6776, grad_fn=<MeanBackward0>) l2:  tensor(0.3440, grad_fn=<AddBackward0>) l2*coef tensor(3.4398e-05, grad_fn=<MulBackward0>)
Iteration 20, loss: 0.6871070384979248
self.sigmoid(preds):  tensor([0.4061, 0.3855, 0.4061,  ..., 0.3687, 0.3522, 0.3677],
       grad_fn=<SigmoidBackward0>)
target:  tensor([1., 0., 1.,  ..., 1., 0., 1.])
loss:  tensor(0.6883, grad_fn=<MeanBackward0>) l2:  tensor(0.3441, grad_fn=<AddBackward0>) l2*coef tensor(3.4408e-05, grad_fn=<MulBackward0>)
self.sigmoid(preds):  tensor([0.4006, 0.3453, 0.4151,  ..., 0.3555, 0.4042, 0.4529],
       grad_fn=<SigmoidBackward0>)
target:  tensor([0., 0., 0.,  ..., 1., 0., 1.])
loss:  tensor(0.6812, grad_fn=<MeanBackward0>) l2:  tensor(0.3442, grad_fn=<AddBackward0>) l2*coef tensor(3.4421e-05, grad_fn=<MulBackward0>)
self.sigmoid(preds):  tensor([0.4023, 0.3753, 0.3753,  ..., 0.3429, 0.2913, 0.3896],
       grad_fn=<SigmoidBackward0>)
target:  tensor([1., 1., 1.,  ..., 1., 0., 1.])
loss:  tensor(0.6719, grad_fn=<MeanBackward0>) l2:  tensor(0.3444, grad_fn=<AddBackward0>) l2*coef tensor(3.4436e-05, grad_fn=<MulBackward0>)
self.sigmoid(preds):  tensor([0.3940, 0.3940, 0.3360,  ..., 0.3721, 0.3767, 0.3767],
       grad_fn=<SigmoidBackward0>)
target:  tensor([1., 1., 0.,  ..., 1., 1., 1.])
loss:  tensor(0.6795, grad_fn=<MeanBackward0>) l2:  tensor(0.3445, grad_fn=<AddBackward0>) l2*coef tensor(3.4448e-05, grad_fn=<MulBackward0>)
self.sigmoid(preds):  tensor([0.3407, 0.3059, 0.3650,  ..., 0.3714, 0.3130, 0.3506],
       grad_fn=<SigmoidBackward0>)
target:  tensor([0., 0., 0.,  ..., 1., 1., 1.])
loss:  tensor(0.6825, grad_fn=<MeanBackward0>) l2:  tensor(0.3446, grad_fn=<AddBackward0>) l2*coef tensor(3.4464e-05, grad_fn=<MulBackward0>)
self.sigmoid(preds):  tensor([0.3251, 0.3860, 0.3860,  ..., 0.5116, 0.3044, 0.3044],
       grad_fn=<SigmoidBackward0>)
target:  tensor([1., 1., 1.,  ..., 0., 1., 0.])
loss:  tensor(0.6867, grad_fn=<MeanBackward0>) l2:  tensor(0.3448, grad_fn=<AddBackward0>) l2*coef tensor(3.4483e-05, grad_fn=<MulBackward0>)
self.sigmoid(preds):  tensor([0.3672, 0.1857, 0.2808,  ..., 0.3650, 0.2695, 0.4450],
       grad_fn=<SigmoidBackward0>)
target:  tensor([1., 1., 1.,  ..., 1., 0., 1.])
loss:  tensor(0.6699, grad_fn=<MeanBackward0>) l2:  tensor(0.3450, grad_fn=<AddBackward0>) l2*coef tensor(3.4505e-05, grad_fn=<MulBackward0>)
self.sigmoid(preds):  tensor([0.2987, 0.3023, 0.2630,  ..., 0.4874, 0.3687, 0.2906],
       grad_fn=<SigmoidBackward0>)
target:  tensor([0., 0., 0.,  ..., 0., 1., 1.])
loss:  tensor(0.6852, grad_fn=<MeanBackward0>) l2:  tensor(0.3452, grad_fn=<AddBackward0>) l2*coef tensor(3.4518e-05, grad_fn=<MulBackward0>)
self.sigmoid(preds):  tensor([0.4173, 0.2652, 0.4129,  ..., 0.3572, 0.3581, 0.2491],
       grad_fn=<SigmoidBackward0>)
target:  tensor([1., 0., 1.,  ..., 1., 0., 0.])
loss:  tensor(0.6759, grad_fn=<MeanBackward0>) l2:  tensor(0.3454, grad_fn=<AddBackward0>) l2*coef tensor(3.4536e-05, grad_fn=<MulBackward0>)
self.sigmoid(preds):  tensor([0.1991, 0.2220, 0.2066,  ..., 0.2671, 0.3732, 0.1589],
       grad_fn=<SigmoidBackward0>)
target:  tensor([0., 0., 0.,  ..., 0., 0., 1.])
loss:  tensor(0.6648, grad_fn=<MeanBackward0>) l2:  tensor(0.3455, grad_fn=<AddBackward0>) l2*coef tensor(3.4554e-05, grad_fn=<MulBackward0>)
Iteration 30, loss: 0.6842754582564036
self.sigmoid(preds):  tensor([0.2031, 0.3091, 0.4569,  ..., 0.2434, 0.2225, 0.3661],
       grad_fn=<SigmoidBackward0>)
target:  tensor([1., 1., 1.,  ..., 1., 1., 1.])
loss:  tensor(0.6711, grad_fn=<MeanBackward0>) l2:  tensor(0.3456, grad_fn=<AddBackward0>) l2*coef tensor(3.4560e-05, grad_fn=<MulBackward0>)
self.sigmoid(preds):  tensor([0.3656, 0.1916, 0.2738,  ..., 0.3381, 0.3069, 0.2972],
       grad_fn=<SigmoidBackward0>)
target:  tensor([0., 0., 0.,  ..., 1., 1., 1.])
loss:  tensor(0.6784, grad_fn=<MeanBackward0>) l2:  tensor(0.3456, grad_fn=<AddBackward0>) l2*coef tensor(3.4564e-05, grad_fn=<MulBackward0>)
self.sigmoid(preds):  tensor([0.3576, 0.3609, 0.3811,  ..., 0.3790, 0.2318, 0.3734],
       grad_fn=<SigmoidBackward0>)
target:  tensor([1., 0., 0.,  ..., 1., 0., 0.])
loss:  tensor(0.6831, grad_fn=<MeanBackward0>) l2:  tensor(0.3457, grad_fn=<AddBackward0>) l2*coef tensor(3.4567e-05, grad_fn=<MulBackward0>)
self.sigmoid(preds):  tensor([0.3852, 0.2107, 0.3933,  ..., 0.1989, 0.2189, 0.1963],
       grad_fn=<SigmoidBackward0>)
target:  tensor([0., 0., 1.,  ..., 0., 0., 1.])
loss:  tensor(0.6789, grad_fn=<MeanBackward0>) l2:  tensor(0.3457, grad_fn=<AddBackward0>) l2*coef tensor(3.4575e-05, grad_fn=<MulBackward0>)
self.sigmoid(preds):  tensor([0.4711, 0.2075, 0.3648,  ..., 0.1903, 0.4551, 0.3756],
       grad_fn=<SigmoidBackward0>)
target:  tensor([1., 0., 1.,  ..., 0., 1., 1.])
loss:  tensor(0.6790, grad_fn=<MeanBackward0>) l2:  tensor(0.3459, grad_fn=<AddBackward0>) l2*coef tensor(3.4588e-05, grad_fn=<MulBackward0>)
self.sigmoid(preds):  tensor([0.3684, 0.4880, 0.5835,  ..., 0.6058, 0.3763, 0.1217],
       grad_fn=<SigmoidBackward0>)
target:  tensor([1., 1., 1.,  ..., 1., 1., 1.])
loss:  tensor(0.6752, grad_fn=<MeanBackward0>) l2:  tensor(0.3460, grad_fn=<AddBackward0>) l2*coef tensor(3.4603e-05, grad_fn=<MulBackward0>)
self.sigmoid(preds):  tensor([0.3007, 0.3741, 0.2108,  ..., 0.3989, 0.4813, 0.3012],
       grad_fn=<SigmoidBackward0>)
target:  tensor([1., 0., 0.,  ..., 1., 1., 0.])
loss:  tensor(0.6708, grad_fn=<MeanBackward0>) l2:  tensor(0.3461, grad_fn=<AddBackward0>) l2*coef tensor(3.4614e-05, grad_fn=<MulBackward0>)
self.sigmoid(preds):  tensor([0.1769, 0.3914, 0.2884,  ..., 0.2145, 0.2764, 0.3098],
       grad_fn=<SigmoidBackward0>)
target:  tensor([0., 1., 0.,  ..., 1., 0., 0.])
loss:  tensor(0.6579, grad_fn=<MeanBackward0>) l2:  tensor(0.3462, grad_fn=<AddBackward0>) l2*coef tensor(3.4622e-05, grad_fn=<MulBackward0>)
self.sigmoid(preds):  tensor([0.2150, 0.3876, 0.2867,  ..., 0.1783, 0.2683, 0.1569],
       grad_fn=<SigmoidBackward0>)
target:  tensor([1., 1., 1.,  ..., 1., 0., 0.])
loss:  tensor(0.6803, grad_fn=<MeanBackward0>) l2:  tensor(0.3462, grad_fn=<AddBackward0>) l2*coef tensor(3.4615e-05, grad_fn=<MulBackward0>)
self.sigmoid(preds):  tensor([0.1140, 0.1723, 0.3711, 0.1654, 0.1723, 0.1603, 0.1474, 0.3711, 0.1474,
        0.3711, 0.1721, 0.2597, 0.3517, 0.2532, 0.1757, 0.3787, 0.2521, 0.5300,
        0.1491, 0.1582, 0.2605, 0.3044, 0.1604, 0.0899, 0.0857, 0.1605, 0.1871,
        0.1693, 0.1605, 0.1605, 0.6639, 0.3856, 0.2908, 0.0832, 0.3856, 0.5225,
        0.5396, 0.5498, 0.3856, 0.1586, 0.1652, 0.0925, 0.3882, 0.1943, 0.2045,
        0.4343, 0.1932, 0.1589, 0.3882, 0.4343, 0.2150, 0.4504, 0.1048, 0.3834,
        0.3844, 0.1978, 0.4281, 0.1532, 0.1791, 0.2539, 0.3822, 0.4247, 0.3834,
        0.1983, 0.3834, 0.3598, 0.2828, 0.1627, 0.5114, 0.4932, 0.2699, 0.2699,
        0.4116, 0.2699, 0.3034, 0.1841, 0.2506, 0.2699, 0.2699, 0.2699, 0.1942,
        0.1692, 0.0949, 0.1726, 0.3140, 0.2678, 0.3884, 0.5200, 0.3884, 0.2903,
        0.3846, 0.2623, 0.4321, 0.2623, 0.1629, 0.2927, 0.3726, 0.4195, 0.4721,
        0.1629, 0.1620, 0.1830, 0.1566, 0.1072, 0.1830, 0.1830, 0.3810, 0.4261,
        0.1566, 0.1050, 0.5328, 0.6955, 0.6553, 0.0683, 0.3765, 0.3507, 0.2251,
        0.1366, 0.5328, 0.2044, 0.1629, 0.1370, 0.0663, 0.0736, 0.2387, 0.3738,
        0.0479, 0.2423, 0.3625, 0.1787, 0.6947, 0.1580, 0.3906, 0.3156, 0.1652,
        0.1580, 0.3906, 0.4047, 0.4104, 0.1580, 0.2078, 0.1682, 0.4001, 0.1682,
        0.0943, 0.3895, 0.3550, 0.1626, 0.1890, 0.1452, 0.1613, 0.5236, 0.4086,
        0.1534, 0.3871, 0.6852, 0.1613, 0.3844, 0.5467, 0.3844, 0.2410, 0.1549,
        0.1835, 0.3192, 0.1835, 0.1660, 0.2814, 0.1033, 0.1588, 0.3852, 0.1444,
        0.4317, 0.0761, 0.4317, 0.3811, 0.2281, 0.1814, 0.4108, 0.2004, 0.1814,
        0.4524, 0.4868, 0.4524, 0.6371, 0.1701, 0.2721, 0.5180, 0.2721, 0.2721,
        0.2721, 0.1722, 0.1639, 0.1639, 0.1639, 0.4094, 0.2668, 0.4094, 0.3684,
        0.1639, 0.1639, 0.4416, 0.1731, 0.1783, 0.3060, 0.3629, 0.5054, 0.2132,
        0.1731, 0.2788, 0.4222, 0.2516, 0.1677, 0.2063, 0.2240, 0.4184, 0.1410,
        0.2516, 0.1750, 0.2516, 0.2172, 0.3952, 0.2141, 0.5555, 0.2019, 0.1937,
        0.3891, 0.1610, 0.6983, 0.5232, 0.3891, 0.3508, 0.5237, 0.3945, 0.3239,
        0.5269, 0.5237, 0.2013, 0.5195, 0.5654, 0.4360, 0.2802, 0.3775, 0.4434,
        0.1665, 0.2558, 0.4058, 0.1506, 0.2558, 0.2560, 0.2558, 0.1458, 0.1458,
        0.4195, 0.3808, 0.3765, 0.1458, 0.1545, 0.6456, 0.1828, 0.0977, 0.4114,
        0.3035, 0.4351, 0.5204, 0.2427, 0.4188, 0.5204, 0.2464, 0.4351, 0.6569,
        0.6589, 0.3825, 0.1887, 0.5253, 0.2921, 0.1791, 0.1521, 0.1902, 0.2350,
        0.3490, 0.3426, 0.2588, 0.4014, 0.5587, 0.1851, 0.2906, 0.6666, 0.3771,
        0.4218, 0.6666, 0.1610, 0.3781, 0.2717, 0.3781, 0.2687, 0.3781, 0.3781,
        0.1631, 0.3781, 0.1610, 0.1337, 0.7080, 0.4136, 0.6625, 0.1337, 0.3631,
        0.1301, 0.4132, 0.3631, 0.3847, 0.1447, 0.1728, 0.2244, 0.2244, 0.2244,
        0.2244, 0.2244, 0.2244, 0.2244, 0.2244, 0.1825, 0.1545, 0.2339, 0.2585,
        0.2013, 0.4182, 0.3382, 0.2737, 0.1494, 0.1825, 0.1645, 0.3530, 0.2269,
        0.4024, 0.3245, 0.1298, 0.1645, 0.1272, 0.1272, 0.1272, 0.1568, 0.3824,
        0.1568, 0.3421, 0.3824, 0.0986, 0.2416, 0.3955, 0.2500, 0.1959, 0.2794,
        0.5723, 0.3995, 0.3992, 0.5261, 0.1749, 0.5247, 0.2592, 0.5231, 0.4585,
        0.5271, 0.6474, 0.1439, 0.2095, 0.5181, 0.3769, 0.4245, 0.3769, 0.3842,
        0.6474, 0.3091, 0.2229, 0.5161, 0.4541, 0.2225, 0.3468, 0.0752, 0.3946,
        0.4227, 0.2229, 0.2499, 0.4964, 0.2499, 0.2499, 0.5410, 0.2499, 0.2499,
        0.2499, 0.2499, 0.2499, 0.0565, 0.7203, 0.3644, 0.3644, 0.5644, 0.2642,
        0.1552, 0.3644, 0.2101, 0.2219, 0.4368, 0.5108, 0.4139, 0.3695, 0.0884,
        0.1825, 0.4139, 0.4139, 0.1464, 0.5176, 0.2578, 0.2443, 0.3639, 0.4670,
        0.1396, 0.3639, 0.3639, 0.2443, 0.1396, 0.1396, 0.3150, 0.3856, 0.1652,
        0.1946, 0.3551, 0.1679, 0.3856, 0.3703, 0.6767, 0.3856, 0.1715, 0.2787,
        0.4027, 0.1688, 0.2194, 0.0916, 0.3892, 0.2069, 0.1980, 0.2658, 0.1258,
        0.5805, 0.5465, 0.3754, 0.3754, 0.1549, 0.5161, 0.4717, 0.3951, 0.3816,
        0.1320, 0.5330, 0.1521, 0.4151, 0.3681, 0.4151, 0.3681, 0.2452, 0.2471,
        0.1320, 0.3896, 0.1935, 0.5212, 0.4356, 0.3896, 0.1599, 0.1599, 0.4122,
        0.0532, 0.1864, 0.5035, 0.2430, 0.4358, 0.1333, 0.1333, 0.1643, 0.4356,
        0.4090, 0.3649, 0.4926, 0.2495, 0.1205, 0.0367, 0.2495, 0.0582, 0.1240,
        0.0582, 0.1431, 0.0634, 0.0582, 0.2249, 0.2249, 0.2316, 0.1834, 0.1414,
        0.0666, 0.1815, 0.1414, 0.2506, 0.1414, 0.3780, 0.3780, 0.1458, 0.3874,
        0.3874, 0.3450, 0.4242, 0.3780, 0.1517, 0.4465, 0.2395, 0.0528, 0.1934,
        0.5269, 0.5256, 0.3824, 0.4125, 0.1992, 0.4275, 0.4447, 0.0786, 0.2493,
        0.3718, 0.2451, 0.5158, 0.0710, 0.3670, 0.2347, 0.3718, 0.5210, 0.2712,
        0.1972, 0.0824, 0.3526, 0.5214, 0.2700, 0.3828, 0.4468, 0.2465, 0.1569,
        0.3893, 0.4332, 0.1919, 0.6835, 0.4016, 0.1809, 0.0636, 0.5456, 0.0593,
        0.1771, 0.0491, 0.4264, 0.2682, 0.3824, 0.3824, 0.1788, 0.1684, 0.1015,
        0.2674, 0.1525, 0.5170, 0.2599, 0.1003, 0.1714, 0.3894, 0.3894, 0.5198,
        0.3894, 0.2070, 0.3430, 0.2579, 0.2407, 0.5246, 0.3584, 0.3772, 0.5656,
        0.7120, 0.2407, 0.2407, 0.3772, 0.3764, 0.3764, 0.5113, 0.3764, 0.4151,
        0.3764, 0.2931, 0.0903, 0.1591, 0.0905, 0.2972, 0.2869, 0.1699, 0.3140,
        0.2533, 0.1699, 0.2073, 0.1699, 0.3364, 0.1699, 0.3721, 0.3896, 0.3896,
        0.3896, 0.3473, 0.1978, 0.2687, 0.2760, 0.2687, 0.1520, 0.0454, 0.2598,
        0.3760, 0.4219, 0.5221, 0.3760, 0.1455, 0.2432, 0.2333, 0.2288, 0.1573,
        0.4024, 0.1938, 0.1523, 0.2527, 0.1573, 0.1794, 0.3845, 0.3845, 0.0819,
        0.4501, 0.5530, 0.2430, 0.1386, 0.1457, 0.5333, 0.1735, 0.2539, 0.2387,
        0.5333, 0.7119, 0.2601, 0.1446, 0.4123, 0.0775, 0.3865, 0.3897, 0.4328,
        0.5581, 0.3865, 0.3991, 0.1474, 0.1198, 0.4060, 0.2307, 0.2165, 0.4299,
        0.3991, 0.6578, 0.2481, 0.6744, 0.3879, 0.6335, 0.2624, 0.3879, 0.5698,
        0.3846, 0.3846, 0.3846, 0.2824, 0.3843, 0.4233, 0.3787, 0.4233, 0.1657,
        0.1547, 0.1513, 0.3843, 0.6501, 0.3843, 0.3723, 0.4111, 0.4201, 0.3759,
        0.4201, 0.1686, 0.0421, 0.2313, 0.1405, 0.0892, 0.2768, 0.2900, 0.3938,
        0.4023, 0.3938, 0.2768, 0.3088, 0.2731, 0.3938, 0.3938, 0.6977, 0.4122,
        0.0410, 0.5069, 0.3645, 0.5185, 0.6537, 0.3952, 0.3645, 0.3634, 0.1655,
        0.3927, 0.1923, 0.1702, 0.1648, 0.5315, 0.1915, 0.4371, 0.1655, 0.3961,
        0.3938, 0.1549, 0.1549, 0.5347, 0.5347, 0.1564, 0.4344, 0.1919, 0.1549,
        0.1549, 0.1588, 0.2532, 0.4121, 0.4210, 0.3783, 0.4026, 0.2009, 0.1598,
        0.1990, 0.1252, 0.5202, 0.2997, 0.1669, 0.1660, 0.0542, 0.3598, 0.6414,
        0.5109, 0.2433, 0.1330, 0.1727, 0.1727, 0.1727, 0.1727, 0.1727, 0.1727,
        0.0956, 0.3962, 0.1727, 0.1727, 0.5801, 0.4364, 0.1594, 0.2520, 0.1575,
        0.5232, 0.2845, 0.3857, 0.1957, 0.2775, 0.4471, 0.1930, 0.5206, 0.5212,
        0.3840, 0.2417, 0.3793, 0.3600, 0.1973, 0.6487, 0.1438, 0.1287, 0.1849,
        0.1447, 0.5918, 0.3722, 0.6628, 0.2287, 0.1438, 0.1693, 0.3949, 0.3271,
        0.4403, 0.2874, 0.3271, 0.2127, 0.3949, 0.4403, 0.3949, 0.3608, 0.3737,
        0.5318, 0.4194, 0.1572, 0.1498, 0.3737, 0.5318, 0.3737, 0.4747, 0.3953,
        0.1540, 0.3763, 0.1540, 0.4206, 0.2643, 0.1540, 0.1796, 0.3763, 0.3763,
        0.1988, 0.2134, 0.3156, 0.2415, 0.2598, 0.2598, 0.1667, 0.2514, 0.3028,
        0.4415, 0.3973, 0.3713, 0.1862, 0.3713, 0.3713, 0.4170, 0.4170, 0.3713,
        0.6560, 0.3713, 0.4170, 0.5199, 0.1552, 0.4351, 0.3881, 0.6500, 0.4351,
        0.6500, 0.6500, 0.1624, 0.2511, 0.4549, 0.1733, 0.3965, 0.3965, 0.2912,
        0.6445, 0.3320, 0.1752, 0.1748, 0.1733], grad_fn=<SigmoidBackward0>)
target:  tensor([0., 1., 1., 1., 1., 1., 0., 1., 1., 0., 0., 1., 1., 1., 0., 1., 0., 0.,
        0., 0., 0., 1., 0., 0., 0., 1., 1., 1., 1., 0., 1., 0., 1., 0., 1., 0.,
        1., 1., 1., 0., 0., 0., 0., 0., 1., 1., 0., 0., 0., 0., 0., 0., 0., 1.,
        0., 1., 0., 1., 1., 1., 0., 1., 1., 1., 1., 1., 1., 1., 1., 1., 1., 1.,
        1., 0., 0., 1., 1., 1., 0., 1., 0., 1., 0., 0., 1., 1., 1., 1., 1., 1.,
        0., 1., 0., 0., 1., 0., 1., 1., 1., 1., 1., 1., 1., 1., 0., 1., 0., 1.,
        1., 1., 1., 1., 0., 1., 1., 1., 1., 1., 1., 0., 0., 0., 0., 0., 0., 0.,
        0., 0., 0., 0., 0., 0., 1., 1., 1., 1., 0., 0., 0., 0., 1., 1., 1., 1.,
        0., 1., 1., 0., 0., 0., 1., 0., 0., 1., 0., 1., 1., 1., 1., 1., 1., 0.,
        1., 1., 1., 1., 0., 1., 1., 0., 1., 0., 0., 1., 0., 0., 1., 1., 0., 1.,
        1., 1., 1., 1., 0., 1., 0., 1., 0., 0., 1., 0., 1., 0., 1., 1., 1., 0.,
        1., 1., 0., 1., 1., 0., 1., 1., 1., 1., 0., 1., 1., 0., 0., 0., 1., 0.,
        1., 0., 0., 1., 1., 1., 1., 1., 1., 1., 1., 1., 0., 1., 0., 1., 1., 1.,
        1., 1., 0., 1., 0., 1., 1., 1., 1., 1., 0., 0., 0., 0., 1., 0., 1., 1.,
        0., 1., 1., 1., 1., 1., 0., 1., 1., 0., 0., 0., 0., 0., 0., 1., 1., 0.,
        1., 1., 1., 1., 0., 1., 1., 1., 0., 1., 1., 1., 1., 1., 1., 1., 1., 0.,
        0., 1., 0., 0., 0., 0., 0., 0., 0., 0., 0., 0., 1., 1., 0., 1., 1., 1.,
        1., 1., 1., 1., 0., 1., 1., 1., 1., 0., 1., 1., 0., 0., 1., 0., 1., 1.,
        0., 1., 1., 0., 1., 1., 0., 1., 1., 0., 0., 1., 1., 0., 0., 0., 1., 1.,
        0., 1., 1., 1., 0., 1., 0., 1., 1., 0., 1., 1., 1., 0., 1., 0., 1., 0.,
        0., 1., 0., 0., 1., 0., 1., 1., 1., 1., 0., 1., 0., 1., 0., 0., 1., 0.,
        0., 1., 1., 0., 1., 0., 1., 1., 1., 1., 0., 0., 0., 0., 0., 1., 0., 0.,
        0., 1., 0., 1., 1., 1., 1., 1., 0., 1., 1., 1., 0., 1., 0., 0., 0., 0.,
        0., 0., 0., 0., 0., 0., 1., 1., 0., 0., 0., 0., 1., 1., 0., 0., 0., 0.,
        0., 0., 0., 0., 0., 0., 1., 1., 0., 0., 0., 1., 1., 0., 1., 1., 1., 0.,
        1., 1., 0., 1., 1., 1., 1., 1., 0., 1., 1., 0., 1., 1., 1., 0., 1., 1.,
        1., 0., 1., 1., 1., 0., 0., 1., 1., 1., 0., 1., 1., 1., 1., 1., 0., 1.,
        1., 1., 1., 1., 0., 1., 0., 1., 0., 1., 0., 1., 0., 1., 0., 1., 0., 0.,
        0., 0., 1., 1., 1., 0., 1., 0., 1., 1., 0., 0., 0., 1., 1., 0., 0., 0.,
        0., 0., 0., 0., 0., 0., 1., 1., 0., 0., 0., 1., 1., 0., 1., 1., 0., 1.,
        1., 1., 1., 1., 1., 1., 1., 1., 1., 1., 1., 1., 1., 0., 0., 0., 0., 0.,
        0., 0., 1., 1., 1., 1., 0., 1., 0., 1., 0., 0., 1., 1., 1., 1., 1., 1.,
        1., 1., 0., 0., 0., 1., 1., 0., 0., 1., 0., 0., 1., 0., 1., 0., 0., 1.,
        0., 1., 0., 1., 0., 1., 1., 0., 1., 1., 1., 1., 1., 0., 1., 0., 0., 0.,
        1., 1., 0., 1., 1., 1., 1., 1., 0., 0., 0., 0., 0., 1., 1., 0., 0., 0.,
        1., 0., 0., 1., 0., 0., 0., 1., 0., 1., 1., 0., 1., 0., 0., 1., 1., 1.,
        1., 1., 0., 0., 0., 1., 1., 0., 0., 1., 1., 1., 1., 1., 1., 1., 1., 0.,
        1., 0., 1., 1., 0., 1., 1., 0., 0., 1., 0., 1., 1., 1., 1., 1., 1., 1.,
        1., 1., 1., 1., 1., 0., 1., 1., 1., 1., 1., 1., 1., 1., 1., 0., 1., 1.,
        1., 0., 1., 1., 1., 1., 1., 1., 0., 1., 0., 1., 0., 1., 1., 1., 0., 1.,
        1., 0., 1., 1., 1., 0., 0., 1., 0., 0., 0., 0., 0., 0., 0., 0., 1., 0.,
        0., 0., 1., 1., 1., 1., 0., 0., 1., 0., 0., 0., 0., 0., 0., 0., 0., 0.,
        0., 1., 0., 0., 1., 1., 1., 1., 1., 1., 0., 1., 0., 1., 1., 0., 1., 1.,
        1., 0., 0., 1., 0., 1., 1., 1., 1., 1., 1., 1., 1., 1., 1., 1., 1., 1.,
        0., 0., 0., 0., 1., 1., 0., 0., 1., 1., 1., 1., 0., 1., 1., 1., 1., 1.,
        1., 1., 0., 0., 0., 1., 1., 0., 0., 0., 0., 0., 0., 0., 0., 0., 0., 0.,
        1., 1., 0., 0., 0., 0., 0., 0., 0., 0., 1., 0., 1., 1., 0., 1., 0., 1.,
        1., 1., 1., 1., 1., 1., 0., 1., 0., 0., 1., 1., 1., 1.])
loss:  tensor(0.6746, grad_fn=<MeanBackward0>) l2:  tensor(0.3462, grad_fn=<AddBackward0>) l2*coef tensor(3.4616e-05, grad_fn=<MulBackward0>)
Iteration 40, loss: 0.6819478929042816
Epoch 1; time 0.9429
epoch 1 validating; auc: 0.5882
Model (checkpoint) saved to output/ml1m/env/ml1m_user_env_lr0.001_reg0.0001.model
epoch 2 training
self.sigmoid(preds):  tensor([0.2856, 0.6611, 0.1762,  ..., 0.1703, 0.3889, 0.2950],
       grad_fn=<SigmoidBackward0>)
target:  tensor([0., 1., 0.,  ..., 1., 1., 1.])
loss:  tensor(0.6707, grad_fn=<MeanBackward0>) l2:  tensor(0.3462, grad_fn=<AddBackward0>) l2*coef tensor(3.4620e-05, grad_fn=<MulBackward0>)
self.sigmoid(preds):  tensor([0.1852, 0.3995, 0.6180,  ..., 0.1898, 0.4157, 0.5528],
       grad_fn=<SigmoidBackward0>)
target:  tensor([0., 1., 0.,  ..., 1., 0., 1.])
loss:  tensor(0.6733, grad_fn=<MeanBackward0>) l2:  tensor(0.3462, grad_fn=<AddBackward0>) l2*coef tensor(3.4621e-05, grad_fn=<MulBackward0>)
self.sigmoid(preds):  tensor([0.4176, 0.1569, 0.4731,  ..., 0.2457, 0.4021, 0.4065],
       grad_fn=<SigmoidBackward0>)
target:  tensor([0., 0., 0.,  ..., 0., 0., 0.])
loss:  tensor(0.6753, grad_fn=<MeanBackward0>) l2:  tensor(0.3463, grad_fn=<AddBackward0>) l2*coef tensor(3.4626e-05, grad_fn=<MulBackward0>)
self.sigmoid(preds):  tensor([0.3434, 0.3951, 0.3951,  ..., 0.5320, 0.0946, 0.4638],
       grad_fn=<SigmoidBackward0>)
target:  tensor([1., 0., 1.,  ..., 1., 1., 1.])
loss:  tensor(0.6824, grad_fn=<MeanBackward0>) l2:  tensor(0.3462, grad_fn=<AddBackward0>) l2*coef tensor(3.4624e-05, grad_fn=<MulBackward0>)
self.sigmoid(preds):  tensor([0.4069, 0.8209, 0.5958,  ..., 0.4161, 0.0509, 0.4161],
       grad_fn=<SigmoidBackward0>)
target:  tensor([0., 1., 0.,  ..., 1., 0., 0.])
loss:  tensor(0.6811, grad_fn=<MeanBackward0>) l2:  tensor(0.3463, grad_fn=<AddBackward0>) l2*coef tensor(3.4626e-05, grad_fn=<MulBackward0>)
self.sigmoid(preds):  tensor([0.1662, 0.0256, 0.4971,  ..., 0.4414, 0.5334, 0.1496],
       grad_fn=<SigmoidBackward0>)
target:  tensor([1., 1., 1.,  ..., 1., 1., 1.])
loss:  tensor(0.6670, grad_fn=<MeanBackward0>) l2:  tensor(0.3464, grad_fn=<AddBackward0>) l2*coef tensor(3.4640e-05, grad_fn=<MulBackward0>)
self.sigmoid(preds):  tensor([0.7627, 0.4266, 0.4266,  ..., 0.1889, 0.5233, 0.1942],
       grad_fn=<SigmoidBackward0>)
target:  tensor([1., 1., 1.,  ..., 0., 1., 0.])
loss:  tensor(0.6611, grad_fn=<MeanBackward0>) l2:  tensor(0.3465, grad_fn=<AddBackward0>) l2*coef tensor(3.4652e-05, grad_fn=<MulBackward0>)
self.sigmoid(preds):  tensor([0.1521, 0.5436, 0.1593,  ..., 0.5331, 0.1655, 0.2941],
       grad_fn=<SigmoidBackward0>)
target:  tensor([1., 1., 1.,  ..., 0., 1., 1.])
loss:  tensor(0.6769, grad_fn=<MeanBackward0>) l2:  tensor(0.3466, grad_fn=<AddBackward0>) l2*coef tensor(3.4662e-05, grad_fn=<MulBackward0>)
self.sigmoid(preds):  tensor([0.1429, 0.1792, 0.5351,  ..., 0.7824, 0.4505, 0.2647],
       grad_fn=<SigmoidBackward0>)
target:  tensor([0., 0., 0.,  ..., 0., 0., 0.])
loss:  tensor(0.6789, grad_fn=<MeanBackward0>) l2:  tensor(0.3467, grad_fn=<AddBackward0>) l2*coef tensor(3.4669e-05, grad_fn=<MulBackward0>)
self.sigmoid(preds):  tensor([0.1133, 0.2537, 0.4314,  ..., 0.0391, 0.5589, 0.6206],
       grad_fn=<SigmoidBackward0>)
target:  tensor([0., 1., 1.,  ..., 0., 1., 1.])
loss:  tensor(0.6839, grad_fn=<MeanBackward0>) l2:  tensor(0.3468, grad_fn=<AddBackward0>) l2*coef tensor(3.4681e-05, grad_fn=<MulBackward0>)
Iteration 10, loss: 0.6750916123390198
self.sigmoid(preds):  tensor([0.6168, 0.0876, 0.0876,  ..., 0.4381, 0.1519, 0.4381],
       grad_fn=<SigmoidBackward0>)
target:  tensor([1., 1., 1.,  ..., 1., 1., 1.])
loss:  tensor(0.6745, grad_fn=<MeanBackward0>) l2:  tensor(0.3470, grad_fn=<AddBackward0>) l2*coef tensor(3.4700e-05, grad_fn=<MulBackward0>)
self.sigmoid(preds):  tensor([0.4386, 0.2124, 0.2702,  ..., 0.1593, 0.3374, 0.2606],
       grad_fn=<SigmoidBackward0>)
target:  tensor([1., 0., 0.,  ..., 0., 1., 0.])
loss:  tensor(0.6760, grad_fn=<MeanBackward0>) l2:  tensor(0.3472, grad_fn=<AddBackward0>) l2*coef tensor(3.4722e-05, grad_fn=<MulBackward0>)
self.sigmoid(preds):  tensor([0.2545, 0.4313, 0.4313,  ..., 0.1743, 0.5806, 0.1132],
       grad_fn=<SigmoidBackward0>)
target:  tensor([1., 1., 1.,  ..., 1., 1., 1.])
loss:  tensor(0.6743, grad_fn=<MeanBackward0>) l2:  tensor(0.3474, grad_fn=<AddBackward0>) l2*coef tensor(3.4736e-05, grad_fn=<MulBackward0>)
self.sigmoid(preds):  tensor([0.4359, 0.0697, 0.2211,  ..., 0.5984, 0.4034, 0.4437],
       grad_fn=<SigmoidBackward0>)
target:  tensor([0., 0., 1.,  ..., 1., 1., 1.])
loss:  tensor(0.6696, grad_fn=<MeanBackward0>) l2:  tensor(0.3474, grad_fn=<AddBackward0>) l2*coef tensor(3.4738e-05, grad_fn=<MulBackward0>)
self.sigmoid(preds):  tensor([0.9196, 0.4368, 0.5837,  ..., 0.4361, 0.3380, 0.3380],
       grad_fn=<SigmoidBackward0>)
target:  tensor([0., 1., 0.,  ..., 1., 1., 1.])
loss:  tensor(0.6895, grad_fn=<MeanBackward0>) l2:  tensor(0.3473, grad_fn=<AddBackward0>) l2*coef tensor(3.4732e-05, grad_fn=<MulBackward0>)
self.sigmoid(preds):  tensor([0.4615, 0.1425, 0.1425,  ..., 0.0627, 0.0627, 0.2105],
       grad_fn=<SigmoidBackward0>)
target:  tensor([0., 0., 1.,  ..., 0., 0., 1.])
loss:  tensor(0.6880, grad_fn=<MeanBackward0>) l2:  tensor(0.3474, grad_fn=<AddBackward0>) l2*coef tensor(3.4737e-05, grad_fn=<MulBackward0>)
self.sigmoid(preds):  tensor([0.7102, 0.9310, 0.2296,  ..., 0.4547, 0.6510, 0.4547],
       grad_fn=<SigmoidBackward0>)
target:  tensor([1., 1., 1.,  ..., 1., 1., 0.])
loss:  tensor(0.6699, grad_fn=<MeanBackward0>) l2:  tensor(0.3474, grad_fn=<AddBackward0>) l2*coef tensor(3.4743e-05, grad_fn=<MulBackward0>)
self.sigmoid(preds):  tensor([0.0916, 0.0151, 0.0874,  ..., 0.6503, 0.8466, 0.6251],
       grad_fn=<SigmoidBackward0>)
target:  tensor([1., 1., 1.,  ..., 1., 1., 1.])
loss:  tensor(0.6672, grad_fn=<MeanBackward0>) l2:  tensor(0.3474, grad_fn=<AddBackward0>) l2*coef tensor(3.4741e-05, grad_fn=<MulBackward0>)
self.sigmoid(preds):  tensor([0.9161, 0.0714, 0.6521,  ..., 0.1231, 0.3910, 0.3910],
       grad_fn=<SigmoidBackward0>)
target:  tensor([0., 1., 0.,  ..., 1., 1., 1.])
loss:  tensor(0.6830, grad_fn=<MeanBackward0>) l2:  tensor(0.3473, grad_fn=<AddBackward0>) l2*coef tensor(3.4734e-05, grad_fn=<MulBackward0>)
self.sigmoid(preds):  tensor([0.0207, 0.0620, 0.0133,  ..., 0.1106, 0.5946, 0.0913],
       grad_fn=<SigmoidBackward0>)
target:  tensor([1., 0., 0.,  ..., 1., 1., 1.])
loss:  tensor(0.6621, grad_fn=<MeanBackward0>) l2:  tensor(0.3473, grad_fn=<AddBackward0>) l2*coef tensor(3.4728e-05, grad_fn=<MulBackward0>)
Iteration 20, loss: 0.6752663373947143
self.sigmoid(preds):  tensor([0.6119, 0.0342, 0.0883,  ..., 0.1206, 0.4564, 0.6212],
       grad_fn=<SigmoidBackward0>)
target:  tensor([1., 0., 0.,  ..., 0., 0., 0.])
loss:  tensor(0.6658, grad_fn=<MeanBackward0>) l2:  tensor(0.3473, grad_fn=<AddBackward0>) l2*coef tensor(3.4725e-05, grad_fn=<MulBackward0>)
self.sigmoid(preds):  tensor([0.0655, 0.4232, 0.1006,  ..., 0.4396, 0.6403, 0.4396],
       grad_fn=<SigmoidBackward0>)
target:  tensor([1., 1., 1.,  ..., 1., 1., 1.])
loss:  tensor(0.6601, grad_fn=<MeanBackward0>) l2:  tensor(0.3472, grad_fn=<AddBackward0>) l2*coef tensor(3.4721e-05, grad_fn=<MulBackward0>)
self.sigmoid(preds):  tensor([0.9393, 0.0470, 0.4707,  ..., 0.1249, 0.8428, 0.4374],
       grad_fn=<SigmoidBackward0>)
target:  tensor([1., 1., 1.,  ..., 0., 1., 0.])
loss:  tensor(0.6697, grad_fn=<MeanBackward0>) l2:  tensor(0.3471, grad_fn=<AddBackward0>) l2*coef tensor(3.4707e-05, grad_fn=<MulBackward0>)
self.sigmoid(preds):  tensor([0.8755, 0.0511, 0.9424,  ..., 0.4282, 0.1146, 0.7353],
       grad_fn=<SigmoidBackward0>)
target:  tensor([1., 1., 0.,  ..., 1., 0., 1.])
loss:  tensor(0.6789, grad_fn=<MeanBackward0>) l2:  tensor(0.3469, grad_fn=<AddBackward0>) l2*coef tensor(3.4692e-05, grad_fn=<MulBackward0>)
self.sigmoid(preds):  tensor([0.6635, 0.1560, 0.1430,  ..., 0.4271, 0.1591, 0.0374],
       grad_fn=<SigmoidBackward0>)
target:  tensor([1., 0., 0.,  ..., 0., 0., 1.])
loss:  tensor(0.6648, grad_fn=<MeanBackward0>) l2:  tensor(0.3467, grad_fn=<AddBackward0>) l2*coef tensor(3.4672e-05, grad_fn=<MulBackward0>)
self.sigmoid(preds):  tensor([0.0644, 0.0134, 0.4164,  ..., 0.9373, 0.2185, 0.4764],
       grad_fn=<SigmoidBackward0>)
target:  tensor([0., 0., 0.,  ..., 1., 1., 1.])
loss:  tensor(0.6760, grad_fn=<MeanBackward0>) l2:  tensor(0.3465, grad_fn=<AddBackward0>) l2*coef tensor(3.4648e-05, grad_fn=<MulBackward0>)
self.sigmoid(preds):  tensor([0.1712, 0.1353, 0.0607,  ..., 0.1659, 0.0511, 0.4453],
       grad_fn=<SigmoidBackward0>)
target:  tensor([1., 1., 1.,  ..., 1., 0., 1.])
loss:  tensor(0.6735, grad_fn=<MeanBackward0>) l2:  tensor(0.3464, grad_fn=<AddBackward0>) l2*coef tensor(3.4638e-05, grad_fn=<MulBackward0>)
self.sigmoid(preds):  tensor([0.0134, 0.1147, 0.4318,  ..., 0.6477, 0.9113, 0.5760],
       grad_fn=<SigmoidBackward0>)
target:  tensor([1., 1., 1.,  ..., 1., 1., 0.])
loss:  tensor(0.6653, grad_fn=<MeanBackward0>) l2:  tensor(0.3463, grad_fn=<AddBackward0>) l2*coef tensor(3.4627e-05, grad_fn=<MulBackward0>)
self.sigmoid(preds):  tensor([0.7586, 0.0619, 0.6231,  ..., 0.0393, 0.1251, 0.0393],
       grad_fn=<SigmoidBackward0>)
target:  tensor([0., 1., 1.,  ..., 0., 0., 0.])
loss:  tensor(0.6824, grad_fn=<MeanBackward0>) l2:  tensor(0.3461, grad_fn=<AddBackward0>) l2*coef tensor(3.4606e-05, grad_fn=<MulBackward0>)
self.sigmoid(preds):  tensor([0.0506, 0.0506, 0.0506,  ..., 0.0958, 0.1008, 0.2412],
       grad_fn=<SigmoidBackward0>)
target:  tensor([1., 1., 0.,  ..., 1., 0., 0.])
loss:  tensor(0.6661, grad_fn=<MeanBackward0>) l2:  tensor(0.3458, grad_fn=<AddBackward0>) l2*coef tensor(3.4580e-05, grad_fn=<MulBackward0>)
Iteration 30, loss: 0.6736055592695872
self.sigmoid(preds):  tensor([0.6782, 0.4783, 0.2555,  ..., 0.0617, 0.2475, 0.5133],
       grad_fn=<SigmoidBackward0>)
target:  tensor([1., 1., 0.,  ..., 1., 1., 0.])
loss:  tensor(0.6666, grad_fn=<MeanBackward0>) l2:  tensor(0.3456, grad_fn=<AddBackward0>) l2*coef tensor(3.4562e-05, grad_fn=<MulBackward0>)
self.sigmoid(preds):  tensor([0.6357, 0.0260, 0.8063,  ..., 0.8738, 0.1195, 0.0302],
       grad_fn=<SigmoidBackward0>)
target:  tensor([0., 1., 1.,  ..., 1., 1., 1.])
loss:  tensor(0.6645, grad_fn=<MeanBackward0>) l2:  tensor(0.3454, grad_fn=<AddBackward0>) l2*coef tensor(3.4539e-05, grad_fn=<MulBackward0>)
self.sigmoid(preds):  tensor([0.4731, 0.7688, 0.4731,  ..., 0.3484, 0.8979, 0.0939],
       grad_fn=<SigmoidBackward0>)
target:  tensor([0., 1., 1.,  ..., 1., 0., 1.])
loss:  tensor(0.6762, grad_fn=<MeanBackward0>) l2:  tensor(0.3451, grad_fn=<AddBackward0>) l2*coef tensor(3.4507e-05, grad_fn=<MulBackward0>)
self.sigmoid(preds):  tensor([0.3880, 0.5017, 0.7022,  ..., 0.3224, 0.0389, 0.4488],
       grad_fn=<SigmoidBackward0>)
target:  tensor([0., 0., 0.,  ..., 0., 0., 0.])
loss:  tensor(0.6699, grad_fn=<MeanBackward0>) l2:  tensor(0.3447, grad_fn=<AddBackward0>) l2*coef tensor(3.4472e-05, grad_fn=<MulBackward0>)
self.sigmoid(preds):  tensor([0.8878, 0.0137, 0.4803,  ..., 0.5206, 0.3390, 0.1350],
       grad_fn=<SigmoidBackward0>)
target:  tensor([1., 1., 1.,  ..., 0., 0., 0.])
loss:  tensor(0.6645, grad_fn=<MeanBackward0>) l2:  tensor(0.3444, grad_fn=<AddBackward0>) l2*coef tensor(3.4444e-05, grad_fn=<MulBackward0>)
self.sigmoid(preds):  tensor([0.7463, 0.0104, 0.3239,  ..., 0.0480, 0.1996, 0.8737],
       grad_fn=<SigmoidBackward0>)
target:  tensor([1., 1., 1.,  ..., 0., 1., 0.])
loss:  tensor(0.6729, grad_fn=<MeanBackward0>) l2:  tensor(0.3441, grad_fn=<AddBackward0>) l2*coef tensor(3.4413e-05, grad_fn=<MulBackward0>)
self.sigmoid(preds):  tensor([0.9696, 0.4058, 0.1114,  ..., 0.9625, 0.1609, 0.3115],
       grad_fn=<SigmoidBackward0>)
target:  tensor([1., 0., 0.,  ..., 1., 1., 0.])
loss:  tensor(0.6687, grad_fn=<MeanBackward0>) l2:  tensor(0.3438, grad_fn=<AddBackward0>) l2*coef tensor(3.4377e-05, grad_fn=<MulBackward0>)
self.sigmoid(preds):  tensor([0.0610, 0.0610, 0.1168,  ..., 0.3004, 0.5112, 0.5112],
       grad_fn=<SigmoidBackward0>)
target:  tensor([0., 0., 0.,  ..., 0., 1., 1.])
loss:  tensor(0.6821, grad_fn=<MeanBackward0>) l2:  tensor(0.3435, grad_fn=<AddBackward0>) l2*coef tensor(3.4349e-05, grad_fn=<MulBackward0>)
self.sigmoid(preds):  tensor([0.0229, 0.8018, 0.1415,  ..., 0.0324, 0.4109, 0.3833],
       grad_fn=<SigmoidBackward0>)
target:  tensor([0., 0., 0.,  ..., 1., 0., 1.])
loss:  tensor(0.6862, grad_fn=<MeanBackward0>) l2:  tensor(0.3433, grad_fn=<AddBackward0>) l2*coef tensor(3.4332e-05, grad_fn=<MulBackward0>)
self.sigmoid(preds):  tensor([9.6745e-01, 2.6669e-01, 6.3838e-03, 1.8043e-01, 1.5889e-01, 1.6129e-01,
        3.7104e-01, 7.1453e-02, 2.8887e-02, 2.7349e-01, 6.9196e-03, 6.0983e-02,
        1.2842e-01, 1.3631e-01, 4.1504e-02, 1.3729e-01, 5.0518e-01, 4.1504e-02,
        1.3729e-01, 6.0983e-02, 7.4643e-01, 2.3319e-02, 1.6113e-01, 1.8295e-01,
        5.7195e-01, 4.0558e-02, 1.5326e-01, 7.2376e-02, 3.1079e-03, 7.1649e-02,
        2.4240e-01, 8.9243e-01, 7.6768e-01, 2.9663e-01, 2.9899e-01, 7.4734e-01,
        7.0765e-02, 1.2128e-01, 2.0750e-01, 5.2918e-01, 5.1806e-01, 2.1990e-01,
        1.4128e-02, 5.1806e-01, 9.7958e-02, 3.9723e-01, 2.1510e-01, 8.2535e-01,
        2.8116e-01, 6.9452e-01, 5.1833e-01, 4.3298e-01, 1.1358e-01, 1.0261e-01,
        3.4561e-01, 7.4300e-02, 8.7808e-01, 5.1833e-01, 5.1833e-01, 3.4947e-01,
        5.2497e-01, 2.8762e-01, 2.2537e-01, 8.5888e-01, 9.5539e-01, 4.9608e-01,
        6.9552e-01, 8.1952e-02, 7.4359e-01, 9.0904e-01, 2.2751e-01, 6.4066e-02,
        3.6559e-02, 9.8627e-02, 1.4496e-01, 4.2309e-02, 7.0054e-02, 2.1251e-01,
        9.7158e-03, 2.2634e-02, 3.8209e-01, 7.4261e-01, 1.7089e-01, 6.6519e-02,
        3.3805e-02, 1.2037e-01, 1.9444e-01, 6.0993e-01, 5.1682e-02, 9.0233e-02,
        1.3630e-01, 3.8802e-01, 4.6365e-01, 7.1831e-01, 4.9684e-01, 8.4145e-02,
        5.5579e-01, 4.9684e-01, 6.0410e-02, 7.2075e-02, 1.4653e-01, 5.6227e-01,
        3.1210e-01, 3.0289e-01, 9.4509e-01, 3.1210e-01, 7.8789e-01, 1.0306e-01,
        4.7604e-01, 4.9265e-01, 6.1304e-01, 4.1450e-01, 5.2660e-01, 9.1011e-01,
        8.6136e-02, 7.3232e-01, 3.9699e-01, 2.9971e-01, 7.0299e-01, 8.6454e-01,
        7.5702e-02, 1.1163e-01, 5.0134e-01, 8.2967e-01, 5.5207e-02, 5.0134e-01,
        1.0816e-01, 8.6997e-01, 4.7330e-01, 5.0134e-01, 6.4952e-01, 9.6554e-02,
        4.3644e-02, 4.9038e-01, 3.8796e-01, 6.4434e-02, 1.3889e-01, 7.8817e-01,
        5.8809e-01, 7.4288e-02, 4.6918e-01, 1.2366e-01, 7.0044e-01, 9.4921e-01,
        1.9626e-01, 7.2062e-01, 2.4853e-02, 8.4763e-02, 8.8201e-01, 8.8201e-01,
        7.4490e-01, 5.0766e-02, 7.9391e-02, 4.4060e-01, 2.4001e-01, 6.1712e-01,
        5.3567e-01, 7.3226e-01, 2.1673e-01, 8.4410e-02, 9.7352e-02, 9.1285e-02,
        1.4760e-01, 1.3925e-01, 1.7871e-01, 9.1285e-02, 3.0985e-01, 1.7871e-01,
        1.6078e-01, 3.0985e-01, 4.8433e-02, 1.1885e-01, 3.5556e-01, 1.1885e-01,
        3.5556e-01, 4.0781e-01, 8.6205e-02, 2.6823e-01, 6.2023e-01, 2.6139e-01,
        6.4409e-02, 6.9683e-01, 3.8288e-01, 6.9683e-01, 1.0189e-01, 8.7833e-01,
        8.9409e-02, 4.9177e-01, 6.9683e-01, 4.9177e-01, 7.3027e-02, 8.6778e-01,
        5.0360e-02, 2.0503e-01, 5.7395e-01, 1.5150e-01, 7.7825e-01, 1.8731e-01,
        1.8731e-01, 1.8731e-01, 1.1113e-01, 3.2867e-01, 1.2183e-01, 1.8082e-02,
        6.8531e-02, 9.6566e-01, 6.0131e-01, 3.3710e-02, 6.7549e-01, 3.2046e-01,
        3.3893e-01, 5.1193e-01, 5.1193e-01, 6.1580e-01, 7.4866e-01, 7.3554e-01,
        5.1193e-01, 8.3204e-01, 4.4798e-02, 1.8133e-01, 4.5548e-02, 9.6836e-01,
        7.3948e-01, 1.0821e-02, 5.1724e-01, 8.4955e-01, 7.3948e-01, 9.2032e-01,
        1.6506e-01, 1.8016e-01, 7.5185e-02, 8.8734e-01, 5.2046e-01, 7.5185e-02,
        5.2046e-01, 5.2046e-01, 4.1966e-01, 2.9746e-01, 5.2046e-01, 7.5304e-01,
        5.1749e-01, 2.6660e-01, 5.1237e-02, 5.1749e-01, 5.1749e-01, 8.7265e-01,
        5.1237e-02, 8.2277e-01, 2.0232e-01, 5.1749e-01, 8.3804e-01, 8.6337e-02,
        5.0992e-01, 7.7571e-01, 3.7801e-01, 5.0992e-01, 5.0992e-01, 1.6755e-01,
        8.2305e-01, 7.7015e-01, 5.2762e-01, 5.3678e-02, 1.9925e-01, 1.0645e-01,
        2.9527e-02, 1.9439e-01, 5.3678e-02, 2.9442e-01, 5.3112e-01, 8.9330e-02,
        4.9266e-01, 4.5390e-01, 5.3239e-02, 1.0184e-01, 7.0585e-01, 8.9454e-01,
        1.6136e-01, 5.3239e-02, 1.4360e-02, 8.9454e-01, 6.7447e-02, 4.4449e-01,
        5.4043e-01, 6.7447e-02, 1.0724e-01, 7.4163e-01, 6.7447e-02, 6.8735e-01,
        9.5934e-01, 5.4043e-01, 3.9422e-01, 5.1152e-01, 7.1472e-01, 2.6338e-01,
        4.3263e-03, 1.1885e-01, 7.8486e-01, 1.0339e-01, 1.1885e-01, 7.2805e-01,
        9.2937e-02, 5.8953e-02, 5.8953e-02, 5.8953e-02, 3.7983e-02, 5.1927e-01,
        5.8953e-02, 5.8953e-02, 3.9133e-02, 5.8953e-02, 4.2114e-02, 3.6763e-01,
        2.8189e-02, 2.6203e-01, 6.2907e-01, 4.2114e-02, 4.2114e-02, 7.1260e-01,
        7.8018e-02, 3.0506e-01, 4.1285e-02, 6.5637e-03, 2.8573e-01, 1.4181e-01,
        8.9464e-02, 4.2930e-02, 3.7528e-01, 3.8337e-02, 5.2911e-01, 8.2549e-01,
        5.0272e-02, 4.8231e-01, 9.0502e-01, 2.2076e-02, 4.4940e-02, 6.5879e-01,
        1.7188e-01, 6.4032e-01, 7.5707e-01, 1.3218e-01, 9.1822e-01, 4.2893e-02,
        4.2893e-02, 2.0140e-02, 4.2893e-02, 4.2893e-02, 5.3763e-03, 4.2893e-02,
        6.7225e-02, 3.4868e-02, 5.8514e-02, 4.0467e-01, 7.6441e-01, 3.4593e-01,
        7.9633e-02, 9.5684e-01, 8.2839e-01, 5.8514e-02, 6.3661e-02, 1.1637e-01,
        1.4620e-01, 7.1544e-01, 2.0202e-01, 7.1898e-01, 6.7836e-01, 3.2204e-01,
        3.2204e-01, 3.8094e-01, 9.9395e-02, 1.0415e-01, 9.6802e-01, 8.7699e-01,
        5.2885e-02, 4.6537e-02, 6.9329e-01, 2.8198e-01, 1.1389e-01, 1.1389e-01,
        3.9125e-01, 7.1219e-02, 6.6934e-02, 4.9854e-01, 9.4488e-01, 4.9854e-01,
        4.5986e-01, 4.9854e-01, 6.9798e-01, 6.9798e-01, 4.9854e-01, 4.9854e-01,
        9.8223e-02, 8.8253e-01, 5.1220e-01, 7.9547e-01, 8.8253e-01, 4.1375e-01,
        4.2199e-02, 4.1375e-01, 1.8840e-01, 8.8886e-02, 1.7717e-01, 3.7271e-02,
        3.7271e-02, 9.8688e-02, 5.9282e-01, 6.1113e-02, 9.3792e-02, 1.8553e-01,
        1.7717e-01, 3.8566e-01, 5.5317e-02, 8.2492e-01, 7.8197e-01, 6.6094e-01,
        3.8220e-01, 6.1961e-01, 9.6751e-01, 8.2492e-01, 8.4827e-02, 3.6113e-02,
        7.0454e-01, 6.5567e-02, 3.1609e-01, 2.1718e-01, 6.1581e-01, 4.6325e-02,
        2.8262e-01, 4.8920e-02, 6.7259e-01, 1.0306e-01, 9.1905e-01, 5.3915e-01,
        1.9626e-01, 9.7128e-02, 3.0539e-01, 5.6378e-02, 7.5322e-01, 5.1108e-01,
        5.3915e-01, 1.3087e-01, 4.3884e-02, 5.3467e-01, 1.4030e-01, 7.3166e-02,
        7.2962e-01, 1.4030e-01, 5.3026e-01, 2.2233e-01, 4.1353e-01, 6.3903e-02,
        2.1624e-01, 4.2124e-01, 5.0993e-01, 9.5582e-01, 2.0320e-01, 7.3977e-01,
        1.0711e-01, 4.7883e-02, 7.0229e-02, 9.1574e-02, 9.2337e-04, 3.9555e-01,
        1.4222e-02, 4.2866e-02, 1.2815e-01, 1.7390e-03, 5.1271e-01, 2.7615e-02,
        4.2866e-02, 2.4949e-01, 4.9136e-01, 9.5048e-01, 9.4355e-01, 4.9136e-01,
        1.7762e-01, 7.8888e-01, 8.1275e-03, 1.0960e-01, 6.9559e-01, 6.9559e-01,
        5.2276e-01, 3.6402e-01, 4.2237e-01, 2.7973e-01, 4.0925e-01, 5.2276e-01,
        2.7973e-01, 2.7973e-01, 2.7973e-01, 5.2276e-01, 9.0568e-01, 1.9677e-02,
        6.7873e-02, 4.6595e-02, 4.3250e-01, 6.7873e-02, 3.1839e-01, 4.6595e-02,
        7.4285e-01, 1.1434e-01, 6.3393e-01, 7.0984e-01, 8.2928e-01, 1.2408e-01,
        8.2928e-01, 6.5214e-02, 7.8029e-02, 1.9407e-01, 8.3395e-02, 2.2241e-01,
        5.0793e-02, 2.4867e-02, 1.1890e-01, 2.5357e-01, 2.9674e-02, 1.0112e-01,
        1.1890e-01, 5.0793e-02, 1.1912e-02, 5.0793e-02, 5.3471e-01, 1.0633e-01,
        4.3477e-01, 7.1303e-03, 1.1035e-01, 4.1879e-01, 4.3869e-02, 5.4728e-01,
        2.2051e-01, 1.9990e-01, 6.2069e-02, 2.5200e-01, 7.3545e-01, 3.9153e-01,
        7.3796e-01, 8.3395e-01, 5.2171e-02, 7.0358e-01, 4.5395e-02, 4.5395e-02,
        4.5770e-01, 4.6335e-02, 4.6335e-02, 4.6335e-02, 2.8345e-01, 7.0014e-03,
        4.8092e-02, 7.0014e-03, 4.5770e-01, 2.0738e-02, 4.7555e-01, 1.7122e-01,
        1.7122e-01, 1.7122e-01, 1.7122e-01, 6.9326e-01, 1.7122e-01, 8.7493e-02,
        4.9838e-02, 4.9838e-02, 4.6359e-01, 1.0509e-01, 1.0509e-01, 7.2692e-02,
        3.3473e-01, 4.6359e-01, 1.7653e-01, 7.2692e-02, 2.7585e-01, 5.6630e-03,
        5.1899e-01, 5.1899e-01, 5.1899e-01, 5.1899e-01, 7.4234e-01, 1.4200e-01,
        5.1899e-01, 7.5949e-01, 2.8055e-01, 8.9591e-01, 4.8838e-01, 4.2780e-02,
        7.3491e-01, 4.8838e-01, 3.9659e-01, 4.8838e-01, 3.9659e-01, 4.8838e-01,
        4.2780e-02, 1.0577e-01, 9.5930e-01, 2.4666e-01, 7.5913e-01, 6.2269e-01,
        2.4666e-01, 8.0247e-01, 1.5258e-01, 7.0223e-02, 7.5282e-01, 1.5258e-01,
        4.2671e-01, 3.1457e-01, 5.3119e-01, 5.8183e-01, 5.3119e-01, 7.2738e-01,
        8.8989e-01, 2.9943e-01, 5.3119e-01, 5.3119e-01, 4.0273e-01, 5.3154e-01,
        5.3154e-01, 5.6740e-01, 5.3154e-01, 5.3154e-01, 1.3430e-01, 9.6870e-01,
        5.3154e-01, 5.3154e-01, 9.4942e-02, 5.1722e-01, 8.1636e-01, 9.7067e-01,
        5.5039e-02, 9.1022e-01, 3.8511e-02, 2.0509e-01, 5.1722e-01, 7.3225e-01,
        2.0000e-01, 6.6435e-01, 8.4952e-01, 3.6827e-01, 4.9635e-01, 7.1836e-01,
        6.6435e-01, 7.0868e-01, 4.9635e-01, 1.5895e-02, 5.2657e-01, 5.9125e-02,
        3.9270e-01, 5.9125e-02, 9.1460e-01, 5.9125e-02, 5.0673e-01, 5.9125e-02,
        4.2475e-01, 3.8294e-02, 2.8672e-01, 3.7160e-01, 7.1746e-01, 1.0018e-01,
        4.9090e-01, 1.0018e-01, 4.0561e-02, 7.1746e-01, 4.0087e-01, 1.3322e-02,
        2.7756e-01, 5.2959e-01, 2.9197e-01, 7.7696e-01, 7.2894e-01, 2.9197e-01,
        5.2959e-01, 5.2959e-01, 4.2459e-01, 5.2959e-01, 1.9674e-02, 8.0587e-01,
        1.0686e-01, 5.3903e-03, 3.5517e-02, 2.7974e-02, 4.2853e-02, 7.4713e-01,
        8.1855e-02, 1.5146e-02, 6.6084e-01, 9.1334e-01, 4.0897e-02, 8.1530e-01,
        7.4893e-01, 2.0148e-01, 9.6155e-01, 2.8548e-01, 6.7885e-02, 3.8899e-02,
        7.0708e-01, 1.7534e-02, 4.8180e-01, 4.8180e-01, 3.7367e-01, 6.7444e-01,
        4.8180e-01, 4.8180e-01, 4.8180e-01, 3.7887e-02, 5.1228e-01, 4.1277e-02,
        9.7719e-03, 4.3322e-01, 2.0256e-03, 7.8534e-02, 2.3517e-01, 8.3765e-01,
        8.3765e-01, 5.3817e-01, 4.2585e-02, 6.7953e-01, 6.8945e-01, 1.8681e-01,
        2.6476e-01, 5.0018e-01, 3.7312e-02, 3.3493e-01, 8.7126e-02, 6.1759e-02,
        2.7311e-02, 5.1882e-01, 2.7311e-02, 2.4914e-01, 5.1882e-01, 7.0736e-02,
        3.8007e-02, 5.7347e-01, 5.1882e-01, 1.6796e-03, 1.3878e-01, 3.2229e-01,
        3.4248e-02, 7.3565e-01, 2.7543e-01, 9.0567e-01, 1.0406e-01, 3.2229e-01,
        1.5271e-02, 2.1554e-01, 7.5408e-03, 6.8834e-01, 5.1697e-01, 5.2870e-02,
        5.2870e-02, 1.3394e-02, 5.1697e-01, 7.2970e-03, 5.6552e-02, 1.2691e-01,
        9.5387e-01, 7.5684e-01, 4.2433e-02, 2.3589e-02, 6.9007e-02, 4.0041e-01,
        6.1812e-02, 6.1812e-02, 7.3796e-01, 5.1276e-01, 4.9644e-01, 6.7397e-02,
        7.3689e-02, 4.9644e-01, 6.9243e-01, 2.8304e-01, 2.8734e-01, 4.9644e-01,
        1.5373e-01, 7.8348e-01, 9.1241e-02, 2.6545e-01, 1.6356e-01, 5.3645e-01,
        5.2282e-02, 8.4928e-01, 4.3301e-02, 7.3823e-01, 9.2081e-01, 7.0295e-01,
        4.6366e-02, 3.6164e-01, 7.3847e-02, 7.3847e-02, 2.0600e-01, 8.4931e-02,
        8.9093e-01, 3.7860e-01, 3.9361e-01, 1.9059e-01, 4.0056e-01, 8.6871e-02,
        8.6871e-02, 8.6871e-02, 8.6871e-02, 1.9803e-01, 8.6871e-02, 1.7311e-01,
        2.5855e-01, 5.7993e-02, 7.8838e-01, 4.9699e-02, 7.2789e-03, 4.9331e-01,
        4.9331e-01, 7.0992e-02, 8.5220e-01, 3.0602e-02, 4.9331e-01, 7.4152e-01,
        4.8839e-01, 7.4261e-02, 4.8839e-01, 4.8839e-01, 4.8839e-01, 3.7181e-01,
        6.5004e-02, 6.9108e-01, 1.0637e-01, 6.5004e-02, 1.1811e-01, 9.0943e-02,
        1.4361e-03, 1.5666e-01, 9.1994e-02, 9.0943e-02, 7.4753e-03, 5.1996e-02,
        1.2177e-01, 1.8453e-01, 4.7820e-02, 3.4207e-01, 1.1200e-01, 4.9047e-01,
        4.6773e-02, 5.5164e-02, 4.6773e-02, 6.9543e-01, 4.7820e-02, 3.4207e-01,
        7.9161e-01, 1.2804e-01, 4.0875e-01, 3.4869e-01, 6.7626e-01, 5.1027e-01,
        7.8042e-02, 7.8042e-02, 5.5545e-01, 8.7286e-01, 6.1476e-01, 8.9854e-01,
        3.5383e-01, 2.0190e-01, 5.1393e-01, 3.1388e-02, 1.3029e-01, 5.8889e-02,
        7.6496e-01, 2.1320e-01], grad_fn=<SigmoidBackward0>)
target:  tensor([0., 0., 1., 0., 0., 0., 0., 0., 0., 0., 0., 0., 0., 0., 0., 1., 1., 0.,
        1., 0., 0., 0., 0., 0., 0., 0., 0., 0., 0., 0., 0., 1., 1., 1., 1., 1.,
        1., 1., 1., 1., 1., 1., 0., 1., 1., 0., 1., 1., 1., 1., 0., 0., 1., 0.,
        1., 1., 1., 0., 0., 0., 1., 1., 1., 1., 1., 1., 1., 0., 0., 1., 0., 0.,
        0., 0., 1., 1., 0., 1., 0., 0., 1., 1., 0., 1., 1., 1., 1., 0., 1., 1.,
        0., 1., 1., 0., 1., 0., 0., 1., 0., 0., 1., 0., 0., 1., 1., 0., 1., 0.,
        1., 1., 0., 1., 1., 1., 1., 1., 1., 1., 1., 0., 1., 1., 1., 1., 1., 1.,
        0., 1., 1., 1., 0., 0., 1., 1., 1., 1., 0., 1., 1., 0., 0., 1., 1., 1.,
        0., 1., 0., 0., 1., 1., 1., 1., 1., 0., 0., 0., 1., 0., 1., 1., 0., 1.,
        0., 1., 1., 1., 0., 0., 0., 0., 1., 0., 1., 1., 1., 1., 1., 1., 0., 0.,
        1., 1., 1., 1., 1., 1., 1., 1., 1., 1., 1., 1., 1., 0., 1., 1., 1., 1.,
        1., 1., 1., 0., 0., 0., 1., 1., 1., 1., 1., 1., 1., 1., 1., 1., 0., 1.,
        1., 1., 0., 0., 1., 1., 1., 1., 1., 0., 1., 1., 0., 0., 1., 0., 1., 1.,
        0., 1., 0., 1., 0., 1., 1., 0., 0., 0., 0., 0., 1., 0., 1., 1., 1., 1.,
        1., 1., 1., 1., 1., 0., 1., 1., 1., 0., 0., 0., 0., 0., 0., 0., 0., 0.,
        1., 1., 1., 0., 1., 1., 0., 1., 1., 1., 1., 1., 1., 1., 1., 1., 1., 1.,
        1., 0., 1., 1., 1., 1., 1., 1., 0., 1., 1., 1., 1., 0., 0., 1., 0., 1.,
        0., 0., 0., 0., 0., 0., 0., 0., 0., 0., 0., 0., 0., 0., 1., 1., 0., 0.,
        0., 1., 0., 1., 1., 1., 1., 1., 1., 0., 0., 0., 0., 1., 0., 0., 0., 0.,
        0., 0., 0., 0., 0., 0., 0., 0., 0., 1., 1., 1., 1., 1., 1., 1., 1., 1.,
        1., 1., 1., 0., 1., 1., 1., 1., 1., 1., 1., 1., 0., 0., 1., 1., 0., 0.,
        0., 0., 0., 0., 1., 1., 1., 1., 1., 1., 1., 0., 1., 1., 1., 1., 1., 1.,
        1., 0., 1., 1., 1., 1., 0., 0., 1., 1., 0., 0., 1., 1., 1., 1., 1., 1.,
        0., 0., 1., 1., 1., 0., 1., 0., 0., 1., 1., 0., 1., 1., 0., 0., 1., 1.,
        1., 1., 1., 1., 1., 1., 1., 1., 0., 0., 1., 0., 0., 0., 0., 0., 0., 0.,
        1., 0., 0., 1., 0., 1., 1., 1., 0., 0., 0., 0., 0., 0., 0., 1., 0., 0.,
        1., 0., 1., 0., 1., 0., 0., 1., 0., 1., 0., 1., 0., 1., 1., 1., 0., 0.,
        0., 0., 0., 0., 1., 0., 0., 1., 1., 0., 0., 1., 0., 1., 1., 1., 1., 0.,
        1., 0., 1., 1., 1., 0., 1., 1., 1., 1., 1., 1., 1., 0., 1., 0., 0., 1.,
        1., 1., 0., 1., 0., 0., 1., 1., 1., 1., 1., 1., 1., 1., 1., 0., 1., 1.,
        0., 0., 0., 0., 0., 0., 0., 1., 0., 0., 1., 1., 1., 0., 1., 1., 1., 0.,
        1., 0., 0., 1., 1., 1., 0., 1., 1., 0., 1., 0., 1., 1., 0., 1., 1., 0.,
        1., 1., 0., 1., 0., 0., 0., 1., 0., 0., 0., 0., 0., 0., 1., 1., 1., 1.,
        1., 1., 1., 1., 1., 1., 1., 1., 1., 0., 0., 0., 1., 1., 1., 1., 0., 1.,
        0., 0., 0., 1., 0., 0., 0., 0., 0., 0., 0., 0., 1., 1., 0., 1., 1., 1.,
        1., 1., 1., 1., 1., 1., 1., 1., 1., 1., 0., 1., 0., 0., 0., 1., 1., 0.,
        1., 0., 0., 0., 1., 1., 1., 0., 0., 0., 1., 0., 1., 1., 1., 0., 1., 1.,
        1., 1., 1., 1., 1., 1., 0., 0., 0., 0., 0., 1., 1., 0., 1., 0., 0., 0.,
        1., 0., 1., 0., 1., 0., 1., 0., 1., 0., 1., 0., 0., 1., 0., 0., 1., 0.,
        0., 0., 0., 0., 0., 1., 1., 0., 1., 1., 0., 1., 1., 1., 0., 1., 0., 0.,
        0., 1., 0., 1., 1., 1., 1., 1., 1., 1., 1., 1., 1., 1., 1., 1., 1., 1.,
        1., 1., 1., 1., 0., 0., 0., 0., 0., 0., 1., 0., 1., 1., 1., 1., 1., 1.,
        1., 1., 1., 1., 1., 0., 1., 1., 1., 1., 1., 1., 1., 1., 0., 1., 1., 0.,
        1., 1., 1., 1., 1., 0., 0., 1., 1., 1., 1., 1., 1., 1., 1., 1., 0., 0.,
        0., 0., 0., 0., 0., 0., 0., 0., 1., 1., 0., 0., 0., 0., 1., 1., 0., 0.,
        1., 0., 1., 0., 1., 0., 0., 0., 1., 1., 0., 0., 0., 1., 0., 0., 0., 0.,
        0., 0., 1., 0., 1., 0., 1., 1., 0., 0., 0., 0., 1., 1., 1., 1., 1., 1.,
        1., 1., 1., 1., 1., 1., 1., 1., 1., 1., 1., 0., 1., 1.])
loss:  tensor(0.6569, grad_fn=<MeanBackward0>) l2:  tensor(0.3432, grad_fn=<AddBackward0>) l2*coef tensor(3.4320e-05, grad_fn=<MulBackward0>)
Iteration 40, loss: 0.6729262039065361
Epoch 2; time 0.8817
epoch 2 validating; auc: 0.5937
Model (checkpoint) saved to output/ml1m/env/ml1m_user_env_lr0.001_reg0.0001.model
