Namespace(model='ML1MUserResponse', reader='ML1MDataReader')
Namespace(seed=19, batch_size=128, lr=0.003, epoch=2, model_path='output/ml1m/env/ml1m_user_env_lr0.003_reg0.001.model', loss='bce', l2_coef=0.001, feature_dim=16, attn_n_head=2, hidden_dims=[256], dropout_rate=0.2, train_file='dataset/ml1m/ml1m_b_train.csv', val_file='dataset/ml1m/ml1m_b_test.csv', test_file='', n_worker=0, data_separator='@', user_meta_file='dataset/ml1m/user_info.npy', item_meta_file='dataset/ml1m/item_info.npy', max_seq_len=50, meta_data_separator=' ')
init ml1m reader
Loading data filesLoad item meta data
{'length': 5078, 'n_item': 1682, 'item_vec_size': 19, 'user_portrait_len': 24, 'max_seq_len': 50}
{'length': 5078, 'n_item': 1682, 'item_vec_size': 19, 'user_portrait_len': 24, 'max_seq_len': 50}
epoch 1 training
self.sigmoid(preds):  tensor([0.4950, 0.4985, 0.4985,  ..., 0.5107, 0.5021, 0.5073],
       grad_fn=<SigmoidBackward0>)
target:  tensor([1., 1., 1.,  ..., 0., 1., 1.])
loss:  tensor(0.6731, grad_fn=<MeanBackward0>) l2:  tensor(0.3466, grad_fn=<AddBackward0>) l2*coef tensor(0.0003, grad_fn=<MulBackward0>)
self.sigmoid(preds):  tensor([0.4977, 0.5099, 0.4925,  ..., 0.5281, 0.5078, 0.4831],
       grad_fn=<SigmoidBackward0>)
target:  tensor([1., 1., 1.,  ..., 0., 0., 1.])
loss:  tensor(0.6981, grad_fn=<MeanBackward0>) l2:  tensor(0.3442, grad_fn=<AddBackward0>) l2*coef tensor(0.0003, grad_fn=<MulBackward0>)
self.sigmoid(preds):  tensor([0.4912, 0.4695, 0.4581,  ..., 0.4802, 0.4714, 0.4888],
       grad_fn=<SigmoidBackward0>)
target:  tensor([0., 0., 0.,  ..., 1., 1., 0.])
loss:  tensor(0.7175, grad_fn=<MeanBackward0>) l2:  tensor(0.3423, grad_fn=<AddBackward0>) l2*coef tensor(0.0003, grad_fn=<MulBackward0>)
self.sigmoid(preds):  tensor([0.4935, 0.5041, 0.4778,  ..., 0.4285, 0.4648, 0.4279],
       grad_fn=<SigmoidBackward0>)
target:  tensor([1., 1., 1.,  ..., 1., 1., 1.])
loss:  tensor(0.6916, grad_fn=<MeanBackward0>) l2:  tensor(0.3406, grad_fn=<AddBackward0>) l2*coef tensor(0.0003, grad_fn=<MulBackward0>)
self.sigmoid(preds):  tensor([0.4342, 0.4459, 0.4158,  ..., 0.4053, 0.4556, 0.4005],
       grad_fn=<SigmoidBackward0>)
target:  tensor([1., 1., 1.,  ..., 0., 1., 0.])
loss:  tensor(0.6805, grad_fn=<MeanBackward0>) l2:  tensor(0.3393, grad_fn=<AddBackward0>) l2*coef tensor(0.0003, grad_fn=<MulBackward0>)
self.sigmoid(preds):  tensor([0.4512, 0.4657, 0.4246,  ..., 0.4231, 0.4369, 0.4218],
       grad_fn=<SigmoidBackward0>)
target:  tensor([1., 1., 0.,  ..., 1., 0., 0.])
loss:  tensor(0.6772, grad_fn=<MeanBackward0>) l2:  tensor(0.3380, grad_fn=<AddBackward0>) l2*coef tensor(0.0003, grad_fn=<MulBackward0>)
self.sigmoid(preds):  tensor([0.4147, 0.4318, 0.4538,  ..., 0.4300, 0.4043, 0.4098],
       grad_fn=<SigmoidBackward0>)
target:  tensor([0., 1., 1.,  ..., 1., 1., 0.])
loss:  tensor(0.6990, grad_fn=<MeanBackward0>) l2:  tensor(0.3369, grad_fn=<AddBackward0>) l2*coef tensor(0.0003, grad_fn=<MulBackward0>)
self.sigmoid(preds):  tensor([0.3831, 0.3304, 0.3940,  ..., 0.3151, 0.4326, 0.4326],
       grad_fn=<SigmoidBackward0>)
target:  tensor([1., 0., 0.,  ..., 0., 1., 1.])
loss:  tensor(0.6705, grad_fn=<MeanBackward0>) l2:  tensor(0.3361, grad_fn=<AddBackward0>) l2*coef tensor(0.0003, grad_fn=<MulBackward0>)
self.sigmoid(preds):  tensor([0.3646, 0.3075, 0.3646,  ..., 0.3619, 0.3618, 0.3487],
       grad_fn=<SigmoidBackward0>)
target:  tensor([1., 1., 1.,  ..., 0., 1., 1.])
loss:  tensor(0.6851, grad_fn=<MeanBackward0>) l2:  tensor(0.3351, grad_fn=<AddBackward0>) l2*coef tensor(0.0003, grad_fn=<MulBackward0>)
self.sigmoid(preds):  tensor([0.4520, 0.3013, 0.3013,  ..., 0.2463, 0.3224, 0.2222],
       grad_fn=<SigmoidBackward0>)
target:  tensor([1., 0., 0.,  ..., 0., 0., 0.])
loss:  tensor(0.6840, grad_fn=<MeanBackward0>) l2:  tensor(0.3342, grad_fn=<AddBackward0>) l2*coef tensor(0.0003, grad_fn=<MulBackward0>)
Iteration 10, loss: 0.6880038559436799
self.sigmoid(preds):  tensor([0.1911, 0.3068, 0.2216,  ..., 0.2640, 0.2212, 0.3851],
       grad_fn=<SigmoidBackward0>)
target:  tensor([0., 0., 0.,  ..., 0., 0., 1.])
loss:  tensor(0.6734, grad_fn=<MeanBackward0>) l2:  tensor(0.3335, grad_fn=<AddBackward0>) l2*coef tensor(0.0003, grad_fn=<MulBackward0>)
self.sigmoid(preds):  tensor([0.3331, 0.3154, 0.2686,  ..., 0.1727, 0.3082, 0.1897],
       grad_fn=<SigmoidBackward0>)
target:  tensor([1., 1., 0.,  ..., 1., 0., 1.])
loss:  tensor(0.6837, grad_fn=<MeanBackward0>) l2:  tensor(0.3327, grad_fn=<AddBackward0>) l2*coef tensor(0.0003, grad_fn=<MulBackward0>)
self.sigmoid(preds):  tensor([0.2987, 0.3665, 0.3325,  ..., 0.2700, 0.3034, 0.2679],
       grad_fn=<SigmoidBackward0>)
target:  tensor([1., 1., 1.,  ..., 1., 0., 1.])
loss:  tensor(0.6781, grad_fn=<MeanBackward0>) l2:  tensor(0.3319, grad_fn=<AddBackward0>) l2*coef tensor(0.0003, grad_fn=<MulBackward0>)
self.sigmoid(preds):  tensor([0.4869, 0.2170, 0.2585,  ..., 0.1507, 0.1050, 0.3707],
       grad_fn=<SigmoidBackward0>)
target:  tensor([1., 0., 1.,  ..., 0., 1., 1.])
loss:  tensor(0.6811, grad_fn=<MeanBackward0>) l2:  tensor(0.3311, grad_fn=<AddBackward0>) l2*coef tensor(0.0003, grad_fn=<MulBackward0>)
self.sigmoid(preds):  tensor([0.1340, 0.2523, 0.4124,  ..., 0.1597, 0.3013, 0.3472],
       grad_fn=<SigmoidBackward0>)
target:  tensor([0., 1., 1.,  ..., 1., 1., 1.])
loss:  tensor(0.6864, grad_fn=<MeanBackward0>) l2:  tensor(0.3303, grad_fn=<AddBackward0>) l2*coef tensor(0.0003, grad_fn=<MulBackward0>)
self.sigmoid(preds):  tensor([0.1362, 0.2110, 0.4368,  ..., 0.3081, 0.1370, 0.0560],
       grad_fn=<SigmoidBackward0>)
target:  tensor([1., 1., 1.,  ..., 0., 1., 1.])
loss:  tensor(0.6671, grad_fn=<MeanBackward0>) l2:  tensor(0.3298, grad_fn=<AddBackward0>) l2*coef tensor(0.0003, grad_fn=<MulBackward0>)
self.sigmoid(preds):  tensor([0.2279, 0.2849, 0.1416,  ..., 0.2447, 0.2103, 0.3387],
       grad_fn=<SigmoidBackward0>)
target:  tensor([1., 1., 0.,  ..., 1., 1., 1.])
loss:  tensor(0.6811, grad_fn=<MeanBackward0>) l2:  tensor(0.3287, grad_fn=<AddBackward0>) l2*coef tensor(0.0003, grad_fn=<MulBackward0>)
self.sigmoid(preds):  tensor([0.2491, 0.5413, 0.1361,  ..., 0.1909, 0.1478, 0.3306],
       grad_fn=<SigmoidBackward0>)
target:  tensor([1., 1., 1.,  ..., 0., 0., 0.])
loss:  tensor(0.6752, grad_fn=<MeanBackward0>) l2:  tensor(0.3274, grad_fn=<AddBackward0>) l2*coef tensor(0.0003, grad_fn=<MulBackward0>)
self.sigmoid(preds):  tensor([0.3136, 0.4809, 0.1302,  ..., 0.3602, 0.3602, 0.1107],
       grad_fn=<SigmoidBackward0>)
target:  tensor([1., 1., 1.,  ..., 0., 1., 1.])
loss:  tensor(0.6801, grad_fn=<MeanBackward0>) l2:  tensor(0.3261, grad_fn=<AddBackward0>) l2*coef tensor(0.0003, grad_fn=<MulBackward0>)
self.sigmoid(preds):  tensor([0.8081, 0.1047, 0.2918,  ..., 0.4005, 0.1527, 0.4923],
       grad_fn=<SigmoidBackward0>)
target:  tensor([1., 1., 1.,  ..., 0., 1., 1.])
loss:  tensor(0.6709, grad_fn=<MeanBackward0>) l2:  tensor(0.3250, grad_fn=<AddBackward0>) l2*coef tensor(0.0003, grad_fn=<MulBackward0>)
Iteration 20, loss: 0.6830250412225723
self.sigmoid(preds):  tensor([0.4138, 0.2043, 0.4138,  ..., 0.1993, 0.1841, 0.1283],
       grad_fn=<SigmoidBackward0>)
target:  tensor([1., 0., 1.,  ..., 1., 0., 1.])
loss:  tensor(0.6773, grad_fn=<MeanBackward0>) l2:  tensor(0.3239, grad_fn=<AddBackward0>) l2*coef tensor(0.0003, grad_fn=<MulBackward0>)
self.sigmoid(preds):  tensor([0.4406, 0.0744, 0.2977,  ..., 0.1377, 0.4464, 0.6170],
       grad_fn=<SigmoidBackward0>)
target:  tensor([0., 0., 0.,  ..., 1., 0., 1.])
loss:  tensor(0.6753, grad_fn=<MeanBackward0>) l2:  tensor(0.3230, grad_fn=<AddBackward0>) l2*coef tensor(0.0003, grad_fn=<MulBackward0>)
self.sigmoid(preds):  tensor([0.4844, 0.4220, 0.4220,  ..., 0.0751, 0.0263, 0.4463],
       grad_fn=<SigmoidBackward0>)
target:  tensor([1., 1., 1.,  ..., 1., 0., 1.])
loss:  tensor(0.6631, grad_fn=<MeanBackward0>) l2:  tensor(0.3221, grad_fn=<AddBackward0>) l2*coef tensor(0.0003, grad_fn=<MulBackward0>)
self.sigmoid(preds):  tensor([0.4972, 0.4972, 0.1145,  ..., 0.4877, 0.4457, 0.4457],
       grad_fn=<SigmoidBackward0>)
target:  tensor([1., 1., 0.,  ..., 1., 1., 1.])
loss:  tensor(0.6706, grad_fn=<MeanBackward0>) l2:  tensor(0.3214, grad_fn=<AddBackward0>) l2*coef tensor(0.0003, grad_fn=<MulBackward0>)
self.sigmoid(preds):  tensor([0.1864, 0.0419, 0.4461,  ..., 0.4821, 0.3840, 0.5898],
       grad_fn=<SigmoidBackward0>)
target:  tensor([0., 0., 0.,  ..., 1., 1., 1.])
loss:  tensor(0.6740, grad_fn=<MeanBackward0>) l2:  tensor(0.3206, grad_fn=<AddBackward0>) l2*coef tensor(0.0003, grad_fn=<MulBackward0>)
self.sigmoid(preds):  tensor([0.2964, 0.5438, 0.5438,  ..., 0.8761, 0.0558, 0.0558],
       grad_fn=<SigmoidBackward0>)
target:  tensor([1., 1., 1.,  ..., 0., 1., 0.])
loss:  tensor(0.6847, grad_fn=<MeanBackward0>) l2:  tensor(0.3200, grad_fn=<AddBackward0>) l2*coef tensor(0.0003, grad_fn=<MulBackward0>)
self.sigmoid(preds):  tensor([0.5744, 0.0043, 0.0786,  ..., 0.6930, 0.1621, 0.7764],
       grad_fn=<SigmoidBackward0>)
target:  tensor([1., 1., 1.,  ..., 1., 0., 1.])
loss:  tensor(0.6666, grad_fn=<MeanBackward0>) l2:  tensor(0.3193, grad_fn=<AddBackward0>) l2*coef tensor(0.0003, grad_fn=<MulBackward0>)
self.sigmoid(preds):  tensor([0.0919, 0.3700, 0.0231,  ..., 0.9256, 0.5284, 0.0549],
       grad_fn=<SigmoidBackward0>)
target:  tensor([0., 0., 0.,  ..., 0., 1., 1.])
loss:  tensor(0.6796, grad_fn=<MeanBackward0>) l2:  tensor(0.3184, grad_fn=<AddBackward0>) l2*coef tensor(0.0003, grad_fn=<MulBackward0>)
self.sigmoid(preds):  tensor([0.8456, 0.0290, 0.8740,  ..., 0.7092, 0.5022, 0.0248],
       grad_fn=<SigmoidBackward0>)
target:  tensor([1., 0., 1.,  ..., 1., 0., 0.])
loss:  tensor(0.6684, grad_fn=<MeanBackward0>) l2:  tensor(0.3175, grad_fn=<AddBackward0>) l2*coef tensor(0.0003, grad_fn=<MulBackward0>)
self.sigmoid(preds):  tensor([0.0231, 0.0338, 0.0254,  ..., 0.0326, 0.4746, 0.0035],
       grad_fn=<SigmoidBackward0>)
target:  tensor([0., 0., 0.,  ..., 0., 0., 1.])
loss:  tensor(0.6568, grad_fn=<MeanBackward0>) l2:  tensor(0.3168, grad_fn=<AddBackward0>) l2*coef tensor(0.0003, grad_fn=<MulBackward0>)
Iteration 30, loss: 0.6793349325656891
self.sigmoid(preds):  tensor([0.0106, 0.1903, 0.7333,  ..., 0.0312, 0.0528, 0.4949],
       grad_fn=<SigmoidBackward0>)
target:  tensor([1., 1., 1.,  ..., 1., 1., 1.])
loss:  tensor(0.6610, grad_fn=<MeanBackward0>) l2:  tensor(0.3158, grad_fn=<AddBackward0>) l2*coef tensor(0.0003, grad_fn=<MulBackward0>)
self.sigmoid(preds):  tensor([0.4704, 0.0068, 0.0532,  ..., 0.4336, 0.7105, 0.1168],
       grad_fn=<SigmoidBackward0>)
target:  tensor([0., 0., 0.,  ..., 1., 1., 1.])
loss:  tensor(0.6748, grad_fn=<MeanBackward0>) l2:  tensor(0.3149, grad_fn=<AddBackward0>) l2*coef tensor(0.0003, grad_fn=<MulBackward0>)
self.sigmoid(preds):  tensor([0.6956, 0.4958, 0.5228,  ..., 0.4895, 0.0705, 0.5082],
       grad_fn=<SigmoidBackward0>)
target:  tensor([1., 0., 0.,  ..., 1., 0., 0.])
loss:  tensor(0.6768, grad_fn=<MeanBackward0>) l2:  tensor(0.3139, grad_fn=<AddBackward0>) l2*coef tensor(0.0003, grad_fn=<MulBackward0>)
self.sigmoid(preds):  tensor([0.7457, 0.0253, 0.6713,  ..., 0.0313, 0.0203, 0.0254],
       grad_fn=<SigmoidBackward0>)
target:  tensor([0., 0., 1.,  ..., 0., 0., 1.])
loss:  tensor(0.6745, grad_fn=<MeanBackward0>) l2:  tensor(0.3129, grad_fn=<AddBackward0>) l2*coef tensor(0.0003, grad_fn=<MulBackward0>)
self.sigmoid(preds):  tensor([0.8323, 0.0621, 0.5004,  ..., 0.0166, 0.8683, 0.7305],
       grad_fn=<SigmoidBackward0>)
target:  tensor([1., 0., 1.,  ..., 0., 1., 1.])
loss:  tensor(0.6744, grad_fn=<MeanBackward0>) l2:  tensor(0.3119, grad_fn=<AddBackward0>) l2*coef tensor(0.0003, grad_fn=<MulBackward0>)
self.sigmoid(preds):  tensor([0.2698, 0.7779, 0.9435,  ..., 0.9888, 0.4847, 0.0017],
       grad_fn=<SigmoidBackward0>)
target:  tensor([1., 1., 1.,  ..., 1., 1., 1.])
loss:  tensor(0.6736, grad_fn=<MeanBackward0>) l2:  tensor(0.3109, grad_fn=<AddBackward0>) l2*coef tensor(0.0003, grad_fn=<MulBackward0>)
self.sigmoid(preds):  tensor([0.1660, 0.4482, 0.0521,  ..., 0.6273, 0.8674, 0.2671],
       grad_fn=<SigmoidBackward0>)
target:  tensor([1., 0., 0.,  ..., 1., 1., 0.])
loss:  tensor(0.6646, grad_fn=<MeanBackward0>) l2:  tensor(0.3098, grad_fn=<AddBackward0>) l2*coef tensor(0.0003, grad_fn=<MulBackward0>)
self.sigmoid(preds):  tensor([0.0064, 0.6829, 0.2099,  ..., 0.0443, 0.3096, 0.2345],
       grad_fn=<SigmoidBackward0>)
target:  tensor([0., 1., 0.,  ..., 1., 0., 0.])
loss:  tensor(0.6525, grad_fn=<MeanBackward0>) l2:  tensor(0.3086, grad_fn=<AddBackward0>) l2*coef tensor(0.0003, grad_fn=<MulBackward0>)
self.sigmoid(preds):  tensor([0.0721, 0.4682, 0.1669,  ..., 0.0457, 0.1888, 0.0100],
       grad_fn=<SigmoidBackward0>)
target:  tensor([1., 1., 1.,  ..., 1., 0., 0.])
loss:  tensor(0.6748, grad_fn=<MeanBackward0>) l2:  tensor(0.3072, grad_fn=<AddBackward0>) l2*coef tensor(0.0003, grad_fn=<MulBackward0>)
self.sigmoid(preds):  tensor([3.5556e-02, 5.2958e-02, 4.5872e-01, 5.0493e-02, 5.2958e-02, 9.5895e-03,
        1.7506e-02, 4.5872e-01, 1.7506e-02, 4.5872e-01, 5.6094e-02, 1.7035e-01,
        2.0278e-01, 2.0549e-01, 4.4669e-02, 4.7374e-01, 3.2970e-02, 7.8487e-01,
        1.4910e-02, 4.7810e-02, 2.4619e-02, 4.4524e-01, 1.8461e-02, 1.5782e-03,
        1.8295e-03, 2.3454e-02, 5.2212e-02, 6.9795e-02, 2.3454e-02, 2.3454e-02,
        9.5943e-01, 4.9216e-01, 7.8425e-02, 1.0306e-03, 4.9216e-01, 8.5959e-01,
        8.9925e-01, 8.3853e-01, 4.9216e-01, 9.5995e-03, 2.3778e-02, 1.4930e-03,
        4.7960e-01, 6.5458e-02, 3.1372e-02, 7.3150e-01, 6.7167e-02, 2.7410e-02,
        4.7960e-01, 7.3150e-01, 1.6657e-01, 7.1788e-01, 3.7840e-03, 5.0020e-01,
        3.8984e-01, 3.6965e-02, 7.4057e-01, 2.0625e-02, 7.1231e-02, 1.8040e-01,
        3.4585e-01, 6.9807e-01, 4.5558e-01, 7.2444e-02, 4.5558e-01, 2.6978e-01,
        2.4069e-01, 3.9927e-02, 7.4444e-01, 9.0741e-01, 4.1438e-02, 4.1438e-02,
        2.5705e-01, 4.1438e-02, 1.0651e-01, 1.0792e-02, 5.3919e-02, 4.1438e-02,
        4.1438e-02, 4.1438e-02, 7.6065e-02, 2.9471e-02, 2.7943e-03, 2.4249e-02,
        3.9817e-01, 1.8070e-01, 4.7820e-01, 8.3736e-01, 4.7820e-01, 8.8840e-02,
        4.8016e-01, 3.5997e-02, 7.3934e-01, 3.5997e-02, 2.1959e-02, 1.8731e-01,
        7.7660e-01, 4.6709e-01, 7.5902e-01, 2.1959e-02, 1.8441e-02, 6.4479e-02,
        2.2984e-02, 3.2107e-03, 6.4479e-02, 6.4479e-02, 4.6152e-01, 7.1519e-01,
        2.2984e-02, 4.6932e-03, 8.6648e-01, 9.8579e-01, 9.5682e-01, 7.9526e-03,
        4.7148e-01, 7.7636e-01, 9.8610e-02, 2.7456e-02, 8.6648e-01, 1.3990e-02,
        5.0505e-02, 1.6313e-02, 1.0004e-03, 8.9711e-04, 1.4209e-01, 4.7317e-01,
        1.7770e-03, 2.8640e-02, 6.0155e-01, 3.8261e-02, 9.8005e-01, 2.8027e-02,
        5.0715e-01, 4.9070e-01, 2.4184e-02, 2.8027e-02, 5.0715e-01, 3.4276e-01,
        2.9547e-01, 2.8027e-02, 3.1597e-02, 1.7976e-02, 3.8097e-01, 1.7976e-02,
        1.4592e-03, 4.8677e-01, 3.5696e-01, 2.3104e-02, 6.6110e-02, 3.0916e-03,
        2.4747e-02, 8.6776e-01, 5.6860e-01, 3.7122e-02, 3.6089e-01, 9.8327e-01,
        2.4747e-02, 4.7050e-01, 7.5366e-01, 4.7050e-01, 1.0961e-01, 1.8512e-02,
        5.7534e-02, 4.2600e-01, 5.7534e-02, 6.7158e-03, 1.7584e-01, 1.8627e-03,
        9.0034e-03, 4.9297e-01, 2.3730e-02, 7.4631e-01, 1.3608e-03, 7.4631e-01,
        4.8505e-01, 1.0466e-01, 6.2256e-02, 5.8970e-01, 1.3354e-01, 6.2256e-02,
        5.7814e-01, 6.9201e-01, 6.8124e-01, 9.3508e-01, 2.1153e-02, 4.2857e-02,
        8.3083e-01, 4.2857e-02, 4.2857e-02, 4.2857e-02, 1.7125e-02, 4.8049e-02,
        4.8049e-02, 4.8049e-02, 7.2133e-01, 7.5120e-02, 7.2133e-01, 4.4981e-01,
        4.8049e-02, 4.8049e-02, 6.4737e-01, 2.6413e-02, 2.1508e-02, 1.3677e-01,
        2.4794e-01, 7.9253e-01, 1.4272e-01, 2.6413e-02, 3.5220e-01, 6.8059e-01,
        1.1915e-01, 3.9318e-02, 5.9267e-02, 2.0638e-02, 5.8245e-01, 5.1556e-02,
        1.1915e-01, 2.0932e-02, 1.1915e-01, 1.4112e-01, 3.8140e-01, 3.0071e-02,
        7.6895e-01, 1.4477e-01, 7.0939e-02, 4.8726e-01, 1.8933e-02, 9.8168e-01,
        8.4678e-01, 4.8726e-01, 3.0490e-01, 8.6077e-01, 6.1395e-01, 4.0617e-01,
        7.6581e-01, 8.6077e-01, 7.7263e-02, 8.3269e-01, 9.3245e-01, 7.1744e-01,
        3.3093e-01, 3.4777e-01, 6.9283e-01, 9.9162e-03, 3.3617e-02, 2.5979e-01,
        1.4988e-02, 3.3617e-02, 2.0834e-02, 3.3617e-02, 1.8015e-02, 1.8015e-02,
        7.2089e-01, 3.3878e-01, 4.5654e-01, 1.8015e-02, 1.4732e-02, 9.4729e-01,
        4.5437e-02, 2.2240e-03, 7.5974e-01, 2.6171e-01, 7.4121e-01, 8.4981e-01,
        1.1737e-01, 5.9100e-01, 8.4981e-01, 9.3683e-02, 7.4121e-01, 9.5212e-01,
        9.5493e-01, 4.8006e-01, 3.7594e-02, 7.8418e-01, 2.2222e-01, 4.4466e-02,
        1.9874e-02, 4.2903e-02, 1.0515e-01, 2.5065e-01, 2.3878e-01, 1.3231e-01,
        7.2670e-01, 8.4077e-01, 4.6230e-02, 5.7940e-02, 9.5838e-01, 4.7662e-01,
        7.4143e-01, 9.5838e-01, 1.7888e-02, 4.4390e-01, 1.9188e-01, 4.4390e-01,
        1.5168e-01, 4.4390e-01, 4.4390e-01, 2.3616e-02, 4.4390e-01, 1.7888e-02,
        1.2157e-02, 9.8873e-01, 5.9670e-01, 9.6203e-01, 1.2157e-02, 4.3830e-01,
        8.1787e-03, 7.2993e-01, 4.3830e-01, 2.0231e-01, 1.5853e-02, 4.9082e-02,
        9.0560e-02, 9.0560e-02, 9.0560e-02, 9.0560e-02, 9.0560e-02, 9.0560e-02,
        9.0560e-02, 9.0560e-02, 6.3401e-02, 2.1559e-02, 1.0808e-01, 3.5798e-02,
        6.7358e-02, 4.7643e-01, 3.0204e-01, 1.8968e-01, 3.4730e-02, 6.3401e-02,
        3.0500e-02, 4.2236e-01, 2.0525e-02, 7.1550e-01, 2.5693e-01, 8.1258e-03,
        3.0500e-02, 1.0756e-02, 1.0756e-02, 1.0756e-02, 1.6300e-02, 3.2291e-01,
        1.6300e-02, 2.6763e-01, 3.2291e-01, 2.8232e-03, 5.8458e-02, 2.3005e-01,
        1.3012e-01, 2.2722e-02, 3.4774e-02, 9.0224e-01, 6.2707e-01, 5.0013e-01,
        8.3092e-01, 2.6602e-02, 7.7232e-01, 1.2171e-01, 8.3535e-01, 7.0409e-01,
        8.7432e-01, 9.4581e-01, 3.3053e-02, 1.6732e-02, 8.4035e-01, 4.6483e-01,
        7.2349e-01, 4.6483e-01, 3.5676e-01, 9.4581e-01, 3.5455e-01, 8.4255e-02,
        7.3960e-01, 6.5948e-01, 6.0070e-02, 2.7800e-01, 2.0936e-03, 4.5902e-01,
        4.4571e-01, 8.4255e-02, 1.1872e-01, 7.2533e-01, 1.1872e-01, 1.1872e-01,
        8.8489e-01, 1.1872e-01, 1.1872e-01, 1.1872e-01, 1.1872e-01, 1.1872e-01,
        7.3545e-03, 9.8806e-01, 4.7284e-01, 4.7284e-01, 7.9510e-01, 1.2126e-01,
        4.9131e-02, 4.7284e-01, 9.5360e-02, 2.4424e-02, 6.8680e-01, 8.4172e-01,
        7.2036e-01, 4.5592e-01, 5.1574e-03, 2.4440e-02, 7.2036e-01, 7.2036e-01,
        2.3997e-02, 7.7184e-01, 1.9716e-01, 1.3085e-01, 4.3072e-01, 6.4438e-01,
        1.3112e-02, 4.3072e-01, 4.3072e-01, 1.3085e-01, 1.3112e-02, 1.3112e-02,
        3.7672e-01, 4.5880e-01, 2.3547e-02, 6.5348e-02, 3.9025e-01, 1.8810e-02,
        4.5880e-01, 7.5385e-01, 9.7719e-01, 4.5880e-01, 2.5931e-02, 1.5782e-01,
        2.6671e-01, 2.0096e-02, 1.3805e-01, 2.0387e-03, 3.7700e-01, 5.2552e-02,
        5.6448e-02, 1.7201e-01, 2.5018e-02, 9.3108e-01, 9.0634e-01, 6.3640e-01,
        6.3640e-01, 4.6344e-02, 8.6578e-01, 7.7713e-01, 7.3684e-01, 3.6318e-01,
        1.5689e-02, 8.7979e-01, 6.5160e-03, 7.4341e-01, 4.7106e-01, 7.4341e-01,
        4.7106e-01, 2.0732e-01, 1.6310e-01, 1.5689e-02, 5.1194e-01, 5.5696e-02,
        8.4192e-01, 7.4834e-01, 5.1194e-01, 3.0530e-02, 3.0530e-02, 5.8333e-01,
        1.6285e-03, 7.7776e-02, 9.3942e-01, 1.6214e-02, 7.0030e-01, 1.4627e-02,
        1.4627e-02, 1.5752e-02, 5.7732e-01, 7.3079e-01, 4.5713e-01, 7.3778e-01,
        6.5234e-02, 5.5957e-03, 6.8140e-05, 6.5234e-02, 4.3450e-04, 9.4735e-03,
        4.3450e-04, 1.4775e-03, 1.3176e-04, 4.3450e-04, 4.4699e-02, 4.4699e-02,
        6.1739e-02, 3.8827e-02, 1.6667e-02, 7.9503e-03, 3.3934e-02, 1.6667e-02,
        1.5839e-01, 1.6667e-02, 4.7798e-01, 4.7798e-01, 1.9657e-02, 3.6975e-01,
        3.6975e-01, 2.8720e-01, 7.3611e-01, 4.7798e-01, 2.7460e-02, 7.0258e-01,
        1.1000e-01, 9.4713e-04, 5.3365e-02, 8.7977e-01, 7.7932e-01, 4.7746e-01,
        5.7982e-01, 3.0465e-02, 7.3213e-01, 6.9710e-01, 1.0427e-03, 1.6252e-01,
        4.6791e-01, 2.2228e-01, 7.7765e-01, 1.1750e-03, 3.4247e-01, 6.5149e-02,
        4.6791e-01, 8.5518e-01, 1.1923e-01, 4.5068e-02, 1.4347e-03, 3.5333e-01,
        7.7676e-01, 1.8101e-01, 4.7769e-01, 7.0071e-01, 8.8976e-02, 2.0815e-02,
        4.8347e-01, 7.2059e-01, 7.5754e-02, 9.7598e-01, 5.6354e-01, 5.6251e-02,
        6.5119e-04, 7.4572e-01, 1.6268e-03, 1.6503e-02, 9.0920e-04, 7.5120e-01,
        2.3038e-01, 4.7843e-01, 4.7843e-01, 6.1230e-02, 9.0048e-03, 2.8108e-03,
        1.8081e-01, 2.1413e-02, 8.1727e-01, 1.3456e-01, 9.6322e-04, 2.7211e-02,
        4.6409e-01, 4.6409e-01, 8.2799e-01, 4.6409e-01, 4.8289e-02, 3.3328e-01,
        1.7776e-01, 1.5207e-01, 7.8827e-01, 6.8735e-01, 4.8334e-01, 7.8596e-01,
        9.8563e-01, 1.5207e-01, 1.5207e-01, 4.8334e-01, 4.4931e-01, 4.4931e-01,
        8.3091e-01, 4.4931e-01, 7.0575e-01, 4.4931e-01, 3.7521e-02, 5.4975e-04,
        2.0141e-02, 3.7906e-03, 2.4295e-01, 2.1619e-01, 3.3923e-02, 1.1857e-01,
        1.4695e-01, 3.3923e-02, 9.9546e-02, 3.3923e-02, 4.6690e-01, 3.3923e-02,
        7.7889e-01, 5.0837e-01, 5.0837e-01, 5.0837e-01, 4.1198e-01, 6.0321e-02,
        2.5489e-01, 2.1698e-01, 2.5489e-01, 4.6266e-02, 6.7788e-04, 1.7074e-01,
        4.7430e-01, 7.3769e-01, 7.8468e-01, 4.7430e-01, 1.8341e-02, 1.4671e-01,
        1.0869e-01, 1.0135e-01, 2.3889e-02, 2.5300e-01, 1.4202e-01, 1.7609e-02,
        1.5851e-01, 2.3889e-02, 4.9902e-02, 3.5733e-01, 3.5733e-01, 1.8693e-03,
        7.1439e-01, 8.1084e-01, 1.5105e-01, 1.7782e-02, 1.4701e-02, 7.9568e-01,
        4.5124e-02, 2.0157e-02, 6.9303e-02, 7.9568e-01, 9.8563e-01, 2.0931e-02,
        1.8567e-02, 2.6037e-01, 4.1531e-03, 4.8544e-01, 6.3344e-01, 7.4477e-01,
        7.7984e-01, 4.8544e-01, 3.8335e-01, 2.0980e-02, 5.9890e-03, 2.6259e-01,
        1.3778e-01, 1.8557e-02, 7.3607e-01, 3.8335e-01, 9.5076e-01, 3.5039e-02,
        9.7652e-01, 4.6070e-01, 9.3548e-01, 1.5725e-01, 4.6070e-01, 9.1817e-01,
        3.4545e-01, 3.4545e-01, 3.4545e-01, 1.8128e-01, 3.6127e-01, 7.3136e-01,
        4.7193e-01, 7.3136e-01, 7.8380e-03, 1.5719e-02, 1.9592e-02, 3.6127e-01,
        9.5089e-01, 3.6127e-01, 4.6932e-01, 5.8811e-01, 7.3944e-01, 3.5110e-01,
        7.3944e-01, 5.2305e-02, 5.6745e-04, 8.2484e-02, 1.2769e-02, 2.9870e-03,
        1.7479e-01, 1.9024e-01, 4.6022e-01, 5.9712e-01, 4.6022e-01, 1.7479e-01,
        3.5784e-01, 1.4636e-01, 4.6022e-01, 4.6022e-01, 9.8617e-01, 7.2830e-01,
        5.0040e-04, 7.7172e-01, 4.5444e-01, 8.5721e-01, 9.5683e-01, 5.7706e-01,
        4.5444e-01, 3.2603e-01, 2.5423e-02, 5.0721e-01, 6.8274e-02, 1.6274e-02,
        3.0619e-02, 8.6905e-01, 8.1498e-02, 7.4302e-01, 2.5423e-02, 6.3659e-01,
        3.7410e-01, 2.2183e-02, 2.2183e-02, 8.8672e-01, 8.8672e-01, 2.9886e-02,
        7.3971e-01, 4.1350e-02, 2.2183e-02, 2.2183e-02, 1.9797e-02, 1.4528e-01,
        5.6843e-01, 7.1744e-01, 4.5664e-01, 2.5216e-01, 1.2665e-01, 1.5441e-02,
        3.8158e-02, 1.3343e-02, 7.7418e-01, 2.3175e-01, 2.4786e-02, 3.2228e-02,
        1.0343e-03, 3.6781e-01, 9.4560e-01, 8.3683e-01, 1.1441e-01, 1.7413e-02,
        2.6177e-02, 2.6177e-02, 2.6177e-02, 2.6177e-02, 2.6177e-02, 2.6177e-02,
        2.2320e-03, 4.8802e-01, 2.6177e-02, 2.6177e-02, 9.1606e-01, 7.4406e-01,
        3.1657e-02, 2.3708e-01, 2.3424e-02, 8.5016e-01, 1.9064e-01, 4.8957e-01,
        3.1033e-02, 1.9766e-01, 6.9593e-01, 1.2904e-01, 8.4535e-01, 8.4804e-01,
        3.5593e-01, 1.1476e-01, 4.6868e-01, 2.5961e-01, 4.0435e-02, 9.4912e-01,
        1.8921e-02, 4.2000e-03, 3.7723e-02, 1.4744e-02, 9.3629e-01, 4.6533e-01,
        8.7337e-01, 4.9312e-02, 1.8921e-02, 5.5637e-02, 4.7661e-01, 4.0387e-01,
        7.1993e-01, 1.9356e-01, 4.0387e-01, 6.3599e-02, 4.7661e-01, 7.1993e-01,
        4.7661e-01, 3.0375e-01, 4.7233e-01, 8.6409e-01, 7.4004e-01, 6.8553e-03,
        8.8196e-03, 4.7233e-01, 8.6409e-01, 4.7233e-01, 7.6989e-01, 7.5892e-01,
        2.1845e-02, 4.5296e-01, 2.1845e-02, 7.0705e-01, 1.6887e-01, 2.1845e-02,
        6.1117e-02, 4.5296e-01, 4.5296e-01, 3.0090e-02, 4.2551e-02, 2.9806e-01,
        3.7283e-01, 9.9513e-02, 9.9513e-02, 3.0273e-02, 7.2061e-02, 1.6185e-01,
        7.4421e-01, 5.1194e-01, 4.5496e-01, 2.4478e-02, 4.5496e-01, 4.5496e-01,
        7.2311e-01, 7.2311e-01, 4.5496e-01, 9.5230e-01, 4.5496e-01, 7.2311e-01,
        8.4466e-01, 4.4620e-02, 7.3797e-01, 5.0072e-01, 9.4356e-01, 7.3797e-01,
        9.4356e-01, 9.4356e-01, 2.9112e-02, 1.3742e-01, 7.0275e-01, 2.7835e-02,
        4.9172e-01, 4.9172e-01, 2.0551e-01, 9.4246e-01, 4.2432e-01, 2.2302e-02,
        5.9513e-02, 2.7835e-02], grad_fn=<SigmoidBackward0>)
target:  tensor([0., 1., 1., 1., 1., 1., 0., 1., 1., 0., 0., 1., 1., 1., 0., 1., 0., 0.,
        0., 0., 0., 1., 0., 0., 0., 1., 1., 1., 1., 0., 1., 0., 1., 0., 1., 0.,
        1., 1., 1., 0., 0., 0., 0., 0., 1., 1., 0., 0., 0., 0., 0., 0., 0., 1.,
        0., 1., 0., 1., 1., 1., 0., 1., 1., 1., 1., 1., 1., 1., 1., 1., 1., 1.,
        1., 0., 0., 1., 1., 1., 0., 1., 0., 1., 0., 0., 1., 1., 1., 1., 1., 1.,
        0., 1., 0., 0., 1., 0., 1., 1., 1., 1., 1., 1., 1., 1., 0., 1., 0., 1.,
        1., 1., 1., 1., 0., 1., 1., 1., 1., 1., 1., 0., 0., 0., 0., 0., 0., 0.,
        0., 0., 0., 0., 0., 0., 1., 1., 1., 1., 0., 0., 0., 0., 1., 1., 1., 1.,
        0., 1., 1., 0., 0., 0., 1., 0., 0., 1., 0., 1., 1., 1., 1., 1., 1., 0.,
        1., 1., 1., 1., 0., 1., 1., 0., 1., 0., 0., 1., 0., 0., 1., 1., 0., 1.,
        1., 1., 1., 1., 0., 1., 0., 1., 0., 0., 1., 0., 1., 0., 1., 1., 1., 0.,
        1., 1., 0., 1., 1., 0., 1., 1., 1., 1., 0., 1., 1., 0., 0., 0., 1., 0.,
        1., 0., 0., 1., 1., 1., 1., 1., 1., 1., 1., 1., 0., 1., 0., 1., 1., 1.,
        1., 1., 0., 1., 0., 1., 1., 1., 1., 1., 0., 0., 0., 0., 1., 0., 1., 1.,
        0., 1., 1., 1., 1., 1., 0., 1., 1., 0., 0., 0., 0., 0., 0., 1., 1., 0.,
        1., 1., 1., 1., 0., 1., 1., 1., 0., 1., 1., 1., 1., 1., 1., 1., 1., 0.,
        0., 1., 0., 0., 0., 0., 0., 0., 0., 0., 0., 0., 1., 1., 0., 1., 1., 1.,
        1., 1., 1., 1., 0., 1., 1., 1., 1., 0., 1., 1., 0., 0., 1., 0., 1., 1.,
        0., 1., 1., 0., 1., 1., 0., 1., 1., 0., 0., 1., 1., 0., 0., 0., 1., 1.,
        0., 1., 1., 1., 0., 1., 0., 1., 1., 0., 1., 1., 1., 0., 1., 0., 1., 0.,
        0., 1., 0., 0., 1., 0., 1., 1., 1., 1., 0., 1., 0., 1., 0., 0., 1., 0.,
        0., 1., 1., 0., 1., 0., 1., 1., 1., 1., 0., 0., 0., 0., 0., 1., 0., 0.,
        0., 1., 0., 1., 1., 1., 1., 1., 0., 1., 1., 1., 0., 1., 0., 0., 0., 0.,
        0., 0., 0., 0., 0., 0., 1., 1., 0., 0., 0., 0., 1., 1., 0., 0., 0., 0.,
        0., 0., 0., 0., 0., 0., 1., 1., 0., 0., 0., 1., 1., 0., 1., 1., 1., 0.,
        1., 1., 0., 1., 1., 1., 1., 1., 0., 1., 1., 0., 1., 1., 1., 0., 1., 1.,
        1., 0., 1., 1., 1., 0., 0., 1., 1., 1., 0., 1., 1., 1., 1., 1., 0., 1.,
        1., 1., 1., 1., 0., 1., 0., 1., 0., 1., 0., 1., 0., 1., 0., 1., 0., 0.,
        0., 0., 1., 1., 1., 0., 1., 0., 1., 1., 0., 0., 0., 1., 1., 0., 0., 0.,
        0., 0., 0., 0., 0., 0., 1., 1., 0., 0., 0., 1., 1., 0., 1., 1., 0., 1.,
        1., 1., 1., 1., 1., 1., 1., 1., 1., 1., 1., 1., 1., 0., 0., 0., 0., 0.,
        0., 0., 1., 1., 1., 1., 0., 1., 0., 1., 0., 0., 1., 1., 1., 1., 1., 1.,
        1., 1., 0., 0., 0., 1., 1., 0., 0., 1., 0., 0., 1., 0., 1., 0., 0., 1.,
        0., 1., 0., 1., 0., 1., 1., 0., 1., 1., 1., 1., 1., 0., 1., 0., 0., 0.,
        1., 1., 0., 1., 1., 1., 1., 1., 0., 0., 0., 0., 0., 1., 1., 0., 0., 0.,
        1., 0., 0., 1., 0., 0., 0., 1., 0., 1., 1., 0., 1., 0., 0., 1., 1., 1.,
        1., 1., 0., 0., 0., 1., 1., 0., 0., 1., 1., 1., 1., 1., 1., 1., 1., 0.,
        1., 0., 1., 1., 0., 1., 1., 0., 0., 1., 0., 1., 1., 1., 1., 1., 1., 1.,
        1., 1., 1., 1., 1., 0., 1., 1., 1., 1., 1., 1., 1., 1., 1., 0., 1., 1.,
        1., 0., 1., 1., 1., 1., 1., 1., 0., 1., 0., 1., 0., 1., 1., 1., 0., 1.,
        1., 0., 1., 1., 1., 0., 0., 1., 0., 0., 0., 0., 0., 0., 0., 0., 1., 0.,
        0., 0., 1., 1., 1., 1., 0., 0., 1., 0., 0., 0., 0., 0., 0., 0., 0., 0.,
        0., 1., 0., 0., 1., 1., 1., 1., 1., 1., 0., 1., 0., 1., 1., 0., 1., 1.,
        1., 0., 0., 1., 0., 1., 1., 1., 1., 1., 1., 1., 1., 1., 1., 1., 1., 1.,
        0., 0., 0., 0., 1., 1., 0., 0., 1., 1., 1., 1., 0., 1., 1., 1., 1., 1.,
        1., 1., 0., 0., 0., 1., 1., 0., 0., 0., 0., 0., 0., 0., 0., 0., 0., 0.,
        1., 1., 0., 0., 0., 0., 0., 0., 0., 0., 1., 0., 1., 1., 0., 1., 0., 1.,
        1., 1., 1., 1., 1., 1., 0., 1., 0., 0., 1., 1., 1., 1.])
loss:  tensor(0.6685, grad_fn=<MeanBackward0>) l2:  tensor(0.3059, grad_fn=<AddBackward0>) l2*coef tensor(0.0003, grad_fn=<MulBackward0>)
Iteration 40, loss: 0.6769678860902786
Epoch 1; time 1.0011
epoch 1 validating; auc: 0.5936
Model (checkpoint) saved to output/ml1m/env/ml1m_user_env_lr0.003_reg0.001.model
epoch 2 training
self.sigmoid(preds):  tensor([0.2028, 0.9570, 0.0309,  ..., 0.0672, 0.4801, 0.3669],
       grad_fn=<SigmoidBackward0>)
target:  tensor([0., 1., 0.,  ..., 1., 1., 1.])
loss:  tensor(0.6667, grad_fn=<MeanBackward0>) l2:  tensor(0.3048, grad_fn=<AddBackward0>) l2*coef tensor(0.0003, grad_fn=<MulBackward0>)
self.sigmoid(preds):  tensor([0.0814, 0.5004, 0.9458,  ..., 0.0648, 0.7459, 0.8481],
       grad_fn=<SigmoidBackward0>)
target:  tensor([0., 1., 0.,  ..., 1., 0., 1.])
loss:  tensor(0.6693, grad_fn=<MeanBackward0>) l2:  tensor(0.3036, grad_fn=<AddBackward0>) l2*coef tensor(0.0003, grad_fn=<MulBackward0>)
self.sigmoid(preds):  tensor([0.3836, 0.0316, 0.8834,  ..., 0.0204, 0.5128, 0.3739],
       grad_fn=<SigmoidBackward0>)
target:  tensor([0., 0., 0.,  ..., 0., 0., 0.])
loss:  tensor(0.6760, grad_fn=<MeanBackward0>) l2:  tensor(0.3023, grad_fn=<AddBackward0>) l2*coef tensor(0.0003, grad_fn=<MulBackward0>)
self.sigmoid(preds):  tensor([0.5876, 0.4357, 0.4357,  ..., 0.7605, 0.0302, 0.7903],
       grad_fn=<SigmoidBackward0>)
target:  tensor([1., 0., 1.,  ..., 1., 1., 1.])
loss:  tensor(0.6816, grad_fn=<MeanBackward0>) l2:  tensor(0.3008, grad_fn=<AddBackward0>) l2*coef tensor(0.0003, grad_fn=<MulBackward0>)
self.sigmoid(preds):  tensor([0.3190, 0.9887, 0.8473,  ..., 0.5217, 0.0026, 0.5217],
       grad_fn=<SigmoidBackward0>)
target:  tensor([0., 1., 0.,  ..., 1., 0., 0.])
loss:  tensor(0.6768, grad_fn=<MeanBackward0>) l2:  tensor(0.2993, grad_fn=<AddBackward0>) l2*coef tensor(0.0003, grad_fn=<MulBackward0>)
self.sigmoid(preds):  tensor([3.1838e-02, 6.5121e-04, 7.2995e-01,  ..., 5.3179e-01, 7.7064e-01,
        6.1461e-02], grad_fn=<SigmoidBackward0>)
target:  tensor([1., 1., 1.,  ..., 1., 1., 1.])
loss:  tensor(0.6646, grad_fn=<MeanBackward0>) l2:  tensor(0.2980, grad_fn=<AddBackward0>) l2*coef tensor(0.0003, grad_fn=<MulBackward0>)
self.sigmoid(preds):  tensor([0.9374, 0.4628, 0.4628,  ..., 0.1033, 0.7122, 0.1343],
       grad_fn=<SigmoidBackward0>)
target:  tensor([1., 1., 1.,  ..., 0., 1., 0.])
loss:  tensor(0.6568, grad_fn=<MeanBackward0>) l2:  tensor(0.2966, grad_fn=<AddBackward0>) l2*coef tensor(0.0003, grad_fn=<MulBackward0>)
self.sigmoid(preds):  tensor([0.0177, 0.7495, 0.0327,  ..., 0.6689, 0.0215, 0.2382],
       grad_fn=<SigmoidBackward0>)
target:  tensor([1., 1., 1.,  ..., 0., 1., 1.])
loss:  tensor(0.6747, grad_fn=<MeanBackward0>) l2:  tensor(0.2954, grad_fn=<AddBackward0>) l2*coef tensor(0.0003, grad_fn=<MulBackward0>)
self.sigmoid(preds):  tensor([0.0792, 0.0288, 0.5913,  ..., 0.9136, 0.5308, 0.1490],
       grad_fn=<SigmoidBackward0>)
target:  tensor([0., 0., 0.,  ..., 0., 0., 0.])
loss:  tensor(0.6770, grad_fn=<MeanBackward0>) l2:  tensor(0.2941, grad_fn=<AddBackward0>) l2*coef tensor(0.0003, grad_fn=<MulBackward0>)
self.sigmoid(preds):  tensor([0.0164, 0.1873, 0.4072,  ..., 0.0050, 0.6848, 0.6632],
       grad_fn=<SigmoidBackward0>)
target:  tensor([0., 1., 1.,  ..., 0., 1., 1.])
loss:  tensor(0.6790, grad_fn=<MeanBackward0>) l2:  tensor(0.2929, grad_fn=<AddBackward0>) l2*coef tensor(0.0003, grad_fn=<MulBackward0>)
Iteration 10, loss: 0.6725433647632599
self.sigmoid(preds):  tensor([0.6062, 0.0231, 0.0231,  ..., 0.3848, 0.1184, 0.3848],
       grad_fn=<SigmoidBackward0>)
target:  tensor([1., 1., 1.,  ..., 1., 1., 1.])
loss:  tensor(0.6713, grad_fn=<MeanBackward0>) l2:  tensor(0.2919, grad_fn=<AddBackward0>) l2*coef tensor(0.0003, grad_fn=<MulBackward0>)
self.sigmoid(preds):  tensor([0.4021, 0.1312, 0.0967,  ..., 0.0253, 0.4051, 0.1688],
       grad_fn=<SigmoidBackward0>)
target:  tensor([1., 0., 0.,  ..., 0., 1., 0.])
loss:  tensor(0.6752, grad_fn=<MeanBackward0>) l2:  tensor(0.2909, grad_fn=<AddBackward0>) l2*coef tensor(0.0003, grad_fn=<MulBackward0>)
self.sigmoid(preds):  tensor([0.0396, 0.3617, 0.3617,  ..., 0.1625, 0.6591, 0.0127],
       grad_fn=<SigmoidBackward0>)
target:  tensor([1., 1., 1.,  ..., 1., 1., 1.])
loss:  tensor(0.6751, grad_fn=<MeanBackward0>) l2:  tensor(0.2897, grad_fn=<AddBackward0>) l2*coef tensor(0.0003, grad_fn=<MulBackward0>)
self.sigmoid(preds):  tensor([0.3827, 0.0429, 0.0626,  ..., 0.6919, 0.4027, 0.4066],
       grad_fn=<SigmoidBackward0>)
target:  tensor([0., 0., 1.,  ..., 1., 1., 1.])
loss:  tensor(0.6701, grad_fn=<MeanBackward0>) l2:  tensor(0.2882, grad_fn=<AddBackward0>) l2*coef tensor(0.0003, grad_fn=<MulBackward0>)
self.sigmoid(preds):  tensor([0.9612, 0.4941, 0.6210,  ..., 0.3989, 0.3411, 0.3411],
       grad_fn=<SigmoidBackward0>)
target:  tensor([0., 1., 0.,  ..., 1., 1., 1.])
loss:  tensor(0.6858, grad_fn=<MeanBackward0>) l2:  tensor(0.2866, grad_fn=<AddBackward0>) l2*coef tensor(0.0003, grad_fn=<MulBackward0>)
self.sigmoid(preds):  tensor([0.4823, 0.2075, 0.2075,  ..., 0.0159, 0.0159, 0.0874],
       grad_fn=<SigmoidBackward0>)
target:  tensor([0., 0., 1.,  ..., 0., 0., 1.])
loss:  tensor(0.6885, grad_fn=<MeanBackward0>) l2:  tensor(0.2852, grad_fn=<AddBackward0>) l2*coef tensor(0.0003, grad_fn=<MulBackward0>)
self.sigmoid(preds):  tensor([0.6682, 0.9198, 0.1687,  ..., 0.4770, 0.7043, 0.4770],
       grad_fn=<SigmoidBackward0>)
target:  tensor([1., 1., 1.,  ..., 1., 1., 0.])
loss:  tensor(0.6677, grad_fn=<MeanBackward0>) l2:  tensor(0.2837, grad_fn=<AddBackward0>) l2*coef tensor(0.0003, grad_fn=<MulBackward0>)
self.sigmoid(preds):  tensor([0.1204, 0.0177, 0.0762,  ..., 0.6969, 0.8512, 0.7008],
       grad_fn=<SigmoidBackward0>)
target:  tensor([1., 1., 1.,  ..., 1., 1., 1.])
loss:  tensor(0.6653, grad_fn=<MeanBackward0>) l2:  tensor(0.2822, grad_fn=<AddBackward0>) l2*coef tensor(0.0003, grad_fn=<MulBackward0>)
self.sigmoid(preds):  tensor([0.9297, 0.0881, 0.4959,  ..., 0.0416, 0.1823, 0.1823],
       grad_fn=<SigmoidBackward0>)
target:  tensor([0., 1., 0.,  ..., 1., 1., 1.])
loss:  tensor(0.6810, grad_fn=<MeanBackward0>) l2:  tensor(0.2805, grad_fn=<AddBackward0>) l2*coef tensor(0.0003, grad_fn=<MulBackward0>)
self.sigmoid(preds):  tensor([0.0072, 0.0130, 0.0065,  ..., 0.1608, 0.4353, 0.0538],
       grad_fn=<SigmoidBackward0>)
target:  tensor([1., 0., 0.,  ..., 1., 1., 1.])
loss:  tensor(0.6575, grad_fn=<MeanBackward0>) l2:  tensor(0.2790, grad_fn=<AddBackward0>) l2*coef tensor(0.0003, grad_fn=<MulBackward0>)
Iteration 20, loss: 0.6732873111963272
self.sigmoid(preds):  tensor([0.5506, 0.0154, 0.0840,  ..., 0.0541, 0.4007, 0.6359],
       grad_fn=<SigmoidBackward0>)
target:  tensor([1., 0., 0.,  ..., 0., 0., 0.])
loss:  tensor(0.6649, grad_fn=<MeanBackward0>) l2:  tensor(0.2778, grad_fn=<AddBackward0>) l2*coef tensor(0.0003, grad_fn=<MulBackward0>)
self.sigmoid(preds):  tensor([0.1577, 0.4413, 0.1548,  ..., 0.4734, 0.6879, 0.4734],
       grad_fn=<SigmoidBackward0>)
target:  tensor([1., 1., 1.,  ..., 1., 1., 1.])
loss:  tensor(0.6571, grad_fn=<MeanBackward0>) l2:  tensor(0.2768, grad_fn=<AddBackward0>) l2*coef tensor(0.0003, grad_fn=<MulBackward0>)
self.sigmoid(preds):  tensor([0.9431, 0.0641, 0.6031,  ..., 0.1889, 0.8094, 0.4427],
       grad_fn=<SigmoidBackward0>)
target:  tensor([1., 1., 1.,  ..., 0., 1., 0.])
loss:  tensor(0.6672, grad_fn=<MeanBackward0>) l2:  tensor(0.2757, grad_fn=<AddBackward0>) l2*coef tensor(0.0003, grad_fn=<MulBackward0>)
self.sigmoid(preds):  tensor([0.8769, 0.1041, 0.9432,  ..., 0.4116, 0.0572, 0.6005],
       grad_fn=<SigmoidBackward0>)
target:  tensor([1., 1., 0.,  ..., 1., 0., 1.])
loss:  tensor(0.6780, grad_fn=<MeanBackward0>) l2:  tensor(0.2746, grad_fn=<AddBackward0>) l2*coef tensor(0.0003, grad_fn=<MulBackward0>)
self.sigmoid(preds):  tensor([0.7024, 0.3943, 0.2552,  ..., 0.3280, 0.2946, 0.0195],
       grad_fn=<SigmoidBackward0>)
target:  tensor([1., 0., 0.,  ..., 0., 0., 1.])
loss:  tensor(0.6639, grad_fn=<MeanBackward0>) l2:  tensor(0.2735, grad_fn=<AddBackward0>) l2*coef tensor(0.0003, grad_fn=<MulBackward0>)
self.sigmoid(preds):  tensor([0.2269, 0.0394, 0.5782,  ..., 0.9406, 0.2336, 0.6093],
       grad_fn=<SigmoidBackward0>)
target:  tensor([0., 0., 0.,  ..., 1., 1., 1.])
loss:  tensor(0.6779, grad_fn=<MeanBackward0>) l2:  tensor(0.2725, grad_fn=<AddBackward0>) l2*coef tensor(0.0003, grad_fn=<MulBackward0>)
self.sigmoid(preds):  tensor([0.5007, 0.3868, 0.2272,  ..., 0.1976, 0.0854, 0.4391],
       grad_fn=<SigmoidBackward0>)
target:  tensor([1., 1., 1.,  ..., 1., 0., 1.])
loss:  tensor(0.6711, grad_fn=<MeanBackward0>) l2:  tensor(0.2718, grad_fn=<AddBackward0>) l2*coef tensor(0.0003, grad_fn=<MulBackward0>)
self.sigmoid(preds):  tensor([0.0111, 0.1885, 0.4372,  ..., 0.6278, 0.8766, 0.5792],
       grad_fn=<SigmoidBackward0>)
target:  tensor([1., 1., 1.,  ..., 1., 1., 0.])
loss:  tensor(0.6635, grad_fn=<MeanBackward0>) l2:  tensor(0.2713, grad_fn=<AddBackward0>) l2*coef tensor(0.0003, grad_fn=<MulBackward0>)
self.sigmoid(preds):  tensor([0.8774, 0.0840, 0.7691,  ..., 0.0618, 0.2028, 0.0618],
       grad_fn=<SigmoidBackward0>)
target:  tensor([0., 1., 1.,  ..., 0., 0., 0.])
loss:  tensor(0.6819, grad_fn=<MeanBackward0>) l2:  tensor(0.2706, grad_fn=<AddBackward0>) l2*coef tensor(0.0003, grad_fn=<MulBackward0>)
self.sigmoid(preds):  tensor([0.0722, 0.0722, 0.0722,  ..., 0.1253, 0.0806, 0.3296],
       grad_fn=<SigmoidBackward0>)
target:  tensor([1., 1., 0.,  ..., 1., 0., 0.])
loss:  tensor(0.6657, grad_fn=<MeanBackward0>) l2:  tensor(0.2700, grad_fn=<AddBackward0>) l2*coef tensor(0.0003, grad_fn=<MulBackward0>)
Iteration 30, loss: 0.671989627679189
self.sigmoid(preds):  tensor([0.7421, 0.5453, 0.3567,  ..., 0.1656, 0.5363, 0.6516],
       grad_fn=<SigmoidBackward0>)
target:  tensor([1., 1., 0.,  ..., 1., 1., 0.])
loss:  tensor(0.6621, grad_fn=<MeanBackward0>) l2:  tensor(0.2698, grad_fn=<AddBackward0>) l2*coef tensor(0.0003, grad_fn=<MulBackward0>)
self.sigmoid(preds):  tensor([0.5994, 0.0127, 0.6873,  ..., 0.7452, 0.0638, 0.0073],
       grad_fn=<SigmoidBackward0>)
target:  tensor([0., 1., 1.,  ..., 1., 1., 1.])
loss:  tensor(0.6638, grad_fn=<MeanBackward0>) l2:  tensor(0.2694, grad_fn=<AddBackward0>) l2*coef tensor(0.0003, grad_fn=<MulBackward0>)
self.sigmoid(preds):  tensor([0.3801, 0.7972, 0.3801,  ..., 0.2952, 0.8630, 0.0607],
       grad_fn=<SigmoidBackward0>)
target:  tensor([0., 1., 1.,  ..., 1., 0., 1.])
loss:  tensor(0.6725, grad_fn=<MeanBackward0>) l2:  tensor(0.2690, grad_fn=<AddBackward0>) l2*coef tensor(0.0003, grad_fn=<MulBackward0>)
self.sigmoid(preds):  tensor([0.2684, 0.4805, 0.7722,  ..., 0.0717, 0.0195, 0.2209],
       grad_fn=<SigmoidBackward0>)
target:  tensor([0., 0., 0.,  ..., 0., 0., 0.])
loss:  tensor(0.6692, grad_fn=<MeanBackward0>) l2:  tensor(0.2684, grad_fn=<AddBackward0>) l2*coef tensor(0.0003, grad_fn=<MulBackward0>)
self.sigmoid(preds):  tensor([0.8258, 0.0027, 0.3241,  ..., 0.7491, 0.0767, 0.0518],
       grad_fn=<SigmoidBackward0>)
target:  tensor([1., 1., 1.,  ..., 0., 0., 0.])
loss:  tensor(0.6632, grad_fn=<MeanBackward0>) l2:  tensor(0.2680, grad_fn=<AddBackward0>) l2*coef tensor(0.0003, grad_fn=<MulBackward0>)
self.sigmoid(preds):  tensor([0.7915, 0.0101, 0.3490,  ..., 0.0270, 0.1412, 0.8314],
       grad_fn=<SigmoidBackward0>)
target:  tensor([1., 1., 1.,  ..., 0., 1., 0.])
loss:  tensor(0.6713, grad_fn=<MeanBackward0>) l2:  tensor(0.2674, grad_fn=<AddBackward0>) l2*coef tensor(0.0003, grad_fn=<MulBackward0>)
self.sigmoid(preds):  tensor([0.9536, 0.0904, 0.0838,  ..., 0.9490, 0.0170, 0.3171],
       grad_fn=<SigmoidBackward0>)
target:  tensor([1., 0., 0.,  ..., 1., 1., 0.])
loss:  tensor(0.6645, grad_fn=<MeanBackward0>) l2:  tensor(0.2666, grad_fn=<AddBackward0>) l2*coef tensor(0.0003, grad_fn=<MulBackward0>)
self.sigmoid(preds):  tensor([0.0556, 0.0556, 0.1294,  ..., 0.4112, 0.5510, 0.5510],
       grad_fn=<SigmoidBackward0>)
target:  tensor([0., 0., 0.,  ..., 0., 1., 1.])
loss:  tensor(0.6800, grad_fn=<MeanBackward0>) l2:  tensor(0.2660, grad_fn=<AddBackward0>) l2*coef tensor(0.0003, grad_fn=<MulBackward0>)
self.sigmoid(preds):  tensor([0.0229, 0.8491, 0.0455,  ..., 0.0217, 0.3703, 0.7491],
       grad_fn=<SigmoidBackward0>)
target:  tensor([0., 0., 0.,  ..., 1., 0., 1.])
loss:  tensor(0.6864, grad_fn=<MeanBackward0>) l2:  tensor(0.2656, grad_fn=<AddBackward0>) l2*coef tensor(0.0003, grad_fn=<MulBackward0>)
self.sigmoid(preds):  tensor([9.9731e-01, 2.2213e-01, 1.2329e-03, 8.9348e-02, 6.3222e-02, 5.5150e-02,
        1.4418e-01, 1.4760e-02, 7.5033e-03, 1.2681e-01, 2.2170e-03, 7.3419e-02,
        1.1668e-01, 2.3423e-01, 3.1518e-02, 1.3296e-01, 5.3158e-01, 3.1518e-02,
        1.3296e-01, 7.3419e-02, 6.6193e-01, 1.0422e-02, 9.3435e-02, 6.7359e-02,
        4.8641e-01, 6.9659e-03, 1.3585e-01, 1.4685e-02, 4.1775e-04, 8.7960e-03,
        3.2666e-01, 9.0757e-01, 8.0698e-01, 5.6348e-01, 4.5256e-01, 7.8110e-01,
        1.1142e-01, 1.2161e-01, 2.8052e-01, 6.1221e-01, 5.3826e-01, 1.4139e-01,
        3.2593e-02, 5.3826e-01, 1.1724e-01, 7.2107e-01, 4.8744e-02, 7.9269e-01,
        3.5407e-01, 6.0770e-01, 5.6082e-01, 4.2723e-01, 1.2433e-01, 2.4344e-01,
        3.9688e-01, 1.0274e-01, 8.7860e-01, 5.6082e-01, 5.6082e-01, 3.9354e-01,
        5.8488e-01, 4.0587e-01, 2.7141e-01, 9.8452e-01, 9.5440e-01, 5.0951e-01,
        7.8060e-01, 4.0172e-02, 8.1830e-01, 9.6900e-01, 2.5549e-01, 7.8834e-02,
        1.8973e-01, 6.0713e-02, 1.4667e-01, 3.1179e-02, 5.2112e-02, 2.9275e-01,
        4.9226e-03, 1.1933e-02, 2.1420e-01, 5.8940e-01, 6.9898e-02, 3.3965e-02,
        1.4838e-02, 6.8788e-02, 2.4726e-01, 4.4992e-01, 3.8270e-02, 4.1295e-02,
        4.0457e-02, 2.2728e-01, 3.5069e-01, 7.1287e-01, 4.3945e-01, 6.7200e-02,
        4.4917e-01, 4.3945e-01, 5.4156e-02, 2.2608e-02, 1.2498e-01, 4.6256e-01,
        3.1745e-01, 2.2869e-01, 8.9599e-01, 3.1745e-01, 8.1973e-01, 3.7382e-02,
        7.8190e-01, 4.3964e-01, 7.5312e-01, 3.8866e-01, 5.6160e-01, 9.1956e-01,
        8.3238e-02, 7.1365e-01, 4.3477e-01, 3.9108e-01, 6.3491e-01, 6.1738e-01,
        9.1791e-02, 3.4914e-02, 4.8520e-01, 9.6640e-01, 2.9968e-02, 4.8520e-01,
        7.2642e-02, 8.3426e-01, 4.1153e-01, 4.8520e-01, 6.1334e-01, 4.4597e-02,
        2.4822e-02, 4.1906e-01, 2.2485e-01, 6.0526e-02, 1.0566e-01, 6.8668e-01,
        6.3773e-01, 7.4090e-02, 2.2853e-01, 3.8724e-02, 5.0573e-01, 8.4664e-01,
        1.2040e-02, 5.8560e-01, 1.6834e-02, 3.0414e-02, 7.4247e-01, 7.4247e-01,
        8.6970e-01, 1.0240e-01, 6.9307e-02, 3.8682e-01, 4.4901e-01, 8.1046e-01,
        7.1007e-01, 8.2600e-01, 4.5555e-01, 2.4324e-01, 9.2007e-02, 1.2591e-01,
        1.3747e-01, 5.5071e-02, 2.0143e-01, 1.2591e-01, 4.1358e-01, 2.0143e-01,
        2.3797e-01, 4.1358e-01, 5.0694e-02, 1.0109e-01, 3.6958e-01, 1.0109e-01,
        3.6958e-01, 4.8095e-01, 7.2714e-02, 3.2815e-01, 7.5423e-01, 5.0155e-01,
        6.0097e-02, 5.7303e-01, 2.5288e-01, 5.7303e-01, 3.1437e-02, 8.2918e-01,
        6.3694e-02, 4.2277e-01, 5.7303e-01, 4.2277e-01, 5.6577e-02, 7.7842e-01,
        2.3605e-02, 9.1698e-02, 3.6052e-01, 9.5603e-02, 6.3140e-01, 1.3828e-01,
        1.3828e-01, 1.3828e-01, 4.0729e-02, 2.2560e-01, 5.3445e-02, 5.9246e-03,
        2.4438e-02, 9.3095e-01, 6.1135e-01, 9.6177e-03, 9.2554e-01, 3.4449e-01,
        3.2503e-01, 4.9346e-01, 4.9346e-01, 7.3519e-01, 7.0347e-01, 6.7044e-01,
        4.9346e-01, 8.9752e-01, 4.0183e-02, 2.7346e-01, 4.2060e-02, 9.5807e-01,
        6.7210e-01, 4.0164e-03, 4.9532e-01, 8.1157e-01, 6.7210e-01, 9.1625e-01,
        1.5612e-01, 2.7738e-01, 1.1050e-01, 8.9551e-01, 5.8545e-01, 1.1050e-01,
        5.8545e-01, 5.8545e-01, 3.6882e-01, 5.4779e-01, 5.8545e-01, 7.7977e-01,
        5.0767e-01, 2.9979e-01, 5.0319e-02, 5.0767e-01, 5.0767e-01, 9.8821e-01,
        5.0319e-02, 8.9126e-01, 1.8838e-01, 5.0767e-01, 7.8950e-01, 6.1354e-02,
        4.6421e-01, 7.4763e-01, 3.5082e-01, 4.6421e-01, 4.6421e-01, 1.2666e-01,
        8.8216e-01, 7.5765e-01, 5.5308e-01, 6.2043e-02, 2.7038e-01, 1.4760e-01,
        1.6042e-01, 3.2331e-01, 6.2043e-02, 3.9172e-01, 5.5522e-01, 8.1857e-02,
        4.1700e-01, 3.6010e-01, 4.5530e-02, 8.6501e-02, 5.8082e-01, 8.5685e-01,
        1.3463e-01, 4.5530e-02, 5.5628e-03, 8.5685e-01, 1.9092e-01, 4.2221e-01,
        7.3847e-01, 1.9092e-01, 1.0857e-01, 8.4920e-01, 1.9092e-01, 8.5602e-01,
        9.6767e-01, 7.3847e-01, 2.8972e-01, 4.8857e-01, 6.0531e-01, 4.7290e-01,
        3.2201e-04, 9.0130e-02, 7.6849e-01, 1.1481e-01, 9.0130e-02, 6.5980e-01,
        4.9980e-02, 5.3063e-02, 5.3063e-02, 5.3063e-02, 3.3799e-02, 5.0966e-01,
        5.3063e-02, 5.3063e-02, 7.5358e-03, 5.3063e-02, 1.4624e-02, 1.0292e-01,
        4.5212e-03, 1.5451e-01, 4.1741e-01, 1.4624e-02, 1.4624e-02, 4.2895e-01,
        2.7579e-02, 2.7345e-01, 1.2320e-02, 8.5781e-04, 5.2342e-01, 1.4015e-01,
        2.0054e-01, 3.9547e-02, 6.5024e-01, 1.7524e-02, 5.6042e-01, 8.0732e-01,
        6.8564e-03, 3.8550e-01, 8.6061e-01, 3.0892e-03, 3.5082e-02, 6.0247e-01,
        1.2119e-01, 5.5964e-01, 6.6605e-01, 6.0855e-02, 9.5530e-01, 3.7188e-02,
        3.7188e-02, 4.8016e-02, 3.7188e-02, 3.7188e-02, 1.8967e-03, 3.7188e-02,
        8.6177e-03, 2.5750e-02, 5.0953e-02, 2.8579e-01, 7.3463e-01, 3.2294e-01,
        4.8054e-02, 9.4126e-01, 7.7626e-01, 5.0953e-02, 1.3668e-02, 1.2108e-01,
        2.7437e-02, 6.9416e-01, 1.6958e-01, 9.2499e-01, 9.2337e-01, 3.0891e-01,
        3.0891e-01, 2.5711e-01, 3.1382e-02, 6.3810e-02, 9.5573e-01, 9.8922e-01,
        8.1105e-03, 4.1356e-02, 7.1389e-01, 3.2233e-01, 8.2167e-02, 8.2167e-02,
        9.3667e-02, 2.8304e-02, 5.6059e-02, 4.2583e-01, 9.0727e-01, 4.2583e-01,
        3.2989e-01, 4.2583e-01, 5.7620e-01, 5.7620e-01, 4.2583e-01, 4.2583e-01,
        1.2431e-01, 8.7023e-01, 5.5569e-01, 8.5981e-01, 8.7023e-01, 4.1341e-01,
        2.2912e-01, 4.1341e-01, 2.4437e-01, 1.0958e-01, 1.6412e-01, 2.2524e-02,
        2.2524e-02, 6.0440e-02, 5.6115e-01, 3.5790e-02, 7.5351e-02, 1.3419e-01,
        1.6412e-01, 2.7525e-01, 1.8881e-02, 8.2278e-01, 8.1360e-01, 9.3159e-01,
        6.8535e-01, 7.6435e-01, 9.7424e-01, 8.2278e-01, 7.8043e-02, 1.1766e-01,
        8.0383e-01, 1.0592e-01, 4.6057e-01, 2.6765e-01, 6.9659e-01, 4.9544e-02,
        2.6056e-01, 2.9932e-02, 7.1997e-01, 8.9774e-02, 9.3521e-01, 6.5186e-01,
        3.9424e-01, 1.0960e-01, 4.0630e-01, 1.0480e-01, 8.5063e-01, 6.5505e-01,
        6.5186e-01, 1.8580e-01, 3.1683e-02, 5.5559e-01, 1.3806e-01, 5.2941e-02,
        7.0844e-01, 1.3806e-01, 5.5607e-01, 2.9262e-01, 5.1326e-01, 7.6273e-02,
        4.3048e-01, 4.0303e-01, 5.6258e-01, 9.6059e-01, 9.8146e-02, 7.6777e-01,
        1.1127e-01, 4.0391e-02, 9.0734e-02, 9.2718e-02, 8.4008e-04, 1.4302e-01,
        1.2166e-02, 3.7780e-02, 1.6034e-02, 6.3856e-04, 4.8222e-01, 5.7837e-03,
        3.7780e-02, 2.6107e-01, 3.9161e-01, 8.9551e-01, 8.7766e-01, 3.9161e-01,
        1.4822e-01, 6.5978e-01, 1.0558e-03, 2.3536e-02, 5.3560e-01, 5.3560e-01,
        5.5376e-01, 5.1357e-01, 3.8722e-01, 3.6650e-01, 1.6195e-01, 5.5376e-01,
        3.6650e-01, 3.6650e-01, 3.6650e-01, 5.5376e-01, 9.2149e-01, 1.1286e-02,
        7.7664e-02, 3.3577e-02, 5.2481e-01, 7.7664e-02, 4.0103e-01, 3.3577e-02,
        7.3968e-01, 8.2585e-02, 8.4460e-01, 8.7490e-01, 8.7370e-01, 2.4887e-01,
        8.7370e-01, 1.6035e-01, 1.3532e-01, 3.5303e-01, 2.5117e-01, 4.6860e-01,
        2.5865e-02, 2.6057e-02, 4.8504e-02, 1.7091e-01, 4.9407e-03, 6.3648e-02,
        4.8504e-02, 2.5865e-02, 5.1076e-04, 2.5865e-02, 6.4923e-01, 1.4360e-01,
        5.1572e-01, 1.9906e-03, 4.4171e-02, 6.2118e-01, 2.4069e-02, 6.3491e-01,
        3.0061e-01, 2.9990e-01, 3.6329e-02, 2.5158e-01, 7.9715e-01, 2.6636e-01,
        6.5131e-01, 8.9225e-01, 2.4728e-02, 7.1545e-01, 3.8032e-02, 3.8032e-02,
        2.0112e-01, 1.7111e-02, 1.7111e-02, 1.7111e-02, 2.4397e-01, 8.8315e-04,
        8.3937e-03, 8.8315e-04, 2.0112e-01, 3.5584e-03, 3.6950e-01, 1.5127e-01,
        1.5127e-01, 1.5127e-01, 1.5127e-01, 7.0771e-01, 1.5127e-01, 6.1709e-02,
        4.1733e-02, 4.1733e-02, 2.0292e-01, 2.8452e-02, 2.8452e-02, 1.4358e-02,
        6.8619e-02, 2.0292e-01, 1.6208e-01, 1.4358e-02, 1.5922e-01, 6.2208e-04,
        5.3013e-01, 5.3013e-01, 5.3013e-01, 5.3013e-01, 7.8220e-01, 1.3064e-01,
        5.3013e-01, 7.6265e-01, 2.9489e-01, 8.9638e-01, 2.7385e-01, 1.4673e-02,
        6.1326e-01, 2.7385e-01, 4.1517e-01, 2.7385e-01, 4.1517e-01, 2.7385e-01,
        1.4673e-02, 2.9246e-02, 9.7018e-01, 4.8001e-01, 8.8994e-01, 9.3399e-01,
        4.8001e-01, 9.4694e-01, 3.0270e-01, 1.8296e-01, 8.1975e-01, 3.0270e-01,
        4.8466e-01, 3.1200e-01, 6.2585e-01, 6.1356e-01, 6.2585e-01, 7.5741e-01,
        8.9414e-01, 4.7166e-01, 6.2585e-01, 6.2585e-01, 7.6776e-01, 6.4524e-01,
        6.4524e-01, 6.1439e-01, 6.4524e-01, 6.4524e-01, 1.8957e-01, 9.7640e-01,
        6.4524e-01, 6.4524e-01, 5.8583e-02, 5.1979e-01, 8.8646e-01, 9.7109e-01,
        5.6060e-02, 9.1270e-01, 1.4058e-02, 1.9947e-01, 5.1979e-01, 7.0107e-01,
        1.6406e-01, 6.4807e-01, 9.8000e-01, 3.3256e-01, 4.3853e-01, 7.1448e-01,
        6.4807e-01, 6.0190e-01, 4.3853e-01, 6.4507e-03, 5.3980e-01, 6.6548e-02,
        3.3770e-01, 6.6548e-02, 9.3599e-01, 6.6548e-02, 5.2029e-01, 6.6548e-02,
        5.2421e-01, 2.6620e-02, 2.8931e-01, 1.1853e-01, 4.5648e-01, 3.1182e-02,
        2.9524e-01, 3.1182e-02, 1.5801e-02, 4.5648e-01, 4.2358e-01, 1.4940e-03,
        3.5938e-01, 6.1685e-01, 5.6881e-01, 8.1716e-01, 7.5217e-01, 5.6881e-01,
        6.1685e-01, 6.1685e-01, 4.6999e-01, 6.1685e-01, 4.0412e-03, 8.4473e-01,
        7.9254e-02, 1.9259e-03, 2.7922e-02, 1.4113e-02, 3.9507e-02, 6.7775e-01,
        6.2181e-02, 5.0380e-03, 6.8639e-01, 9.6623e-01, 3.3079e-02, 8.8614e-01,
        8.0142e-01, 1.9627e-01, 9.9564e-01, 3.2264e-01, 2.1006e-02, 1.3345e-02,
        6.3348e-01, 5.9185e-03, 3.5179e-01, 3.5179e-01, 1.8675e-01, 6.1764e-01,
        3.5179e-01, 3.5179e-01, 3.5179e-01, 9.0587e-03, 5.9361e-01, 4.8125e-02,
        8.7793e-03, 5.1128e-01, 1.1835e-03, 5.4206e-02, 1.9299e-01, 8.5356e-01,
        8.5356e-01, 6.5263e-01, 3.1616e-02, 9.2833e-01, 8.6287e-01, 2.0832e-01,
        3.2737e-01, 5.1930e-01, 1.6758e-02, 3.5384e-01, 8.2429e-02, 7.2166e-02,
        1.3021e-02, 4.8055e-01, 1.3021e-02, 2.5423e-01, 4.8055e-01, 2.4935e-01,
        1.5637e-02, 4.8680e-01, 4.8055e-01, 6.1030e-04, 1.7568e-01, 4.0040e-01,
        1.5265e-01, 7.5709e-01, 3.5765e-01, 9.1985e-01, 1.2866e-01, 4.0040e-01,
        4.3916e-02, 2.5988e-01, 3.4172e-03, 6.9163e-01, 4.7379e-01, 5.1580e-02,
        5.1580e-02, 5.8779e-03, 4.7379e-01, 2.9742e-03, 3.1665e-02, 9.7609e-02,
        9.3177e-01, 7.3934e-01, 3.4408e-02, 3.0877e-02, 2.0606e-02, 1.4883e-01,
        7.5993e-02, 7.5993e-02, 7.7291e-01, 5.1773e-01, 4.5821e-01, 4.4020e-02,
        8.3696e-02, 4.5821e-01, 6.0117e-01, 2.9687e-01, 4.6135e-01, 4.5821e-01,
        1.4001e-01, 8.2037e-01, 9.5633e-02, 2.8085e-01, 1.4481e-01, 5.1295e-01,
        2.4242e-02, 8.0513e-01, 3.6611e-02, 6.5243e-01, 9.1328e-01, 7.1465e-01,
        1.3219e-02, 3.4956e-01, 5.7595e-02, 5.7595e-02, 3.1311e-01, 7.1218e-02,
        8.5870e-01, 6.7318e-01, 2.9554e-01, 5.9667e-02, 2.1774e-01, 3.1541e-02,
        3.1541e-02, 3.1541e-02, 3.1541e-02, 6.2548e-02, 3.1541e-02, 8.1127e-02,
        3.0066e-01, 1.5808e-02, 7.1100e-01, 2.3932e-02, 8.0870e-04, 3.8848e-01,
        3.8848e-01, 7.6190e-03, 7.6354e-01, 3.9637e-03, 3.8848e-01, 7.1074e-01,
        3.7702e-01, 6.0867e-02, 3.7702e-01, 3.7702e-01, 3.7702e-01, 1.1434e-01,
        5.1434e-02, 5.2341e-01, 5.3748e-02, 5.1434e-02, 8.2319e-02, 7.1208e-02,
        2.5470e-04, 1.6902e-01, 5.1960e-02, 7.1208e-02, 2.8426e-03, 4.8582e-02,
        9.3455e-02, 1.2893e-01, 1.6954e-02, 1.3658e-01, 5.5606e-02, 3.6412e-01,
        3.0599e-02, 2.4130e-02, 3.0599e-02, 4.4384e-01, 1.6954e-02, 1.3658e-01,
        8.6949e-01, 9.8962e-02, 4.5824e-01, 3.8100e-01, 7.4081e-01, 5.4314e-01,
        9.1369e-02, 9.1369e-02, 4.8514e-01, 8.8126e-01, 7.1014e-01, 8.8788e-01,
        5.4794e-01, 3.3447e-01, 4.7729e-01, 6.8076e-02, 9.4980e-02, 5.2160e-02,
        7.3867e-01, 3.3097e-02], grad_fn=<SigmoidBackward0>)
target:  tensor([0., 0., 1., 0., 0., 0., 0., 0., 0., 0., 0., 0., 0., 0., 0., 1., 1., 0.,
        1., 0., 0., 0., 0., 0., 0., 0., 0., 0., 0., 0., 0., 1., 1., 1., 1., 1.,
        1., 1., 1., 1., 1., 1., 0., 1., 1., 0., 1., 1., 1., 1., 0., 0., 1., 0.,
        1., 1., 1., 0., 0., 0., 1., 1., 1., 1., 1., 1., 1., 0., 0., 1., 0., 0.,
        0., 0., 1., 1., 0., 1., 0., 0., 1., 1., 0., 1., 1., 1., 1., 0., 1., 1.,
        0., 1., 1., 0., 1., 0., 0., 1., 0., 0., 1., 0., 0., 1., 1., 0., 1., 0.,
        1., 1., 0., 1., 1., 1., 1., 1., 1., 1., 1., 0., 1., 1., 1., 1., 1., 1.,
        0., 1., 1., 1., 0., 0., 1., 1., 1., 1., 0., 1., 1., 0., 0., 1., 1., 1.,
        0., 1., 0., 0., 1., 1., 1., 1., 1., 0., 0., 0., 1., 0., 1., 1., 0., 1.,
        0., 1., 1., 1., 0., 0., 0., 0., 1., 0., 1., 1., 1., 1., 1., 1., 0., 0.,
        1., 1., 1., 1., 1., 1., 1., 1., 1., 1., 1., 1., 1., 0., 1., 1., 1., 1.,
        1., 1., 1., 0., 0., 0., 1., 1., 1., 1., 1., 1., 1., 1., 1., 1., 0., 1.,
        1., 1., 0., 0., 1., 1., 1., 1., 1., 0., 1., 1., 0., 0., 1., 0., 1., 1.,
        0., 1., 0., 1., 0., 1., 1., 0., 0., 0., 0., 0., 1., 0., 1., 1., 1., 1.,
        1., 1., 1., 1., 1., 0., 1., 1., 1., 0., 0., 0., 0., 0., 0., 0., 0., 0.,
        1., 1., 1., 0., 1., 1., 0., 1., 1., 1., 1., 1., 1., 1., 1., 1., 1., 1.,
        1., 0., 1., 1., 1., 1., 1., 1., 0., 1., 1., 1., 1., 0., 0., 1., 0., 1.,
        0., 0., 0., 0., 0., 0., 0., 0., 0., 0., 0., 0., 0., 0., 1., 1., 0., 0.,
        0., 1., 0., 1., 1., 1., 1., 1., 1., 0., 0., 0., 0., 1., 0., 0., 0., 0.,
        0., 0., 0., 0., 0., 0., 0., 0., 0., 1., 1., 1., 1., 1., 1., 1., 1., 1.,
        1., 1., 1., 0., 1., 1., 1., 1., 1., 1., 1., 1., 0., 0., 1., 1., 0., 0.,
        0., 0., 0., 0., 1., 1., 1., 1., 1., 1., 1., 0., 1., 1., 1., 1., 1., 1.,
        1., 0., 1., 1., 1., 1., 0., 0., 1., 1., 0., 0., 1., 1., 1., 1., 1., 1.,
        0., 0., 1., 1., 1., 0., 1., 0., 0., 1., 1., 0., 1., 1., 0., 0., 1., 1.,
        1., 1., 1., 1., 1., 1., 1., 1., 0., 0., 1., 0., 0., 0., 0., 0., 0., 0.,
        1., 0., 0., 1., 0., 1., 1., 1., 0., 0., 0., 0., 0., 0., 0., 1., 0., 0.,
        1., 0., 1., 0., 1., 0., 0., 1., 0., 1., 0., 1., 0., 1., 1., 1., 0., 0.,
        0., 0., 0., 0., 1., 0., 0., 1., 1., 0., 0., 1., 0., 1., 1., 1., 1., 0.,
        1., 0., 1., 1., 1., 0., 1., 1., 1., 1., 1., 1., 1., 0., 1., 0., 0., 1.,
        1., 1., 0., 1., 0., 0., 1., 1., 1., 1., 1., 1., 1., 1., 1., 0., 1., 1.,
        0., 0., 0., 0., 0., 0., 0., 1., 0., 0., 1., 1., 1., 0., 1., 1., 1., 0.,
        1., 0., 0., 1., 1., 1., 0., 1., 1., 0., 1., 0., 1., 1., 0., 1., 1., 0.,
        1., 1., 0., 1., 0., 0., 0., 1., 0., 0., 0., 0., 0., 0., 1., 1., 1., 1.,
        1., 1., 1., 1., 1., 1., 1., 1., 1., 0., 0., 0., 1., 1., 1., 1., 0., 1.,
        0., 0., 0., 1., 0., 0., 0., 0., 0., 0., 0., 0., 1., 1., 0., 1., 1., 1.,
        1., 1., 1., 1., 1., 1., 1., 1., 1., 1., 0., 1., 0., 0., 0., 1., 1., 0.,
        1., 0., 0., 0., 1., 1., 1., 0., 0., 0., 1., 0., 1., 1., 1., 0., 1., 1.,
        1., 1., 1., 1., 1., 1., 0., 0., 0., 0., 0., 1., 1., 0., 1., 0., 0., 0.,
        1., 0., 1., 0., 1., 0., 1., 0., 1., 0., 1., 0., 0., 1., 0., 0., 1., 0.,
        0., 0., 0., 0., 0., 1., 1., 0., 1., 1., 0., 1., 1., 1., 0., 1., 0., 0.,
        0., 1., 0., 1., 1., 1., 1., 1., 1., 1., 1., 1., 1., 1., 1., 1., 1., 1.,
        1., 1., 1., 1., 0., 0., 0., 0., 0., 0., 1., 0., 1., 1., 1., 1., 1., 1.,
        1., 1., 1., 1., 1., 0., 1., 1., 1., 1., 1., 1., 1., 1., 0., 1., 1., 0.,
        1., 1., 1., 1., 1., 0., 0., 1., 1., 1., 1., 1., 1., 1., 1., 1., 0., 0.,
        0., 0., 0., 0., 0., 0., 0., 0., 1., 1., 0., 0., 0., 0., 1., 1., 0., 0.,
        1., 0., 1., 0., 1., 0., 0., 0., 1., 1., 0., 0., 0., 1., 0., 0., 0., 0.,
        0., 0., 1., 0., 1., 0., 1., 1., 0., 0., 0., 0., 1., 1., 1., 1., 1., 1.,
        1., 1., 1., 1., 1., 1., 1., 1., 1., 1., 1., 0., 1., 1.])
loss:  tensor(0.6534, grad_fn=<MeanBackward0>) l2:  tensor(0.2653, grad_fn=<AddBackward0>) l2*coef tensor(0.0003, grad_fn=<MulBackward0>)
Iteration 40, loss: 0.6712237060070038
Epoch 2; time 1.0817
epoch 2 validating; auc: 0.6004
Model (checkpoint) saved to output/ml1m/env/ml1m_user_env_lr0.003_reg0.001.model
