Namespace(model='ML1MUserResponse', reader='ML1MDataReader')
Namespace(seed=19, batch_size=128, lr=0.003, epoch=2, model_path='output/ml1m/env/ml1m_user_env_lr0.003_reg0.0003.model', loss='bce', l2_coef=0.0003, feature_dim=16, attn_n_head=2, hidden_dims=[256], dropout_rate=0.2, train_file='dataset/ml1m/ml1m_b_train.csv', val_file='dataset/ml1m/ml1m_b_test.csv', test_file='', n_worker=0, data_separator='@', user_meta_file='dataset/ml1m/user_info.npy', item_meta_file='dataset/ml1m/item_info.npy', max_seq_len=50, meta_data_separator=' ')
init ml1m reader
Loading data filesLoad item meta data
{'length': 5078, 'n_item': 1682, 'item_vec_size': 19, 'user_portrait_len': 24, 'max_seq_len': 50}
{'length': 5078, 'n_item': 1682, 'item_vec_size': 19, 'user_portrait_len': 24, 'max_seq_len': 50}
epoch 1 training
self.sigmoid(preds):  tensor([0.4950, 0.4985, 0.4985,  ..., 0.5107, 0.5021, 0.5073],
       grad_fn=<SigmoidBackward0>)
target:  tensor([1., 1., 1.,  ..., 0., 1., 1.])
loss:  tensor(0.6731, grad_fn=<MeanBackward0>) l2:  tensor(0.3466, grad_fn=<AddBackward0>) l2*coef tensor(0.0001, grad_fn=<MulBackward0>)
self.sigmoid(preds):  tensor([0.4978, 0.5099, 0.4925,  ..., 0.5281, 0.5078, 0.4833],
       grad_fn=<SigmoidBackward0>)
target:  tensor([1., 1., 1.,  ..., 0., 0., 1.])
loss:  tensor(0.6981, grad_fn=<MeanBackward0>) l2:  tensor(0.3447, grad_fn=<AddBackward0>) l2*coef tensor(0.0001, grad_fn=<MulBackward0>)
self.sigmoid(preds):  tensor([0.4912, 0.4694, 0.4579,  ..., 0.4801, 0.4716, 0.4888],
       grad_fn=<SigmoidBackward0>)
target:  tensor([0., 0., 0.,  ..., 1., 1., 0.])
loss:  tensor(0.7175, grad_fn=<MeanBackward0>) l2:  tensor(0.3433, grad_fn=<AddBackward0>) l2*coef tensor(0.0001, grad_fn=<MulBackward0>)
self.sigmoid(preds):  tensor([0.4939, 0.5042, 0.4778,  ..., 0.4287, 0.4647, 0.4277],
       grad_fn=<SigmoidBackward0>)
target:  tensor([1., 1., 1.,  ..., 1., 1., 1.])
loss:  tensor(0.6916, grad_fn=<MeanBackward0>) l2:  tensor(0.3421, grad_fn=<AddBackward0>) l2*coef tensor(0.0001, grad_fn=<MulBackward0>)
self.sigmoid(preds):  tensor([0.4341, 0.4459, 0.4156,  ..., 0.4051, 0.4556, 0.4002],
       grad_fn=<SigmoidBackward0>)
target:  tensor([1., 1., 1.,  ..., 0., 1., 0.])
loss:  tensor(0.6805, grad_fn=<MeanBackward0>) l2:  tensor(0.3412, grad_fn=<AddBackward0>) l2*coef tensor(0.0001, grad_fn=<MulBackward0>)
self.sigmoid(preds):  tensor([0.4512, 0.4657, 0.4242,  ..., 0.4229, 0.4368, 0.4216],
       grad_fn=<SigmoidBackward0>)
target:  tensor([1., 1., 0.,  ..., 1., 0., 0.])
loss:  tensor(0.6771, grad_fn=<MeanBackward0>) l2:  tensor(0.3405, grad_fn=<AddBackward0>) l2*coef tensor(0.0001, grad_fn=<MulBackward0>)
self.sigmoid(preds):  tensor([0.4144, 0.4321, 0.4540,  ..., 0.4300, 0.4040, 0.4094],
       grad_fn=<SigmoidBackward0>)
target:  tensor([0., 1., 1.,  ..., 1., 1., 0.])
loss:  tensor(0.6990, grad_fn=<MeanBackward0>) l2:  tensor(0.3398, grad_fn=<AddBackward0>) l2*coef tensor(0.0001, grad_fn=<MulBackward0>)
self.sigmoid(preds):  tensor([0.3827, 0.3294, 0.3938,  ..., 0.3142, 0.4326, 0.4326],
       grad_fn=<SigmoidBackward0>)
target:  tensor([1., 0., 0.,  ..., 0., 1., 1.])
loss:  tensor(0.6704, grad_fn=<MeanBackward0>) l2:  tensor(0.3394, grad_fn=<AddBackward0>) l2*coef tensor(0.0001, grad_fn=<MulBackward0>)
self.sigmoid(preds):  tensor([0.3641, 0.3071, 0.3641,  ..., 0.3611, 0.3613, 0.3481],
       grad_fn=<SigmoidBackward0>)
target:  tensor([1., 1., 1.,  ..., 0., 1., 1.])
loss:  tensor(0.6851, grad_fn=<MeanBackward0>) l2:  tensor(0.3389, grad_fn=<AddBackward0>) l2*coef tensor(0.0001, grad_fn=<MulBackward0>)
self.sigmoid(preds):  tensor([0.4530, 0.3005, 0.3005,  ..., 0.2450, 0.3216, 0.2206],
       grad_fn=<SigmoidBackward0>)
target:  tensor([1., 0., 0.,  ..., 0., 0., 0.])
loss:  tensor(0.6840, grad_fn=<MeanBackward0>) l2:  tensor(0.3385, grad_fn=<AddBackward0>) l2*coef tensor(0.0001, grad_fn=<MulBackward0>)
Iteration 10, loss: 0.6877565860748291
self.sigmoid(preds):  tensor([0.1894, 0.3060, 0.2201,  ..., 0.2625, 0.2198, 0.3852],
       grad_fn=<SigmoidBackward0>)
target:  tensor([0., 0., 0.,  ..., 0., 0., 1.])
loss:  tensor(0.6734, grad_fn=<MeanBackward0>) l2:  tensor(0.3382, grad_fn=<AddBackward0>) l2*coef tensor(0.0001, grad_fn=<MulBackward0>)
self.sigmoid(preds):  tensor([0.3324, 0.3151, 0.2674,  ..., 0.1712, 0.3078, 0.1882],
       grad_fn=<SigmoidBackward0>)
target:  tensor([1., 1., 0.,  ..., 1., 0., 1.])
loss:  tensor(0.6837, grad_fn=<MeanBackward0>) l2:  tensor(0.3377, grad_fn=<AddBackward0>) l2*coef tensor(0.0001, grad_fn=<MulBackward0>)
self.sigmoid(preds):  tensor([0.2979, 0.3663, 0.3324,  ..., 0.2700, 0.3034, 0.2678],
       grad_fn=<SigmoidBackward0>)
target:  tensor([1., 1., 1.,  ..., 1., 0., 1.])
loss:  tensor(0.6781, grad_fn=<MeanBackward0>) l2:  tensor(0.3374, grad_fn=<AddBackward0>) l2*coef tensor(0.0001, grad_fn=<MulBackward0>)
self.sigmoid(preds):  tensor([0.4899, 0.2171, 0.2584,  ..., 0.1486, 0.1030, 0.3714],
       grad_fn=<SigmoidBackward0>)
target:  tensor([1., 0., 1.,  ..., 0., 1., 1.])
loss:  tensor(0.6811, grad_fn=<MeanBackward0>) l2:  tensor(0.3369, grad_fn=<AddBackward0>) l2*coef tensor(0.0001, grad_fn=<MulBackward0>)
self.sigmoid(preds):  tensor([0.1326, 0.2519, 0.4141,  ..., 0.1588, 0.3017, 0.3486],
       grad_fn=<SigmoidBackward0>)
target:  tensor([0., 1., 1.,  ..., 1., 1., 1.])
loss:  tensor(0.6863, grad_fn=<MeanBackward0>) l2:  tensor(0.3365, grad_fn=<AddBackward0>) l2*coef tensor(0.0001, grad_fn=<MulBackward0>)
self.sigmoid(preds):  tensor([0.1344, 0.2096, 0.4393,  ..., 0.3081, 0.1360, 0.0546],
       grad_fn=<SigmoidBackward0>)
target:  tensor([1., 1., 1.,  ..., 0., 1., 1.])
loss:  tensor(0.6670, grad_fn=<MeanBackward0>) l2:  tensor(0.3364, grad_fn=<AddBackward0>) l2*coef tensor(0.0001, grad_fn=<MulBackward0>)
self.sigmoid(preds):  tensor([0.2289, 0.2865, 0.1402,  ..., 0.2444, 0.2106, 0.3398],
       grad_fn=<SigmoidBackward0>)
target:  tensor([1., 1., 0.,  ..., 1., 1., 1.])
loss:  tensor(0.6811, grad_fn=<MeanBackward0>) l2:  tensor(0.3356, grad_fn=<AddBackward0>) l2*coef tensor(0.0001, grad_fn=<MulBackward0>)
self.sigmoid(preds):  tensor([0.2490, 0.5466, 0.1345,  ..., 0.1894, 0.1463, 0.3324],
       grad_fn=<SigmoidBackward0>)
target:  tensor([1., 1., 1.,  ..., 0., 0., 0.])
loss:  tensor(0.6751, grad_fn=<MeanBackward0>) l2:  tensor(0.3347, grad_fn=<AddBackward0>) l2*coef tensor(0.0001, grad_fn=<MulBackward0>)
self.sigmoid(preds):  tensor([0.3153, 0.4859, 0.1279,  ..., 0.3625, 0.3625, 0.1087],
       grad_fn=<SigmoidBackward0>)
target:  tensor([1., 1., 1.,  ..., 0., 1., 1.])
loss:  tensor(0.6800, grad_fn=<MeanBackward0>) l2:  tensor(0.3338, grad_fn=<AddBackward0>) l2*coef tensor(0.0001, grad_fn=<MulBackward0>)
self.sigmoid(preds):  tensor([0.8176, 0.1035, 0.2919,  ..., 0.4042, 0.1510, 0.4985],
       grad_fn=<SigmoidBackward0>)
target:  tensor([1., 1., 1.,  ..., 0., 1., 1.])
loss:  tensor(0.6708, grad_fn=<MeanBackward0>) l2:  tensor(0.3331, grad_fn=<AddBackward0>) l2*coef tensor(9.9922e-05, grad_fn=<MulBackward0>)
Iteration 20, loss: 0.6827601104974746
self.sigmoid(preds):  tensor([0.4177, 0.2030, 0.4177,  ..., 0.1991, 0.1841, 0.1260],
       grad_fn=<SigmoidBackward0>)
target:  tensor([1., 0., 1.,  ..., 1., 0., 1.])
loss:  tensor(0.6772, grad_fn=<MeanBackward0>) l2:  tensor(0.3323, grad_fn=<AddBackward0>) l2*coef tensor(9.9692e-05, grad_fn=<MulBackward0>)
self.sigmoid(preds):  tensor([0.4451, 0.0724, 0.2970,  ..., 0.1357, 0.4506, 0.6233],
       grad_fn=<SigmoidBackward0>)
target:  tensor([0., 0., 0.,  ..., 1., 0., 1.])
loss:  tensor(0.6753, grad_fn=<MeanBackward0>) l2:  tensor(0.3317, grad_fn=<AddBackward0>) l2*coef tensor(9.9513e-05, grad_fn=<MulBackward0>)
self.sigmoid(preds):  tensor([0.4901, 0.4259, 0.4259,  ..., 0.0728, 0.0249, 0.4489],
       grad_fn=<SigmoidBackward0>)
target:  tensor([1., 1., 1.,  ..., 1., 0., 1.])
loss:  tensor(0.6630, grad_fn=<MeanBackward0>) l2:  tensor(0.3312, grad_fn=<AddBackward0>) l2*coef tensor(9.9354e-05, grad_fn=<MulBackward0>)
self.sigmoid(preds):  tensor([0.5012, 0.5012, 0.1119,  ..., 0.4915, 0.4492, 0.4492],
       grad_fn=<SigmoidBackward0>)
target:  tensor([1., 1., 0.,  ..., 1., 1., 1.])
loss:  tensor(0.6706, grad_fn=<MeanBackward0>) l2:  tensor(0.3307, grad_fn=<AddBackward0>) l2*coef tensor(9.9210e-05, grad_fn=<MulBackward0>)
self.sigmoid(preds):  tensor([0.1845, 0.0401, 0.4484,  ..., 0.4859, 0.3855, 0.5977],
       grad_fn=<SigmoidBackward0>)
target:  tensor([0., 0., 0.,  ..., 1., 1., 1.])
loss:  tensor(0.6740, grad_fn=<MeanBackward0>) l2:  tensor(0.3303, grad_fn=<AddBackward0>) l2*coef tensor(9.9091e-05, grad_fn=<MulBackward0>)
self.sigmoid(preds):  tensor([0.2959, 0.5473, 0.5473,  ..., 0.8818, 0.0536, 0.0536],
       grad_fn=<SigmoidBackward0>)
target:  tensor([1., 1., 1.,  ..., 0., 1., 0.])
loss:  tensor(0.6848, grad_fn=<MeanBackward0>) l2:  tensor(0.3300, grad_fn=<AddBackward0>) l2*coef tensor(9.8990e-05, grad_fn=<MulBackward0>)
self.sigmoid(preds):  tensor([0.5770, 0.0038, 0.0755,  ..., 0.6972, 0.1591, 0.7819],
       grad_fn=<SigmoidBackward0>)
target:  tensor([1., 1., 1.,  ..., 1., 0., 1.])
loss:  tensor(0.6666, grad_fn=<MeanBackward0>) l2:  tensor(0.3296, grad_fn=<AddBackward0>) l2*coef tensor(9.8873e-05, grad_fn=<MulBackward0>)
self.sigmoid(preds):  tensor([0.0888, 0.3662, 0.0218,  ..., 0.9287, 0.5287, 0.0524],
       grad_fn=<SigmoidBackward0>)
target:  tensor([0., 0., 0.,  ..., 0., 1., 1.])
loss:  tensor(0.6795, grad_fn=<MeanBackward0>) l2:  tensor(0.3289, grad_fn=<AddBackward0>) l2*coef tensor(9.8663e-05, grad_fn=<MulBackward0>)
self.sigmoid(preds):  tensor([0.8491, 0.0275, 0.8762,  ..., 0.7117, 0.5031, 0.0234],
       grad_fn=<SigmoidBackward0>)
target:  tensor([1., 0., 1.,  ..., 1., 0., 0.])
loss:  tensor(0.6684, grad_fn=<MeanBackward0>) l2:  tensor(0.3283, grad_fn=<AddBackward0>) l2*coef tensor(9.8500e-05, grad_fn=<MulBackward0>)
self.sigmoid(preds):  tensor([0.0214, 0.0319, 0.0239,  ..., 0.0311, 0.4739, 0.0031],
       grad_fn=<SigmoidBackward0>)
target:  tensor([0., 0., 0.,  ..., 0., 0., 1.])
loss:  tensor(0.6569, grad_fn=<MeanBackward0>) l2:  tensor(0.3279, grad_fn=<AddBackward0>) l2*coef tensor(9.8358e-05, grad_fn=<MulBackward0>)
Iteration 30, loss: 0.6790792524814606
self.sigmoid(preds):  tensor([0.0099, 0.1881, 0.7362,  ..., 0.0299, 0.0500, 0.4944],
       grad_fn=<SigmoidBackward0>)
target:  tensor([1., 1., 1.,  ..., 1., 1., 1.])
loss:  tensor(0.6610, grad_fn=<MeanBackward0>) l2:  tensor(0.3272, grad_fn=<AddBackward0>) l2*coef tensor(9.8145e-05, grad_fn=<MulBackward0>)
self.sigmoid(preds):  tensor([0.4689, 0.0062, 0.0509,  ..., 0.4315, 0.7102, 0.1132],
       grad_fn=<SigmoidBackward0>)
target:  tensor([0., 0., 0.,  ..., 1., 1., 1.])
loss:  tensor(0.6749, grad_fn=<MeanBackward0>) l2:  tensor(0.3265, grad_fn=<AddBackward0>) l2*coef tensor(9.7949e-05, grad_fn=<MulBackward0>)
self.sigmoid(preds):  tensor([0.6998, 0.4951, 0.5224,  ..., 0.4869, 0.0682, 0.5085],
       grad_fn=<SigmoidBackward0>)
target:  tensor([1., 0., 0.,  ..., 1., 0., 0.])
loss:  tensor(0.6768, grad_fn=<MeanBackward0>) l2:  tensor(0.3257, grad_fn=<AddBackward0>) l2*coef tensor(9.7721e-05, grad_fn=<MulBackward0>)
self.sigmoid(preds):  tensor([0.7470, 0.0242, 0.6718,  ..., 0.0297, 0.0194, 0.0237],
       grad_fn=<SigmoidBackward0>)
target:  tensor([0., 0., 1.,  ..., 0., 0., 1.])
loss:  tensor(0.6744, grad_fn=<MeanBackward0>) l2:  tensor(0.3250, grad_fn=<AddBackward0>) l2*coef tensor(9.7494e-05, grad_fn=<MulBackward0>)
self.sigmoid(preds):  tensor([0.8362, 0.0604, 0.5011,  ..., 0.0159, 0.8700, 0.7309],
       grad_fn=<SigmoidBackward0>)
target:  tensor([1., 0., 1.,  ..., 0., 1., 1.])
loss:  tensor(0.6743, grad_fn=<MeanBackward0>) l2:  tensor(0.3242, grad_fn=<AddBackward0>) l2*coef tensor(9.7264e-05, grad_fn=<MulBackward0>)
self.sigmoid(preds):  tensor([0.2687, 0.7806, 0.9456,  ..., 0.9892, 0.4853, 0.0016],
       grad_fn=<SigmoidBackward0>)
target:  tensor([1., 1., 1.,  ..., 1., 1., 1.])
loss:  tensor(0.6736, grad_fn=<MeanBackward0>) l2:  tensor(0.3235, grad_fn=<AddBackward0>) l2*coef tensor(9.7039e-05, grad_fn=<MulBackward0>)
self.sigmoid(preds):  tensor([0.1643, 0.4486, 0.0504,  ..., 0.6394, 0.8683, 0.2670],
       grad_fn=<SigmoidBackward0>)
target:  tensor([1., 0., 0.,  ..., 1., 1., 0.])
loss:  tensor(0.6645, grad_fn=<MeanBackward0>) l2:  tensor(0.3226, grad_fn=<AddBackward0>) l2*coef tensor(9.6768e-05, grad_fn=<MulBackward0>)
self.sigmoid(preds):  tensor([0.0061, 0.6844, 0.2085,  ..., 0.0425, 0.3129, 0.2330],
       grad_fn=<SigmoidBackward0>)
target:  tensor([0., 1., 0.,  ..., 1., 0., 0.])
loss:  tensor(0.6524, grad_fn=<MeanBackward0>) l2:  tensor(0.3216, grad_fn=<AddBackward0>) l2*coef tensor(9.6485e-05, grad_fn=<MulBackward0>)
self.sigmoid(preds):  tensor([0.0707, 0.4702, 0.1642,  ..., 0.0439, 0.1865, 0.0094],
       grad_fn=<SigmoidBackward0>)
target:  tensor([1., 1., 1.,  ..., 1., 0., 0.])
loss:  tensor(0.6748, grad_fn=<MeanBackward0>) l2:  tensor(0.3205, grad_fn=<AddBackward0>) l2*coef tensor(9.6140e-05, grad_fn=<MulBackward0>)
self.sigmoid(preds):  tensor([3.4274e-02, 5.1285e-02, 4.5986e-01, 4.8534e-02, 5.1285e-02, 8.8613e-03,
        1.6815e-02, 4.5986e-01, 1.6815e-02, 4.5986e-01, 5.4713e-02, 1.6954e-01,
        2.0051e-01, 2.0879e-01, 4.3003e-02, 4.7669e-01, 3.1841e-02, 7.9092e-01,
        1.4252e-02, 4.7014e-02, 2.3687e-02, 4.4425e-01, 1.7779e-02, 1.4406e-03,
        1.6994e-03, 2.2901e-02, 5.0580e-02, 6.9831e-02, 2.2901e-02, 2.2901e-02,
        9.6162e-01, 4.9446e-01, 7.6128e-02, 9.1073e-04, 4.9446e-01, 8.6511e-01,
        9.0143e-01, 8.4398e-01, 4.9446e-01, 8.8465e-03, 2.3152e-02, 1.3445e-03,
        4.8254e-01, 6.3829e-02, 2.9969e-02, 7.3516e-01, 6.5899e-02, 2.6454e-02,
        4.8254e-01, 7.3516e-01, 1.6601e-01, 7.2155e-01, 3.5057e-03, 5.0198e-01,
        3.8835e-01, 3.5424e-02, 7.4248e-01, 1.9790e-02, 6.9713e-02, 1.8088e-01,
        3.4354e-01, 6.9946e-01, 4.5631e-01, 7.1098e-02, 4.5631e-01, 2.7095e-01,
        2.4249e-01, 3.8292e-02, 7.4818e-01, 9.1460e-01, 3.9859e-02, 3.9859e-02,
        2.5313e-01, 3.9859e-02, 1.0325e-01, 1.0146e-02, 5.0648e-02, 3.9859e-02,
        3.9859e-02, 3.9859e-02, 7.4384e-02, 2.8679e-02, 2.5948e-03, 2.3302e-02,
        3.9715e-01, 1.8103e-01, 4.8011e-01, 8.4309e-01, 4.8011e-01, 8.6653e-02,
        4.8247e-01, 3.4645e-02, 7.4272e-01, 3.4645e-02, 2.1231e-02, 1.8635e-01,
        7.9156e-01, 4.6743e-01, 7.6104e-01, 2.1231e-02, 1.7692e-02, 6.3209e-02,
        2.2379e-02, 2.9626e-03, 6.3209e-02, 6.3209e-02, 4.6445e-01, 7.1880e-01,
        2.2379e-02, 4.3137e-03, 8.6978e-01, 9.8646e-01, 9.5869e-01, 7.6585e-03,
        4.7432e-01, 7.9137e-01, 9.8962e-02, 2.6295e-02, 8.6978e-01, 1.3313e-02,
        4.9391e-02, 1.5866e-02, 9.1980e-04, 8.0849e-04, 1.4283e-01, 4.7603e-01,
        1.6179e-03, 2.7714e-02, 5.9954e-01, 3.6931e-02, 9.8098e-01, 2.7547e-02,
        5.1089e-01, 4.9112e-01, 2.3473e-02, 2.7547e-02, 5.1089e-01, 3.4736e-01,
        2.9507e-01, 2.7547e-02, 3.0112e-02, 1.7143e-02, 3.8085e-01, 1.7143e-02,
        1.3106e-03, 4.8913e-01, 3.6069e-01, 2.2370e-02, 6.4485e-02, 2.8344e-03,
        2.4326e-02, 8.6913e-01, 5.7154e-01, 3.5848e-02, 3.6146e-01, 9.8377e-01,
        2.4326e-02, 4.7336e-01, 7.5742e-01, 4.7336e-01, 1.0959e-01, 1.7845e-02,
        5.6032e-02, 4.2670e-01, 5.6032e-02, 6.3208e-03, 1.7481e-01, 1.7087e-03,
        8.2754e-03, 4.9567e-01, 2.2959e-02, 7.5001e-01, 1.2562e-03, 7.5001e-01,
        4.8840e-01, 1.0219e-01, 6.1267e-02, 5.9301e-01, 1.3278e-01, 6.1267e-02,
        5.7911e-01, 6.9317e-01, 6.8431e-01, 9.3708e-01, 2.0433e-02, 4.1836e-02,
        8.3547e-01, 4.1836e-02, 4.1836e-02, 4.1836e-02, 1.6262e-02, 4.6742e-02,
        4.6742e-02, 4.6742e-02, 7.2330e-01, 7.2793e-02, 7.2330e-01, 4.5111e-01,
        4.6742e-02, 4.6742e-02, 6.5035e-01, 2.5747e-02, 2.0684e-02, 1.3528e-01,
        2.4606e-01, 7.9510e-01, 1.4090e-01, 2.5747e-02, 3.5778e-01, 6.8211e-01,
        1.1615e-01, 3.7547e-02, 5.7277e-02, 1.9499e-02, 5.8549e-01, 5.0239e-02,
        1.1615e-01, 2.0029e-02, 1.1615e-01, 1.3940e-01, 3.8263e-01, 2.8759e-02,
        7.7359e-01, 1.4435e-01, 6.9751e-02, 4.9079e-01, 1.8115e-02, 9.8276e-01,
        8.5240e-01, 4.9079e-01, 3.0414e-01, 8.6233e-01, 6.1864e-01, 4.0722e-01,
        7.7104e-01, 8.6233e-01, 7.5928e-02, 8.3787e-01, 9.3500e-01, 7.2047e-01,
        3.3194e-01, 3.4747e-01, 6.9732e-01, 9.3888e-03, 3.2551e-02, 2.5782e-01,
        1.4321e-02, 3.2551e-02, 1.9940e-02, 3.2551e-02, 1.7383e-02, 1.7383e-02,
        7.2334e-01, 3.3724e-01, 4.5829e-01, 1.7383e-02, 1.4017e-02, 9.4959e-01,
        4.4426e-02, 2.0254e-03, 7.6788e-01, 2.6133e-01, 7.4527e-01, 8.5574e-01,
        1.1722e-01, 5.9472e-01, 8.5574e-01, 9.1969e-02, 7.4527e-01, 9.5476e-01,
        9.5722e-01, 4.8368e-01, 3.6367e-02, 7.8991e-01, 2.2148e-01, 4.2876e-02,
        1.9425e-02, 4.1524e-02, 1.0284e-01, 2.5215e-01, 2.3919e-01, 1.2869e-01,
        7.4105e-01, 8.4658e-01, 4.4980e-02, 5.5287e-02, 9.6081e-01, 4.7914e-01,
        7.4502e-01, 9.6081e-01, 1.7431e-02, 4.4526e-01, 1.8994e-01, 4.4526e-01,
        1.5033e-01, 4.4526e-01, 4.4526e-01, 2.2971e-02, 4.4526e-01, 1.7431e-02,
        1.1823e-02, 9.8917e-01, 5.9366e-01, 9.6335e-01, 1.1823e-02, 4.3856e-01,
        7.7709e-03, 7.3073e-01, 4.3856e-01, 1.9860e-01, 1.5353e-02, 4.7841e-02,
        8.8379e-02, 8.8379e-02, 8.8379e-02, 8.8379e-02, 8.8379e-02, 8.8379e-02,
        8.8379e-02, 8.8379e-02, 6.2282e-02, 2.1025e-02, 1.0533e-01, 3.4679e-02,
        6.6189e-02, 4.7674e-01, 3.0130e-01, 1.8943e-01, 3.3308e-02, 6.2282e-02,
        2.9856e-02, 4.2397e-01, 1.9712e-02, 7.1779e-01, 2.5797e-01, 7.7300e-03,
        2.9856e-02, 1.0384e-02, 1.0384e-02, 1.0384e-02, 1.5870e-02, 3.2283e-01,
        1.5870e-02, 2.6673e-01, 3.2283e-01, 2.5794e-03, 5.6653e-02, 2.2742e-01,
        1.3064e-01, 2.1755e-02, 3.3879e-02, 9.0499e-01, 6.3167e-01, 5.0358e-01,
        8.3419e-01, 2.5931e-02, 7.7737e-01, 1.2122e-01, 8.4017e-01, 7.0858e-01,
        8.7552e-01, 9.4778e-01, 3.1717e-02, 1.5937e-02, 8.4302e-01, 4.6680e-01,
        7.2571e-01, 4.6680e-01, 3.5606e-01, 9.4778e-01, 3.5519e-01, 8.2551e-02,
        7.4364e-01, 6.6211e-01, 5.8060e-02, 2.7497e-01, 1.9204e-03, 4.5967e-01,
        4.4460e-01, 8.2551e-02, 1.1649e-01, 7.2832e-01, 1.1649e-01, 1.1649e-01,
        8.8686e-01, 1.1649e-01, 1.1649e-01, 1.1649e-01, 1.1649e-01, 1.1649e-01,
        7.0060e-03, 9.8879e-01, 4.7565e-01, 4.7565e-01, 7.9964e-01, 1.1937e-01,
        4.7923e-02, 4.7565e-01, 9.5435e-02, 2.3509e-02, 6.9057e-01, 8.4474e-01,
        7.2273e-01, 4.5776e-01, 4.8983e-03, 2.3283e-02, 7.2273e-01, 7.2273e-01,
        2.2972e-02, 7.7704e-01, 1.9911e-01, 1.2913e-01, 4.3200e-01, 6.4993e-01,
        1.2670e-02, 4.3200e-01, 4.3200e-01, 1.2913e-01, 1.2670e-02, 1.2670e-02,
        3.7562e-01, 4.6076e-01, 2.2940e-02, 6.3989e-02, 4.0159e-01, 1.8095e-02,
        4.6076e-01, 7.6875e-01, 9.7815e-01, 4.6076e-01, 2.5360e-02, 1.5505e-01,
        2.6468e-01, 1.9339e-02, 1.3736e-01, 1.8975e-03, 3.7654e-01, 5.0952e-02,
        5.4650e-02, 1.7264e-01, 2.3736e-02, 9.3389e-01, 9.0821e-01, 6.4185e-01,
        6.4185e-01, 4.5097e-02, 8.7121e-01, 7.7883e-01, 7.5127e-01, 3.6353e-01,
        1.5084e-02, 8.8612e-01, 6.1348e-03, 7.4705e-01, 4.7373e-01, 7.4705e-01,
        4.7373e-01, 2.0886e-01, 1.6186e-01, 1.5084e-02, 5.1553e-01, 5.4176e-02,
        8.4720e-01, 7.5201e-01, 5.1553e-01, 2.9975e-02, 2.9975e-02, 5.8625e-01,
        1.5044e-03, 7.6241e-02, 9.4572e-01, 1.5402e-02, 7.0452e-01, 1.4105e-02,
        1.4105e-02, 1.4924e-02, 5.7901e-01, 7.3362e-01, 4.5924e-01, 7.4074e-01,
        6.1665e-02, 5.0102e-03, 5.8481e-05, 6.1665e-02, 3.8952e-04, 9.0729e-03,
        3.8952e-04, 1.3147e-03, 1.1493e-04, 3.8952e-04, 4.3553e-02, 4.3553e-02,
        5.9461e-02, 3.7356e-02, 1.6120e-02, 7.5747e-03, 3.2702e-02, 1.6120e-02,
        1.5716e-01, 1.6120e-02, 4.8063e-01, 4.8063e-01, 1.9106e-02, 3.6994e-01,
        3.6994e-01, 2.8601e-01, 7.3918e-01, 4.8063e-01, 2.6355e-02, 7.0680e-01,
        1.0776e-01, 8.7078e-04, 5.2651e-02, 8.8126e-01, 7.8482e-01, 4.8047e-01,
        5.8296e-01, 2.9305e-02, 7.3533e-01, 7.0143e-01, 9.3716e-04, 1.6120e-01,
        4.7014e-01, 2.2467e-01, 7.8307e-01, 1.0741e-03, 3.4176e-01, 6.2829e-02,
        4.7014e-01, 8.6051e-01, 1.1641e-01, 4.3303e-02, 1.3059e-03, 3.5759e-01,
        7.8147e-01, 1.7918e-01, 4.7920e-01, 7.0437e-01, 8.7391e-02, 2.0095e-02,
        4.8562e-01, 7.2335e-01, 7.4370e-02, 9.7700e-01, 5.6623e-01, 5.5760e-02,
        5.8982e-04, 7.4861e-01, 1.5001e-03, 1.5540e-02, 8.2577e-04, 7.5795e-01,
        2.3248e-01, 4.8124e-01, 4.8124e-01, 5.9873e-02, 8.5779e-03, 2.5833e-03,
        1.8014e-01, 2.0811e-02, 8.2017e-01, 1.3508e-01, 8.7842e-04, 2.6535e-02,
        4.6566e-01, 4.6566e-01, 8.3315e-01, 4.6566e-01, 4.6819e-02, 3.3108e-01,
        1.7756e-01, 1.5304e-01, 7.9400e-01, 7.0408e-01, 4.8663e-01, 7.9032e-01,
        9.8642e-01, 1.5304e-01, 1.5304e-01, 4.8663e-01, 4.5060e-01, 4.5060e-01,
        8.3407e-01, 4.5060e-01, 7.0778e-01, 4.5060e-01, 3.5035e-02, 4.9359e-04,
        1.9506e-02, 3.4976e-03, 2.4425e-01, 2.1634e-01, 3.3432e-02, 1.1773e-01,
        1.4793e-01, 3.3432e-02, 9.8822e-02, 3.3432e-02, 4.6929e-01, 3.3432e-02,
        7.9296e-01, 5.1166e-01, 5.1166e-01, 5.1166e-01, 4.2266e-01, 5.8762e-02,
        2.5770e-01, 2.1698e-01, 2.5770e-01, 4.4657e-02, 6.1113e-04, 1.6966e-01,
        4.7677e-01, 7.4075e-01, 7.9020e-01, 4.7677e-01, 1.7752e-02, 1.4689e-01,
        1.0880e-01, 9.8715e-02, 2.3442e-02, 2.5188e-01, 1.4103e-01, 1.6960e-02,
        1.5954e-01, 2.3442e-02, 4.8295e-02, 3.5784e-01, 3.5784e-01, 1.7467e-03,
        7.1912e-01, 8.1430e-01, 1.5181e-01, 1.7297e-02, 1.4079e-02, 8.0130e-01,
        4.3510e-02, 1.9330e-02, 6.7088e-02, 8.0130e-01, 9.8639e-01, 2.0148e-02,
        1.8111e-02, 2.5932e-01, 3.9400e-03, 4.8877e-01, 6.3869e-01, 7.4811e-01,
        7.8388e-01, 4.8877e-01, 3.8444e-01, 2.0458e-02, 5.4713e-03, 2.6128e-01,
        1.3746e-01, 1.7681e-02, 7.3929e-01, 3.8444e-01, 9.5297e-01, 3.3960e-02,
        9.7747e-01, 4.6202e-01, 9.3770e-01, 1.5712e-01, 4.6202e-01, 9.2127e-01,
        3.4348e-01, 3.4348e-01, 3.4348e-01, 1.8003e-01, 3.6087e-01, 7.3429e-01,
        4.7423e-01, 7.3429e-01, 7.4080e-03, 1.4977e-02, 1.8938e-02, 3.6087e-01,
        9.5322e-01, 3.6087e-01, 4.7195e-01, 5.9160e-01, 7.4275e-01, 3.5113e-01,
        7.4275e-01, 5.1000e-02, 5.1016e-04, 8.1420e-02, 1.2156e-02, 2.7070e-03,
        1.7450e-01, 1.8859e-01, 4.6086e-01, 6.0012e-01, 4.6086e-01, 1.7450e-01,
        3.5812e-01, 1.4712e-01, 4.6086e-01, 4.6086e-01, 9.8680e-01, 7.2991e-01,
        4.5309e-04, 7.7608e-01, 4.5558e-01, 8.5967e-01, 9.5859e-01, 5.8031e-01,
        4.5558e-01, 3.2373e-01, 2.4595e-02, 5.1108e-01, 6.6434e-02, 1.5357e-02,
        3.0086e-02, 8.7096e-01, 8.0496e-02, 7.4684e-01, 2.4595e-02, 6.4191e-01,
        3.7573e-01, 2.1761e-02, 2.1761e-02, 8.8868e-01, 8.8868e-01, 2.8953e-02,
        7.4367e-01, 4.0140e-02, 2.1761e-02, 2.1761e-02, 1.9197e-02, 1.4513e-01,
        5.7116e-01, 7.1947e-01, 4.5794e-01, 2.4912e-01, 1.2586e-01, 1.4730e-02,
        3.6804e-02, 1.2460e-02, 7.7957e-01, 2.3091e-01, 2.4293e-02, 3.1169e-02,
        9.4694e-04, 3.7201e-01, 9.4803e-01, 8.4049e-01, 1.1200e-01, 1.6498e-02,
        2.5771e-02, 2.5771e-02, 2.5771e-02, 2.5771e-02, 2.5771e-02, 2.5771e-02,
        2.0998e-03, 4.9222e-01, 2.5771e-02, 2.5771e-02, 9.1915e-01, 7.4793e-01,
        3.0584e-02, 2.4020e-01, 2.2917e-02, 8.5557e-01, 1.9037e-01, 4.9304e-01,
        2.9773e-02, 1.9808e-01, 7.0005e-01, 1.2847e-01, 8.4856e-01, 8.5337e-01,
        3.5544e-01, 1.1516e-01, 4.7081e-01, 2.6159e-01, 3.9161e-02, 9.5129e-01,
        1.8343e-02, 3.9001e-03, 3.6487e-02, 1.4093e-02, 9.3942e-01, 4.6772e-01,
        8.7641e-01, 4.8174e-02, 1.8343e-02, 5.4271e-02, 4.7845e-01, 4.0353e-01,
        7.2183e-01, 1.9301e-01, 4.0353e-01, 6.3021e-02, 4.7845e-01, 7.2183e-01,
        4.7845e-01, 3.0303e-01, 4.7540e-01, 8.6806e-01, 7.4354e-01, 6.5016e-03,
        8.1854e-03, 4.7540e-01, 8.6806e-01, 4.7540e-01, 7.7199e-01, 7.6669e-01,
        2.1267e-02, 4.5406e-01, 2.1267e-02, 7.0870e-01, 1.6744e-01, 2.1267e-02,
        5.9764e-02, 4.5406e-01, 4.5406e-01, 2.8742e-02, 4.1119e-02, 2.9913e-01,
        3.7453e-01, 9.7211e-02, 9.7211e-02, 2.9678e-02, 7.0930e-02, 1.6087e-01,
        7.4775e-01, 5.1560e-01, 4.5715e-01, 2.3419e-02, 4.5715e-01, 4.5715e-01,
        7.2560e-01, 7.2560e-01, 4.5715e-01, 9.5427e-01, 4.5715e-01, 7.2560e-01,
        8.4959e-01, 4.2958e-02, 7.4072e-01, 5.0323e-01, 9.4576e-01, 7.4072e-01,
        9.4576e-01, 9.4576e-01, 2.8480e-02, 1.3504e-01, 7.0737e-01, 2.7304e-02,
        4.9537e-01, 4.9537e-01, 2.0627e-01, 9.4502e-01, 4.2676e-01, 2.1534e-02,
        5.8295e-02, 2.7304e-02], grad_fn=<SigmoidBackward0>)
target:  tensor([0., 1., 1., 1., 1., 1., 0., 1., 1., 0., 0., 1., 1., 1., 0., 1., 0., 0.,
        0., 0., 0., 1., 0., 0., 0., 1., 1., 1., 1., 0., 1., 0., 1., 0., 1., 0.,
        1., 1., 1., 0., 0., 0., 0., 0., 1., 1., 0., 0., 0., 0., 0., 0., 0., 1.,
        0., 1., 0., 1., 1., 1., 0., 1., 1., 1., 1., 1., 1., 1., 1., 1., 1., 1.,
        1., 0., 0., 1., 1., 1., 0., 1., 0., 1., 0., 0., 1., 1., 1., 1., 1., 1.,
        0., 1., 0., 0., 1., 0., 1., 1., 1., 1., 1., 1., 1., 1., 0., 1., 0., 1.,
        1., 1., 1., 1., 0., 1., 1., 1., 1., 1., 1., 0., 0., 0., 0., 0., 0., 0.,
        0., 0., 0., 0., 0., 0., 1., 1., 1., 1., 0., 0., 0., 0., 1., 1., 1., 1.,
        0., 1., 1., 0., 0., 0., 1., 0., 0., 1., 0., 1., 1., 1., 1., 1., 1., 0.,
        1., 1., 1., 1., 0., 1., 1., 0., 1., 0., 0., 1., 0., 0., 1., 1., 0., 1.,
        1., 1., 1., 1., 0., 1., 0., 1., 0., 0., 1., 0., 1., 0., 1., 1., 1., 0.,
        1., 1., 0., 1., 1., 0., 1., 1., 1., 1., 0., 1., 1., 0., 0., 0., 1., 0.,
        1., 0., 0., 1., 1., 1., 1., 1., 1., 1., 1., 1., 0., 1., 0., 1., 1., 1.,
        1., 1., 0., 1., 0., 1., 1., 1., 1., 1., 0., 0., 0., 0., 1., 0., 1., 1.,
        0., 1., 1., 1., 1., 1., 0., 1., 1., 0., 0., 0., 0., 0., 0., 1., 1., 0.,
        1., 1., 1., 1., 0., 1., 1., 1., 0., 1., 1., 1., 1., 1., 1., 1., 1., 0.,
        0., 1., 0., 0., 0., 0., 0., 0., 0., 0., 0., 0., 1., 1., 0., 1., 1., 1.,
        1., 1., 1., 1., 0., 1., 1., 1., 1., 0., 1., 1., 0., 0., 1., 0., 1., 1.,
        0., 1., 1., 0., 1., 1., 0., 1., 1., 0., 0., 1., 1., 0., 0., 0., 1., 1.,
        0., 1., 1., 1., 0., 1., 0., 1., 1., 0., 1., 1., 1., 0., 1., 0., 1., 0.,
        0., 1., 0., 0., 1., 0., 1., 1., 1., 1., 0., 1., 0., 1., 0., 0., 1., 0.,
        0., 1., 1., 0., 1., 0., 1., 1., 1., 1., 0., 0., 0., 0., 0., 1., 0., 0.,
        0., 1., 0., 1., 1., 1., 1., 1., 0., 1., 1., 1., 0., 1., 0., 0., 0., 0.,
        0., 0., 0., 0., 0., 0., 1., 1., 0., 0., 0., 0., 1., 1., 0., 0., 0., 0.,
        0., 0., 0., 0., 0., 0., 1., 1., 0., 0., 0., 1., 1., 0., 1., 1., 1., 0.,
        1., 1., 0., 1., 1., 1., 1., 1., 0., 1., 1., 0., 1., 1., 1., 0., 1., 1.,
        1., 0., 1., 1., 1., 0., 0., 1., 1., 1., 0., 1., 1., 1., 1., 1., 0., 1.,
        1., 1., 1., 1., 0., 1., 0., 1., 0., 1., 0., 1., 0., 1., 0., 1., 0., 0.,
        0., 0., 1., 1., 1., 0., 1., 0., 1., 1., 0., 0., 0., 1., 1., 0., 0., 0.,
        0., 0., 0., 0., 0., 0., 1., 1., 0., 0., 0., 1., 1., 0., 1., 1., 0., 1.,
        1., 1., 1., 1., 1., 1., 1., 1., 1., 1., 1., 1., 1., 0., 0., 0., 0., 0.,
        0., 0., 1., 1., 1., 1., 0., 1., 0., 1., 0., 0., 1., 1., 1., 1., 1., 1.,
        1., 1., 0., 0., 0., 1., 1., 0., 0., 1., 0., 0., 1., 0., 1., 0., 0., 1.,
        0., 1., 0., 1., 0., 1., 1., 0., 1., 1., 1., 1., 1., 0., 1., 0., 0., 0.,
        1., 1., 0., 1., 1., 1., 1., 1., 0., 0., 0., 0., 0., 1., 1., 0., 0., 0.,
        1., 0., 0., 1., 0., 0., 0., 1., 0., 1., 1., 0., 1., 0., 0., 1., 1., 1.,
        1., 1., 0., 0., 0., 1., 1., 0., 0., 1., 1., 1., 1., 1., 1., 1., 1., 0.,
        1., 0., 1., 1., 0., 1., 1., 0., 0., 1., 0., 1., 1., 1., 1., 1., 1., 1.,
        1., 1., 1., 1., 1., 0., 1., 1., 1., 1., 1., 1., 1., 1., 1., 0., 1., 1.,
        1., 0., 1., 1., 1., 1., 1., 1., 0., 1., 0., 1., 0., 1., 1., 1., 0., 1.,
        1., 0., 1., 1., 1., 0., 0., 1., 0., 0., 0., 0., 0., 0., 0., 0., 1., 0.,
        0., 0., 1., 1., 1., 1., 0., 0., 1., 0., 0., 0., 0., 0., 0., 0., 0., 0.,
        0., 1., 0., 0., 1., 1., 1., 1., 1., 1., 0., 1., 0., 1., 1., 0., 1., 1.,
        1., 0., 0., 1., 0., 1., 1., 1., 1., 1., 1., 1., 1., 1., 1., 1., 1., 1.,
        0., 0., 0., 0., 1., 1., 0., 0., 1., 1., 1., 1., 0., 1., 1., 1., 1., 1.,
        1., 1., 0., 0., 0., 1., 1., 0., 0., 0., 0., 0., 0., 0., 0., 0., 0., 0.,
        1., 1., 0., 0., 0., 0., 0., 0., 0., 0., 1., 0., 1., 1., 0., 1., 0., 1.,
        1., 1., 1., 1., 1., 1., 0., 1., 0., 0., 1., 1., 1., 1.])
loss:  tensor(0.6684, grad_fn=<MeanBackward0>) l2:  tensor(0.3194, grad_fn=<AddBackward0>) l2*coef tensor(9.5816e-05, grad_fn=<MulBackward0>)
Iteration 40, loss: 0.6767134353518486
Epoch 1; time 0.9654
epoch 1 validating; auc: 0.5936
Model (checkpoint) saved to output/ml1m/env/ml1m_user_env_lr0.003_reg0.0003.model
epoch 2 training
self.sigmoid(preds):  tensor([0.2028, 0.9588, 0.0298,  ..., 0.0662, 0.4837, 0.3703],
       grad_fn=<SigmoidBackward0>)
target:  tensor([0., 1., 0.,  ..., 1., 1., 1.])
loss:  tensor(0.6667, grad_fn=<MeanBackward0>) l2:  tensor(0.3185, grad_fn=<AddBackward0>) l2*coef tensor(9.5542e-05, grad_fn=<MulBackward0>)
self.sigmoid(preds):  tensor([0.0805, 0.5045, 0.9478,  ..., 0.0637, 0.7491, 0.8517],
       grad_fn=<SigmoidBackward0>)
target:  tensor([0., 1., 0.,  ..., 1., 0., 1.])
loss:  tensor(0.6693, grad_fn=<MeanBackward0>) l2:  tensor(0.3175, grad_fn=<AddBackward0>) l2*coef tensor(9.5248e-05, grad_fn=<MulBackward0>)
self.sigmoid(preds):  tensor([0.3828, 0.0307, 0.8898,  ..., 0.0194, 0.5160, 0.3746],
       grad_fn=<SigmoidBackward0>)
target:  tensor([0., 0., 0.,  ..., 0., 0., 0.])
loss:  tensor(0.6760, grad_fn=<MeanBackward0>) l2:  tensor(0.3164, grad_fn=<AddBackward0>) l2*coef tensor(9.4919e-05, grad_fn=<MulBackward0>)
self.sigmoid(preds):  tensor([0.6037, 0.4345, 0.4345,  ..., 0.7614, 0.0294, 0.7941],
       grad_fn=<SigmoidBackward0>)
target:  tensor([1., 0., 1.,  ..., 1., 1., 1.])
loss:  tensor(0.6816, grad_fn=<MeanBackward0>) l2:  tensor(0.3151, grad_fn=<AddBackward0>) l2*coef tensor(9.4530e-05, grad_fn=<MulBackward0>)
self.sigmoid(preds):  tensor([0.3189, 0.9892, 0.8508,  ..., 0.5247, 0.0024, 0.5247],
       grad_fn=<SigmoidBackward0>)
target:  tensor([0., 1., 0.,  ..., 1., 0., 0.])
loss:  tensor(0.6768, grad_fn=<MeanBackward0>) l2:  tensor(0.3138, grad_fn=<AddBackward0>) l2*coef tensor(9.4139e-05, grad_fn=<MulBackward0>)
self.sigmoid(preds):  tensor([3.0385e-02, 5.7830e-04, 7.3206e-01,  ..., 5.3544e-01, 7.7483e-01,
        6.1030e-02], grad_fn=<SigmoidBackward0>)
target:  tensor([1., 1., 1.,  ..., 1., 1., 1.])
loss:  tensor(0.6646, grad_fn=<MeanBackward0>) l2:  tensor(0.3127, grad_fn=<AddBackward0>) l2*coef tensor(9.3802e-05, grad_fn=<MulBackward0>)
self.sigmoid(preds):  tensor([0.9395, 0.4639, 0.4639,  ..., 0.1020, 0.7135, 0.1333],
       grad_fn=<SigmoidBackward0>)
target:  tensor([1., 1., 1.,  ..., 0., 1., 0.])
loss:  tensor(0.6567, grad_fn=<MeanBackward0>) l2:  tensor(0.3116, grad_fn=<AddBackward0>) l2*coef tensor(9.3467e-05, grad_fn=<MulBackward0>)
self.sigmoid(preds):  tensor([0.0167, 0.7524, 0.0314,  ..., 0.6716, 0.0203, 0.2376],
       grad_fn=<SigmoidBackward0>)
target:  tensor([1., 1., 1.,  ..., 0., 1., 1.])
loss:  tensor(0.6747, grad_fn=<MeanBackward0>) l2:  tensor(0.3105, grad_fn=<AddBackward0>) l2*coef tensor(9.3162e-05, grad_fn=<MulBackward0>)
self.sigmoid(preds):  tensor([0.0772, 0.0274, 0.5944,  ..., 0.9148, 0.5209, 0.1465],
       grad_fn=<SigmoidBackward0>)
target:  tensor([0., 0., 0.,  ..., 0., 0., 0.])
loss:  tensor(0.6770, grad_fn=<MeanBackward0>) l2:  tensor(0.3094, grad_fn=<AddBackward0>) l2*coef tensor(9.2827e-05, grad_fn=<MulBackward0>)
self.sigmoid(preds):  tensor([0.0154, 0.1871, 0.4056,  ..., 0.0045, 0.6850, 0.6670],
       grad_fn=<SigmoidBackward0>)
target:  tensor([0., 1., 1.,  ..., 0., 1., 1.])
loss:  tensor(0.6789, grad_fn=<MeanBackward0>) l2:  tensor(0.3084, grad_fn=<AddBackward0>) l2*coef tensor(9.2532e-05, grad_fn=<MulBackward0>)
Iteration 10, loss: 0.6723110795021057
self.sigmoid(preds):  tensor([0.6086, 0.0222, 0.0222,  ..., 0.3781, 0.1152, 0.3781],
       grad_fn=<SigmoidBackward0>)
target:  tensor([1., 1., 1.,  ..., 1., 1., 1.])
loss:  tensor(0.6713, grad_fn=<MeanBackward0>) l2:  tensor(0.3076, grad_fn=<AddBackward0>) l2*coef tensor(9.2270e-05, grad_fn=<MulBackward0>)
self.sigmoid(preds):  tensor([0.4011, 0.1293, 0.0942,  ..., 0.0243, 0.4145, 0.1676],
       grad_fn=<SigmoidBackward0>)
target:  tensor([1., 0., 0.,  ..., 0., 1., 0.])
loss:  tensor(0.6752, grad_fn=<MeanBackward0>) l2:  tensor(0.3068, grad_fn=<AddBackward0>) l2*coef tensor(9.2040e-05, grad_fn=<MulBackward0>)
self.sigmoid(preds):  tensor([0.0377, 0.3612, 0.3612,  ..., 0.1624, 0.6596, 0.0110],
       grad_fn=<SigmoidBackward0>)
target:  tensor([1., 1., 1.,  ..., 1., 1., 1.])
loss:  tensor(0.6751, grad_fn=<MeanBackward0>) l2:  tensor(0.3058, grad_fn=<AddBackward0>) l2*coef tensor(9.1737e-05, grad_fn=<MulBackward0>)
self.sigmoid(preds):  tensor([0.3822, 0.0424, 0.0597,  ..., 0.6953, 0.4008, 0.4069],
       grad_fn=<SigmoidBackward0>)
target:  tensor([0., 0., 1.,  ..., 1., 1., 1.])
loss:  tensor(0.6701, grad_fn=<MeanBackward0>) l2:  tensor(0.3045, grad_fn=<AddBackward0>) l2*coef tensor(9.1352e-05, grad_fn=<MulBackward0>)
self.sigmoid(preds):  tensor([0.9627, 0.4955, 0.6227,  ..., 0.3996, 0.3427, 0.3427],
       grad_fn=<SigmoidBackward0>)
target:  tensor([0., 1., 0.,  ..., 1., 1., 1.])
loss:  tensor(0.6857, grad_fn=<MeanBackward0>) l2:  tensor(0.3030, grad_fn=<AddBackward0>) l2*coef tensor(9.0913e-05, grad_fn=<MulBackward0>)
self.sigmoid(preds):  tensor([0.4867, 0.2106, 0.2106,  ..., 0.0153, 0.0153, 0.0858],
       grad_fn=<SigmoidBackward0>)
target:  tensor([0., 0., 1.,  ..., 0., 0., 1.])
loss:  tensor(0.6885, grad_fn=<MeanBackward0>) l2:  tensor(0.3018, grad_fn=<AddBackward0>) l2*coef tensor(9.0545e-05, grad_fn=<MulBackward0>)
self.sigmoid(preds):  tensor([0.6694, 0.9197, 0.1665,  ..., 0.4815, 0.7126, 0.4815],
       grad_fn=<SigmoidBackward0>)
target:  tensor([1., 1., 1.,  ..., 1., 1., 0.])
loss:  tensor(0.6676, grad_fn=<MeanBackward0>) l2:  tensor(0.3005, grad_fn=<AddBackward0>) l2*coef tensor(9.0163e-05, grad_fn=<MulBackward0>)
self.sigmoid(preds):  tensor([0.1228, 0.0171, 0.0757,  ..., 0.7087, 0.8577, 0.7101],
       grad_fn=<SigmoidBackward0>)
target:  tensor([1., 1., 1.,  ..., 1., 1., 1.])
loss:  tensor(0.6653, grad_fn=<MeanBackward0>) l2:  tensor(0.2992, grad_fn=<AddBackward0>) l2*coef tensor(8.9752e-05, grad_fn=<MulBackward0>)
self.sigmoid(preds):  tensor([0.9325, 0.0898, 0.5032,  ..., 0.0396, 0.1768, 0.1768],
       grad_fn=<SigmoidBackward0>)
target:  tensor([0., 1., 0.,  ..., 1., 1., 1.])
loss:  tensor(0.6810, grad_fn=<MeanBackward0>) l2:  tensor(0.2977, grad_fn=<AddBackward0>) l2*coef tensor(8.9312e-05, grad_fn=<MulBackward0>)
self.sigmoid(preds):  tensor([0.0066, 0.0113, 0.0060,  ..., 0.1605, 0.4332, 0.0520],
       grad_fn=<SigmoidBackward0>)
target:  tensor([1., 0., 0.,  ..., 1., 1., 1.])
loss:  tensor(0.6572, grad_fn=<MeanBackward0>) l2:  tensor(0.2964, grad_fn=<AddBackward0>) l2*coef tensor(8.8911e-05, grad_fn=<MulBackward0>)
Iteration 20, loss: 0.6730458348989486
self.sigmoid(preds):  tensor([0.5466, 0.0137, 0.0816,  ..., 0.0511, 0.3983, 0.6368],
       grad_fn=<SigmoidBackward0>)
target:  tensor([1., 0., 0.,  ..., 0., 0., 0.])
loss:  tensor(0.6649, grad_fn=<MeanBackward0>) l2:  tensor(0.2953, grad_fn=<AddBackward0>) l2*coef tensor(8.8601e-05, grad_fn=<MulBackward0>)
self.sigmoid(preds):  tensor([0.1562, 0.4422, 0.1529,  ..., 0.4756, 0.6958, 0.4756],
       grad_fn=<SigmoidBackward0>)
target:  tensor([1., 1., 1.,  ..., 1., 1., 1.])
loss:  tensor(0.6569, grad_fn=<MeanBackward0>) l2:  tensor(0.2944, grad_fn=<AddBackward0>) l2*coef tensor(8.8331e-05, grad_fn=<MulBackward0>)
self.sigmoid(preds):  tensor([0.9462, 0.0641, 0.6138,  ..., 0.1893, 0.8140, 0.4459],
       grad_fn=<SigmoidBackward0>)
target:  tensor([1., 1., 1.,  ..., 0., 1., 0.])
loss:  tensor(0.6670, grad_fn=<MeanBackward0>) l2:  tensor(0.2935, grad_fn=<AddBackward0>) l2*coef tensor(8.8054e-05, grad_fn=<MulBackward0>)
self.sigmoid(preds):  tensor([0.8812, 0.1031, 0.9456,  ..., 0.4090, 0.0528, 0.5958],
       grad_fn=<SigmoidBackward0>)
target:  tensor([1., 1., 0.,  ..., 1., 0., 1.])
loss:  tensor(0.6780, grad_fn=<MeanBackward0>) l2:  tensor(0.2926, grad_fn=<AddBackward0>) l2*coef tensor(8.7783e-05, grad_fn=<MulBackward0>)
self.sigmoid(preds):  tensor([0.7052, 0.4018, 0.2537,  ..., 0.3231, 0.3015, 0.0182],
       grad_fn=<SigmoidBackward0>)
target:  tensor([1., 0., 0.,  ..., 0., 0., 1.])
loss:  tensor(0.6639, grad_fn=<MeanBackward0>) l2:  tensor(0.2917, grad_fn=<AddBackward0>) l2*coef tensor(8.7499e-05, grad_fn=<MulBackward0>)
self.sigmoid(preds):  tensor([0.2363, 0.0392, 0.6000,  ..., 0.9439, 0.2352, 0.6154],
       grad_fn=<SigmoidBackward0>)
target:  tensor([0., 0., 0.,  ..., 1., 1., 1.])
loss:  tensor(0.6780, grad_fn=<MeanBackward0>) l2:  tensor(0.2907, grad_fn=<AddBackward0>) l2*coef tensor(8.7222e-05, grad_fn=<MulBackward0>)
self.sigmoid(preds):  tensor([0.5094, 0.3953, 0.2321,  ..., 0.1908, 0.0826, 0.4335],
       grad_fn=<SigmoidBackward0>)
target:  tensor([1., 1., 1.,  ..., 1., 0., 1.])
loss:  tensor(0.6711, grad_fn=<MeanBackward0>) l2:  tensor(0.2902, grad_fn=<AddBackward0>) l2*coef tensor(8.7072e-05, grad_fn=<MulBackward0>)
self.sigmoid(preds):  tensor([0.0102, 0.1847, 0.4361,  ..., 0.6262, 0.8771, 0.5783],
       grad_fn=<SigmoidBackward0>)
target:  tensor([1., 1., 1.,  ..., 1., 1., 0.])
loss:  tensor(0.6634, grad_fn=<MeanBackward0>) l2:  tensor(0.2898, grad_fn=<AddBackward0>) l2*coef tensor(8.6939e-05, grad_fn=<MulBackward0>)
self.sigmoid(preds):  tensor([0.8834, 0.0859, 0.7793,  ..., 0.0598, 0.1990, 0.0598],
       grad_fn=<SigmoidBackward0>)
target:  tensor([0., 1., 1.,  ..., 0., 0., 0.])
loss:  tensor(0.6819, grad_fn=<MeanBackward0>) l2:  tensor(0.2893, grad_fn=<AddBackward0>) l2*coef tensor(8.6778e-05, grad_fn=<MulBackward0>)
self.sigmoid(preds):  tensor([0.0698, 0.0698, 0.0698,  ..., 0.1243, 0.0791, 0.3328],
       grad_fn=<SigmoidBackward0>)
target:  tensor([1., 1., 0.,  ..., 1., 0., 0.])
loss:  tensor(0.6657, grad_fn=<MeanBackward0>) l2:  tensor(0.2888, grad_fn=<AddBackward0>) l2*coef tensor(8.6648e-05, grad_fn=<MulBackward0>)
Iteration 30, loss: 0.6717501084009806
self.sigmoid(preds):  tensor([0.7453, 0.5455, 0.3577,  ..., 0.1690, 0.5458, 0.6612],
       grad_fn=<SigmoidBackward0>)
target:  tensor([1., 1., 0.,  ..., 1., 1., 0.])
loss:  tensor(0.6619, grad_fn=<MeanBackward0>) l2:  tensor(0.2887, grad_fn=<AddBackward0>) l2*coef tensor(8.6611e-05, grad_fn=<MulBackward0>)
self.sigmoid(preds):  tensor([0.5942, 0.0117, 0.6828,  ..., 0.7410, 0.0595, 0.0065],
       grad_fn=<SigmoidBackward0>)
target:  tensor([0., 1., 1.,  ..., 1., 1., 1.])
loss:  tensor(0.6639, grad_fn=<MeanBackward0>) l2:  tensor(0.2885, grad_fn=<AddBackward0>) l2*coef tensor(8.6542e-05, grad_fn=<MulBackward0>)
self.sigmoid(preds):  tensor([0.3657, 0.7976, 0.3657,  ..., 0.2900, 0.8642, 0.0585],
       grad_fn=<SigmoidBackward0>)
target:  tensor([0., 1., 1.,  ..., 1., 0., 1.])
loss:  tensor(0.6723, grad_fn=<MeanBackward0>) l2:  tensor(0.2882, grad_fn=<AddBackward0>) l2*coef tensor(8.6453e-05, grad_fn=<MulBackward0>)
self.sigmoid(preds):  tensor([0.2620, 0.4788, 0.7783,  ..., 0.0631, 0.0180, 0.2084],
       grad_fn=<SigmoidBackward0>)
target:  tensor([0., 0., 0.,  ..., 0., 0., 0.])
loss:  tensor(0.6692, grad_fn=<MeanBackward0>) l2:  tensor(0.2877, grad_fn=<AddBackward0>) l2*coef tensor(8.6323e-05, grad_fn=<MulBackward0>)
self.sigmoid(preds):  tensor([0.8229, 0.0023, 0.3118,  ..., 0.7562, 0.0657, 0.0483],
       grad_fn=<SigmoidBackward0>)
target:  tensor([1., 1., 1.,  ..., 0., 0., 0.])
loss:  tensor(0.6632, grad_fn=<MeanBackward0>) l2:  tensor(0.2874, grad_fn=<AddBackward0>) l2*coef tensor(8.6233e-05, grad_fn=<MulBackward0>)
self.sigmoid(preds):  tensor([0.7935, 0.0094, 0.3470,  ..., 0.0256, 0.1335, 0.8301],
       grad_fn=<SigmoidBackward0>)
target:  tensor([1., 1., 1.,  ..., 0., 1., 0.])
loss:  tensor(0.6712, grad_fn=<MeanBackward0>) l2:  tensor(0.2870, grad_fn=<AddBackward0>) l2*coef tensor(8.6095e-05, grad_fn=<MulBackward0>)
self.sigmoid(preds):  tensor([0.9548, 0.0843, 0.0796,  ..., 0.9510, 0.0151, 0.3177],
       grad_fn=<SigmoidBackward0>)
target:  tensor([1., 0., 0.,  ..., 1., 1., 0.])
loss:  tensor(0.6643, grad_fn=<MeanBackward0>) l2:  tensor(0.2863, grad_fn=<AddBackward0>) l2*coef tensor(8.5903e-05, grad_fn=<MulBackward0>)
self.sigmoid(preds):  tensor([0.0540, 0.0540, 0.1285,  ..., 0.4125, 0.5515, 0.5515],
       grad_fn=<SigmoidBackward0>)
target:  tensor([0., 0., 0.,  ..., 0., 1., 1.])
loss:  tensor(0.6798, grad_fn=<MeanBackward0>) l2:  tensor(0.2858, grad_fn=<AddBackward0>) l2*coef tensor(8.5753e-05, grad_fn=<MulBackward0>)
self.sigmoid(preds):  tensor([0.0218, 0.8531, 0.0421,  ..., 0.0204, 0.3651, 0.7664],
       grad_fn=<SigmoidBackward0>)
target:  tensor([0., 0., 0.,  ..., 1., 0., 1.])
loss:  tensor(0.6865, grad_fn=<MeanBackward0>) l2:  tensor(0.2856, grad_fn=<AddBackward0>) l2*coef tensor(8.5672e-05, grad_fn=<MulBackward0>)
self.sigmoid(preds):  tensor([9.9774e-01, 2.1961e-01, 1.0977e-03, 8.5681e-02, 6.1544e-02, 5.1057e-02,
        1.3697e-01, 1.3582e-02, 7.0352e-03, 1.2277e-01, 1.9477e-03, 7.2941e-02,
        1.1691e-01, 2.3693e-01, 3.0886e-02, 1.3188e-01, 5.3520e-01, 3.0886e-02,
        1.3188e-01, 7.2941e-02, 6.6463e-01, 9.8227e-03, 9.1393e-02, 6.3471e-02,
        4.8725e-01, 5.8866e-03, 1.3640e-01, 1.3531e-02, 3.3988e-04, 8.0233e-03,
        3.3096e-01, 9.1146e-01, 8.1336e-01, 5.7298e-01, 4.6196e-01, 7.8554e-01,
        1.1211e-01, 1.2187e-01, 2.8318e-01, 6.1963e-01, 5.4663e-01, 1.4010e-01,
        3.0968e-02, 5.4663e-01, 1.1831e-01, 7.4000e-01, 4.6376e-02, 8.0033e-01,
        3.6176e-01, 6.1409e-01, 5.6803e-01, 4.3533e-01, 1.2488e-01, 2.4866e-01,
        4.0210e-01, 1.0312e-01, 8.8279e-01, 5.6803e-01, 5.6803e-01, 3.9707e-01,
        5.9480e-01, 4.1595e-01, 2.7535e-01, 9.8658e-01, 9.5740e-01, 5.1627e-01,
        7.9106e-01, 3.8801e-02, 8.2774e-01, 9.7162e-01, 2.5672e-01, 7.8427e-02,
        1.9421e-01, 5.9056e-02, 1.4625e-01, 3.0237e-02, 5.1190e-02, 2.9427e-01,
        4.4546e-03, 1.0902e-02, 2.1282e-01, 5.8345e-01, 6.5912e-02, 3.3324e-02,
        1.4234e-02, 6.5028e-02, 2.4941e-01, 4.4397e-01, 3.6824e-02, 3.9929e-02,
        3.9074e-02, 2.2638e-01, 3.5071e-01, 7.2070e-01, 4.4451e-01, 6.6755e-02,
        4.5435e-01, 4.4451e-01, 5.4174e-02, 2.1877e-02, 1.2602e-01, 4.6612e-01,
        3.2296e-01, 2.3025e-01, 8.9780e-01, 3.2296e-01, 8.2548e-01, 3.6699e-02,
        7.9537e-01, 4.4477e-01, 7.5870e-01, 3.8806e-01, 5.6604e-01, 9.2291e-01,
        8.1964e-02, 7.1987e-01, 4.3745e-01, 3.9300e-01, 6.3737e-01, 6.1685e-01,
        9.4643e-02, 3.5286e-02, 4.9472e-01, 9.6914e-01, 2.9621e-02, 4.9472e-01,
        7.3943e-02, 8.3909e-01, 4.1918e-01, 4.9472e-01, 6.1707e-01, 4.3019e-02,
        2.4076e-02, 4.2009e-01, 2.2071e-01, 5.9698e-02, 1.0369e-01, 6.8989e-01,
        6.4390e-01, 7.3565e-02, 2.2497e-01, 3.6884e-02, 5.0600e-01, 8.4491e-01,
        1.0913e-02, 5.9473e-01, 1.6079e-02, 3.0230e-02, 7.4334e-01, 7.4334e-01,
        8.8364e-01, 1.1112e-01, 7.4914e-02, 4.2052e-01, 4.7798e-01, 8.2452e-01,
        7.3480e-01, 8.4487e-01, 4.7178e-01, 2.6287e-01, 9.2575e-02, 1.2674e-01,
        1.3843e-01, 5.4228e-02, 2.0191e-01, 1.2674e-01, 4.1766e-01, 2.0191e-01,
        2.4070e-01, 4.1766e-01, 5.1540e-02, 1.0255e-01, 3.8015e-01, 1.0255e-01,
        3.8015e-01, 5.0010e-01, 7.4040e-02, 3.4152e-01, 7.6701e-01, 5.1869e-01,
        6.0294e-02, 5.7730e-01, 2.5465e-01, 5.7730e-01, 3.0491e-02, 8.3483e-01,
        6.3632e-02, 4.2835e-01, 5.7730e-01, 4.2835e-01, 5.6432e-02, 7.7907e-01,
        2.3290e-02, 8.9777e-02, 3.5651e-01, 9.4346e-02, 6.3272e-01, 1.3978e-01,
        1.3978e-01, 1.3978e-01, 3.8897e-02, 2.1947e-01, 4.9261e-02, 5.1530e-03,
        2.3050e-02, 9.2999e-01, 6.1214e-01, 8.8362e-03, 9.3535e-01, 3.3142e-01,
        3.2490e-01, 4.9489e-01, 4.9489e-01, 7.4259e-01, 7.1174e-01, 6.7076e-01,
        4.9489e-01, 9.0299e-01, 3.8288e-02, 2.7443e-01, 3.9822e-02, 9.6037e-01,
        6.7247e-01, 3.4882e-03, 4.9625e-01, 8.1758e-01, 6.7247e-01, 9.2081e-01,
        1.5410e-01, 2.7795e-01, 1.1136e-01, 8.9887e-01, 5.9120e-01, 1.1136e-01,
        5.9120e-01, 5.9120e-01, 3.6766e-01, 5.5656e-01, 5.9120e-01, 7.8467e-01,
        5.1545e-01, 3.0489e-01, 4.9585e-02, 5.1545e-01, 5.1545e-01, 9.9010e-01,
        4.9585e-02, 8.9807e-01, 1.8917e-01, 5.1545e-01, 7.9585e-01, 5.9831e-02,
        4.6600e-01, 7.5374e-01, 3.5497e-01, 4.6600e-01, 4.6600e-01, 1.2127e-01,
        8.8841e-01, 7.6598e-01, 5.5635e-01, 6.0576e-02, 2.6977e-01, 1.4652e-01,
        1.6207e-01, 3.2631e-01, 6.0576e-02, 3.9508e-01, 5.5886e-01, 7.9994e-02,
        4.1921e-01, 3.5669e-01, 4.5054e-02, 8.6781e-02, 5.8049e-01, 8.6049e-01,
        1.3631e-01, 4.5054e-02, 5.2265e-03, 8.6049e-01, 2.0050e-01, 4.4741e-01,
        7.5779e-01, 2.0050e-01, 1.1643e-01, 8.6399e-01, 2.0050e-01, 8.6837e-01,
        9.7174e-01, 7.5779e-01, 2.9515e-01, 4.9742e-01, 6.1246e-01, 4.8726e-01,
        2.8254e-04, 8.9936e-02, 7.7721e-01, 1.1712e-01, 8.9936e-02, 6.6669e-01,
        4.9476e-02, 5.2897e-02, 5.2897e-02, 5.2897e-02, 3.3997e-02, 5.2039e-01,
        5.2897e-02, 5.2897e-02, 7.1567e-03, 5.2897e-02, 1.3433e-02, 9.5332e-02,
        4.1072e-03, 1.5233e-01, 4.1228e-01, 1.3433e-02, 1.3433e-02, 4.1271e-01,
        2.6720e-02, 2.6361e-01, 1.2171e-02, 7.9726e-04, 5.3509e-01, 1.4224e-01,
        2.0579e-01, 4.0397e-02, 6.6404e-01, 1.7198e-02, 5.6966e-01, 8.1215e-01,
        6.3206e-03, 3.8566e-01, 8.6412e-01, 2.6215e-03, 3.4265e-02, 6.0653e-01,
        1.1932e-01, 5.6866e-01, 6.6897e-01, 5.9986e-02, 9.5845e-01, 3.5218e-02,
        3.5218e-02, 4.5792e-02, 3.5218e-02, 3.5218e-02, 1.6283e-03, 3.5218e-02,
        7.4913e-03, 2.3084e-02, 5.0508e-02, 2.8942e-01, 7.4350e-01, 3.2783e-01,
        4.7760e-02, 9.4449e-01, 7.8515e-01, 5.0508e-02, 1.2190e-02, 1.2266e-01,
        2.5192e-02, 6.9701e-01, 1.6589e-01, 9.3259e-01, 9.3026e-01, 3.1073e-01,
        3.1073e-01, 2.5170e-01, 2.9569e-02, 6.1842e-02, 9.5861e-01, 9.9104e-01,
        7.5493e-03, 4.0868e-02, 7.2608e-01, 3.2807e-01, 8.0960e-02, 8.0960e-02,
        9.1290e-02, 2.7228e-02, 5.5093e-02, 4.2408e-01, 9.0678e-01, 4.2408e-01,
        3.2288e-01, 4.2408e-01, 5.7143e-01, 5.7143e-01, 4.2408e-01, 4.2408e-01,
        1.2936e-01, 8.7584e-01, 5.6869e-01, 8.6615e-01, 8.7584e-01, 4.2757e-01,
        2.4157e-01, 4.2757e-01, 2.5219e-01, 1.1380e-01, 1.6484e-01, 2.1876e-02,
        2.1876e-02, 5.9480e-02, 5.6113e-01, 3.5066e-02, 7.4838e-02, 1.3368e-01,
        1.6484e-01, 2.7367e-01, 1.7766e-02, 8.2828e-01, 8.2131e-01, 9.3810e-01,
        6.9740e-01, 7.7215e-01, 9.7624e-01, 8.2828e-01, 7.6816e-02, 1.1931e-01,
        8.1637e-01, 1.0947e-01, 4.7202e-01, 2.7770e-01, 7.1565e-01, 5.0807e-02,
        2.6841e-01, 2.9143e-02, 7.3081e-01, 9.1970e-02, 9.3795e-01, 6.5524e-01,
        3.9626e-01, 1.0678e-01, 4.0613e-01, 1.0292e-01, 8.5476e-01, 6.5766e-01,
        6.5524e-01, 1.8249e-01, 3.0686e-02, 5.6111e-01, 1.3595e-01, 5.2006e-02,
        7.1181e-01, 1.3595e-01, 5.6105e-01, 2.9433e-01, 5.1781e-01, 7.5294e-02,
        4.3861e-01, 4.0575e-01, 5.6779e-01, 9.6192e-01, 9.7249e-02, 7.7125e-01,
        1.1098e-01, 3.9998e-02, 9.1247e-02, 9.2863e-02, 6.7562e-04, 1.3358e-01,
        1.1115e-02, 3.5421e-02, 1.3986e-02, 5.2166e-04, 4.7937e-01, 5.0790e-03,
        3.5421e-02, 2.5344e-01, 3.9048e-01, 8.9475e-01, 8.7647e-01, 3.9048e-01,
        1.4952e-01, 6.6070e-01, 9.7064e-04, 2.2777e-02, 5.3142e-01, 5.3142e-01,
        5.6750e-01, 5.2425e-01, 4.0196e-01, 3.8143e-01, 1.6516e-01, 5.6750e-01,
        3.8143e-01, 3.8143e-01, 3.8143e-01, 5.6750e-01, 9.2464e-01, 1.0834e-02,
        7.8411e-02, 3.3457e-02, 5.3215e-01, 7.8411e-02, 4.0744e-01, 3.3457e-02,
        7.4673e-01, 8.3051e-02, 8.5271e-01, 8.8347e-01, 8.7865e-01, 2.5048e-01,
        8.7865e-01, 1.6517e-01, 1.3932e-01, 3.5691e-01, 2.5966e-01, 4.7802e-01,
        2.4723e-02, 2.4863e-02, 4.5463e-02, 1.7371e-01, 4.4998e-03, 6.2620e-02,
        4.5463e-02, 2.4723e-02, 4.3723e-04, 2.4723e-02, 6.5842e-01, 1.4409e-01,
        5.2591e-01, 1.8223e-03, 4.2919e-02, 6.3492e-01, 2.3534e-02, 6.4220e-01,
        3.0720e-01, 3.0471e-01, 3.5262e-02, 2.4955e-01, 8.0156e-01, 2.6434e-01,
        6.5154e-01, 8.9759e-01, 2.3875e-02, 7.2158e-01, 3.6760e-02, 3.6760e-02,
        1.9521e-01, 1.6321e-02, 1.6321e-02, 1.6321e-02, 2.5466e-01, 7.7333e-04,
        7.9070e-03, 7.7333e-04, 1.9521e-01, 3.2943e-03, 3.6853e-01, 1.5210e-01,
        1.5210e-01, 1.5210e-01, 1.5210e-01, 7.1594e-01, 1.5210e-01, 6.0939e-02,
        4.0782e-02, 4.0782e-02, 1.9313e-01, 2.5986e-02, 2.5986e-02, 1.3230e-02,
        6.1575e-02, 1.9313e-01, 1.6325e-01, 1.3230e-02, 1.5889e-01, 5.2336e-04,
        5.3607e-01, 5.3607e-01, 5.3607e-01, 5.3607e-01, 7.9082e-01, 1.2805e-01,
        5.3607e-01, 7.7093e-01, 2.9605e-01, 9.0224e-01, 2.7058e-01, 1.3937e-02,
        6.1772e-01, 2.7058e-01, 4.2737e-01, 2.7058e-01, 4.2737e-01, 2.7058e-01,
        1.3937e-02, 2.7207e-02, 9.7333e-01, 5.0043e-01, 8.9977e-01, 9.4077e-01,
        5.0043e-01, 9.5426e-01, 3.1751e-01, 1.9191e-01, 8.2593e-01, 3.1751e-01,
        4.9861e-01, 3.1434e-01, 6.3781e-01, 6.2319e-01, 6.3781e-01, 7.6660e-01,
        8.9982e-01, 4.8737e-01, 6.3781e-01, 6.3781e-01, 7.8199e-01, 6.5332e-01,
        6.5332e-01, 6.1941e-01, 6.5332e-01, 6.5332e-01, 1.8988e-01, 9.7804e-01,
        6.5332e-01, 6.5332e-01, 5.6186e-02, 5.1874e-01, 8.9044e-01, 9.7217e-01,
        5.4184e-02, 9.1543e-01, 1.2819e-02, 1.9477e-01, 5.1874e-01, 7.0725e-01,
        1.6318e-01, 6.5301e-01, 9.8237e-01, 3.3848e-01, 4.4052e-01, 7.1970e-01,
        6.5301e-01, 6.0160e-01, 4.4052e-01, 6.0730e-03, 5.4564e-01, 6.6046e-02,
        3.3985e-01, 6.6046e-02, 9.3880e-01, 6.6046e-02, 5.2506e-01, 6.6046e-02,
        5.3129e-01, 2.5951e-02, 2.9467e-01, 1.0557e-01, 4.3196e-01, 2.6861e-02,
        2.7939e-01, 2.6861e-02, 1.3878e-02, 4.3196e-01, 4.3065e-01, 1.1695e-03,
        3.6729e-01, 6.3013e-01, 5.8363e-01, 8.2680e-01, 7.6231e-01, 5.8363e-01,
        6.3013e-01, 6.3013e-01, 4.8489e-01, 6.3013e-01, 3.5473e-03, 8.4750e-01,
        7.4926e-02, 1.6530e-03, 2.5155e-02, 1.3054e-02, 3.7457e-02, 6.7613e-01,
        6.0136e-02, 4.3596e-03, 6.9813e-01, 9.6909e-01, 3.3255e-02, 8.9300e-01,
        8.1270e-01, 2.0047e-01, 9.9626e-01, 3.3204e-01, 2.0607e-02, 1.3140e-02,
        6.2955e-01, 5.4508e-03, 3.4355e-01, 3.4355e-01, 1.7682e-01, 6.0849e-01,
        3.4355e-01, 3.4355e-01, 3.4355e-01, 8.2495e-03, 6.0082e-01, 4.7618e-02,
        8.3049e-03, 5.2102e-01, 1.0567e-03, 5.2512e-02, 1.9100e-01, 8.5800e-01,
        8.5800e-01, 6.6153e-01, 3.0726e-02, 9.3510e-01, 8.6748e-01, 2.0851e-01,
        3.2708e-01, 5.2111e-01, 1.5733e-02, 3.5383e-01, 8.0426e-02, 7.1043e-02,
        1.2183e-02, 4.8307e-01, 1.2183e-02, 2.5188e-01, 4.8307e-01, 2.5374e-01,
        1.4003e-02, 4.8580e-01, 4.8307e-01, 5.1332e-04, 1.8040e-01, 4.0842e-01,
        1.6186e-01, 7.6821e-01, 3.6474e-01, 9.2513e-01, 1.3133e-01, 4.0842e-01,
        4.3694e-02, 2.7278e-01, 3.2456e-03, 6.9865e-01, 4.7981e-01, 5.2091e-02,
        5.2091e-02, 5.6412e-03, 4.7981e-01, 2.7838e-03, 3.1578e-02, 9.7969e-02,
        9.3518e-01, 7.4943e-01, 3.4723e-02, 3.1009e-02, 2.0145e-02, 1.4943e-01,
        7.6756e-02, 7.6756e-02, 7.8448e-01, 5.2836e-01, 4.5931e-01, 4.2085e-02,
        8.3512e-02, 4.5931e-01, 6.0073e-01, 2.9693e-01, 4.6915e-01, 4.5931e-01,
        1.3896e-01, 8.2471e-01, 9.2275e-02, 2.7951e-01, 1.4287e-01, 5.1791e-01,
        2.2693e-02, 8.1105e-01, 3.4380e-02, 6.5084e-01, 9.1761e-01, 7.1939e-01,
        1.2126e-02, 3.5079e-01, 5.5554e-02, 5.5554e-02, 3.1646e-01, 6.9186e-02,
        8.6214e-01, 6.8898e-01, 2.9261e-01, 5.6593e-02, 2.1271e-01, 2.9337e-02,
        2.9337e-02, 2.9337e-02, 2.9337e-02, 5.8463e-02, 2.9337e-02, 7.7185e-02,
        3.0063e-01, 1.4553e-02, 7.1393e-01, 2.2855e-02, 7.0444e-04, 3.8694e-01,
        3.8694e-01, 6.9306e-03, 7.6871e-01, 3.5449e-03, 3.8694e-01, 7.1547e-01,
        3.7453e-01, 6.0025e-02, 3.7453e-01, 3.7453e-01, 3.7453e-01, 1.0890e-01,
        5.0736e-02, 5.1784e-01, 5.2598e-02, 5.0736e-02, 8.2071e-02, 7.0650e-02,
        2.1344e-04, 1.6900e-01, 5.1108e-02, 7.0650e-02, 2.5863e-03, 4.7922e-02,
        9.1881e-02, 1.2847e-01, 1.6168e-02, 1.2915e-01, 5.2734e-02, 3.6665e-01,
        2.9507e-02, 2.3148e-02, 2.9507e-02, 4.3166e-01, 1.6168e-02, 1.2915e-01,
        8.7308e-01, 9.7667e-02, 4.5915e-01, 3.8374e-01, 7.4458e-01, 5.4457e-01,
        9.0626e-02, 9.0626e-02, 4.8317e-01, 8.8338e-01, 7.1580e-01, 8.9134e-01,
        5.4907e-01, 3.3443e-01, 4.7618e-01, 6.5719e-02, 9.0367e-02, 4.9894e-02,
        7.4210e-01, 2.9986e-02], grad_fn=<SigmoidBackward0>)
target:  tensor([0., 0., 1., 0., 0., 0., 0., 0., 0., 0., 0., 0., 0., 0., 0., 1., 1., 0.,
        1., 0., 0., 0., 0., 0., 0., 0., 0., 0., 0., 0., 0., 1., 1., 1., 1., 1.,
        1., 1., 1., 1., 1., 1., 0., 1., 1., 0., 1., 1., 1., 1., 0., 0., 1., 0.,
        1., 1., 1., 0., 0., 0., 1., 1., 1., 1., 1., 1., 1., 0., 0., 1., 0., 0.,
        0., 0., 1., 1., 0., 1., 0., 0., 1., 1., 0., 1., 1., 1., 1., 0., 1., 1.,
        0., 1., 1., 0., 1., 0., 0., 1., 0., 0., 1., 0., 0., 1., 1., 0., 1., 0.,
        1., 1., 0., 1., 1., 1., 1., 1., 1., 1., 1., 0., 1., 1., 1., 1., 1., 1.,
        0., 1., 1., 1., 0., 0., 1., 1., 1., 1., 0., 1., 1., 0., 0., 1., 1., 1.,
        0., 1., 0., 0., 1., 1., 1., 1., 1., 0., 0., 0., 1., 0., 1., 1., 0., 1.,
        0., 1., 1., 1., 0., 0., 0., 0., 1., 0., 1., 1., 1., 1., 1., 1., 0., 0.,
        1., 1., 1., 1., 1., 1., 1., 1., 1., 1., 1., 1., 1., 0., 1., 1., 1., 1.,
        1., 1., 1., 0., 0., 0., 1., 1., 1., 1., 1., 1., 1., 1., 1., 1., 0., 1.,
        1., 1., 0., 0., 1., 1., 1., 1., 1., 0., 1., 1., 0., 0., 1., 0., 1., 1.,
        0., 1., 0., 1., 0., 1., 1., 0., 0., 0., 0., 0., 1., 0., 1., 1., 1., 1.,
        1., 1., 1., 1., 1., 0., 1., 1., 1., 0., 0., 0., 0., 0., 0., 0., 0., 0.,
        1., 1., 1., 0., 1., 1., 0., 1., 1., 1., 1., 1., 1., 1., 1., 1., 1., 1.,
        1., 0., 1., 1., 1., 1., 1., 1., 0., 1., 1., 1., 1., 0., 0., 1., 0., 1.,
        0., 0., 0., 0., 0., 0., 0., 0., 0., 0., 0., 0., 0., 0., 1., 1., 0., 0.,
        0., 1., 0., 1., 1., 1., 1., 1., 1., 0., 0., 0., 0., 1., 0., 0., 0., 0.,
        0., 0., 0., 0., 0., 0., 0., 0., 0., 1., 1., 1., 1., 1., 1., 1., 1., 1.,
        1., 1., 1., 0., 1., 1., 1., 1., 1., 1., 1., 1., 0., 0., 1., 1., 0., 0.,
        0., 0., 0., 0., 1., 1., 1., 1., 1., 1., 1., 0., 1., 1., 1., 1., 1., 1.,
        1., 0., 1., 1., 1., 1., 0., 0., 1., 1., 0., 0., 1., 1., 1., 1., 1., 1.,
        0., 0., 1., 1., 1., 0., 1., 0., 0., 1., 1., 0., 1., 1., 0., 0., 1., 1.,
        1., 1., 1., 1., 1., 1., 1., 1., 0., 0., 1., 0., 0., 0., 0., 0., 0., 0.,
        1., 0., 0., 1., 0., 1., 1., 1., 0., 0., 0., 0., 0., 0., 0., 1., 0., 0.,
        1., 0., 1., 0., 1., 0., 0., 1., 0., 1., 0., 1., 0., 1., 1., 1., 0., 0.,
        0., 0., 0., 0., 1., 0., 0., 1., 1., 0., 0., 1., 0., 1., 1., 1., 1., 0.,
        1., 0., 1., 1., 1., 0., 1., 1., 1., 1., 1., 1., 1., 0., 1., 0., 0., 1.,
        1., 1., 0., 1., 0., 0., 1., 1., 1., 1., 1., 1., 1., 1., 1., 0., 1., 1.,
        0., 0., 0., 0., 0., 0., 0., 1., 0., 0., 1., 1., 1., 0., 1., 1., 1., 0.,
        1., 0., 0., 1., 1., 1., 0., 1., 1., 0., 1., 0., 1., 1., 0., 1., 1., 0.,
        1., 1., 0., 1., 0., 0., 0., 1., 0., 0., 0., 0., 0., 0., 1., 1., 1., 1.,
        1., 1., 1., 1., 1., 1., 1., 1., 1., 0., 0., 0., 1., 1., 1., 1., 0., 1.,
        0., 0., 0., 1., 0., 0., 0., 0., 0., 0., 0., 0., 1., 1., 0., 1., 1., 1.,
        1., 1., 1., 1., 1., 1., 1., 1., 1., 1., 0., 1., 0., 0., 0., 1., 1., 0.,
        1., 0., 0., 0., 1., 1., 1., 0., 0., 0., 1., 0., 1., 1., 1., 0., 1., 1.,
        1., 1., 1., 1., 1., 1., 0., 0., 0., 0., 0., 1., 1., 0., 1., 0., 0., 0.,
        1., 0., 1., 0., 1., 0., 1., 0., 1., 0., 1., 0., 0., 1., 0., 0., 1., 0.,
        0., 0., 0., 0., 0., 1., 1., 0., 1., 1., 0., 1., 1., 1., 0., 1., 0., 0.,
        0., 1., 0., 1., 1., 1., 1., 1., 1., 1., 1., 1., 1., 1., 1., 1., 1., 1.,
        1., 1., 1., 1., 0., 0., 0., 0., 0., 0., 1., 0., 1., 1., 1., 1., 1., 1.,
        1., 1., 1., 1., 1., 0., 1., 1., 1., 1., 1., 1., 1., 1., 0., 1., 1., 0.,
        1., 1., 1., 1., 1., 0., 0., 1., 1., 1., 1., 1., 1., 1., 1., 1., 0., 0.,
        0., 0., 0., 0., 0., 0., 0., 0., 1., 1., 0., 0., 0., 0., 1., 1., 0., 0.,
        1., 0., 1., 0., 1., 0., 0., 0., 1., 1., 0., 0., 0., 1., 0., 0., 0., 0.,
        0., 0., 1., 0., 1., 0., 1., 1., 0., 0., 0., 0., 1., 1., 1., 1., 1., 1.,
        1., 1., 1., 1., 1., 1., 1., 1., 1., 1., 1., 0., 1., 1.])
loss:  tensor(0.6532, grad_fn=<MeanBackward0>) l2:  tensor(0.2854, grad_fn=<AddBackward0>) l2*coef tensor(8.5622e-05, grad_fn=<MulBackward0>)
Iteration 40, loss: 0.6709738001227379
Epoch 2; time 1.0644
epoch 2 validating; auc: 0.6004
Model (checkpoint) saved to output/ml1m/env/ml1m_user_env_lr0.003_reg0.0003.model
